#
# There is insufficient memory for the Java Runtime Environment to continue.
# Native memory allocation (malloc) failed to allocate 1042096 bytes for Chunk::new
# Possible reasons:
#   The system is out of physical RAM or swap space
#   The process is running with CompressedOops enabled, and the Java Heap may be blocking the growth of the native heap
# Possible solutions:
#   Reduce memory load on the system
#   Increase physical memory or swap space
#   Check if swap backing store is full
#   Decrease Java heap size (-Xmx/-Xms)
#   Decrease number of Java threads
#   Decrease Java thread stack sizes (-Xss)
#   Set larger code cache with -XX:ReservedCodeCacheSize=
#   JVM is running with Unscaled Compressed Oops mode in which the Java heap is
#     placed in the first 4GB address space. The Java Heap base address is the
#     maximum limit for the native heap growth. Please use -XX:HeapBaseMinAddress
#     to set the Java Heap base and to place the Java Heap above 4GB virtual address.
# This output file may be truncated or incomplete.
#
#  Out of Memory Error (./src/hotspot/share/memory/arena.cpp:197), pid=3164, tid=3796
#
# JRE version: OpenJDK Runtime Environment AdoptOpenJDK (11.0.9.1+1) (build 11.0.9.1+1)
# Java VM: OpenJDK 64-Bit Server VM AdoptOpenJDK (11.0.9.1+1, mixed mode, tiered, compressed oops, g1 gc, windows-amd64)
# No core dump will be written. Minidumps are not enabled by default on client versions of Windows
#

---------------  S U M M A R Y ------------

Command Line: -Dfile.encoding=UTF-8 br.hspm.isolamento.IsolamentoApplication

Host: Intel(R) Core(TM) i5-6500 CPU @ 3.20GHz, 4 cores, 7G,  Windows 10 , 64 bit Build 19041 (10.0.19041.662)
Time: Tue Feb 22 16:58:46 2022 E. South America Standard Time elapsed time: 11.886512 seconds (0d 0h 0m 11s)

---------------  T H R E A D  ---------------

Current thread (0x0000025eda72d800):  JavaThread "C2 CompilerThread1" daemon [_thread_in_native, id=3796, stack(0x000000de17700000,0x000000de17800000)]


Current CompileTask:
C2:  11886 5283       4       org.springframework.core.ResolvableType::forType (115 bytes)

Stack: [0x000000de17700000,0x000000de17800000]
Native frames: (J=compiled Java code, j=interpreted, Vv=VM code, C=native code)
V  [jvm.dll+0x5f465a]
V  [jvm.dll+0x77c78e]
V  [jvm.dll+0x77de5f]
V  [jvm.dll+0x77e523]
V  [jvm.dll+0x2477c8]
V  [jvm.dll+0xbe2ec]
V  [jvm.dll+0xbe9ec]
V  [jvm.dll+0x2b69b4]
V  [jvm.dll+0x508bb9]
V  [jvm.dll+0x202beb]
V  [jvm.dll+0x20011f]
V  [jvm.dll+0x184fbc]
V  [jvm.dll+0x20f7f7]
V  [jvm.dll+0x20d9db]
V  [jvm.dll+0x741029]
V  [jvm.dll+0x73a0d4]
V  [jvm.dll+0x5f3586]
C  [ucrtbase.dll+0x214c2]
C  [KERNEL32.DLL+0x17034]
C  [ntdll.dll+0x4d0d1]


---------------  P R O C E S S  ---------------

Threads class SMR info:
_java_thread_list=0x0000025edeb53330, length=18, elements={
0x0000025eba725000, 0x0000025ed8df5800, 0x0000025ed8e24000, 0x0000025ed9636000,
0x0000025ed9638000, 0x0000025ed963a000, 0x0000025ed8e28000, 0x0000025ed8e2a000,
0x0000025ed983c800, 0x0000025ed986d000, 0x0000025eda5cc800, 0x0000025eda5c1800,
0x0000025eda72d800, 0x0000025edc766000, 0x0000025edf5e5800, 0x0000025ede70c800,
0x0000025edcee9800, 0x0000025edc4c1800
}

Java Threads: ( => current thread )
  0x0000025eba725000 JavaThread "main" [_thread_blocked, id=13872, stack(0x000000de16300000,0x000000de16400000)]
  0x0000025ed8df5800 JavaThread "Reference Handler" daemon [_thread_blocked, id=14448, stack(0x000000de16a00000,0x000000de16b00000)]
  0x0000025ed8e24000 JavaThread "Finalizer" daemon [_thread_blocked, id=16868, stack(0x000000de16b00000,0x000000de16c00000)]
  0x0000025ed9636000 JavaThread "Signal Dispatcher" daemon [_thread_blocked, id=2152, stack(0x000000de16c00000,0x000000de16d00000)]
  0x0000025ed9638000 JavaThread "Attach Listener" daemon [_thread_blocked, id=11048, stack(0x000000de16d00000,0x000000de16e00000)]
  0x0000025ed963a000 JavaThread "C2 CompilerThread0" daemon [_thread_in_native, id=5952, stack(0x000000de16e00000,0x000000de16f00000)]
  0x0000025ed8e28000 JavaThread "C1 CompilerThread0" daemon [_thread_blocked, id=14372, stack(0x000000de16f00000,0x000000de17000000)]
  0x0000025ed8e2a000 JavaThread "Sweeper thread" daemon [_thread_blocked, id=1224, stack(0x000000de17000000,0x000000de17100000)]
  0x0000025ed983c800 JavaThread "Service Thread" daemon [_thread_blocked, id=15880, stack(0x000000de17100000,0x000000de17200000)]
  0x0000025ed986d000 JavaThread "Common-Cleaner" daemon [_thread_blocked, id=11752, stack(0x000000de17300000,0x000000de17400000)]
  0x0000025eda5cc800 JavaThread "Thread-0" [_thread_blocked, id=9244, stack(0x000000de17800000,0x000000de17900000)]
  0x0000025eda5c1800 JavaThread "restartedMain" [_thread_in_vm, id=16164, stack(0x000000de17900000,0x000000de17a00000)]
=>0x0000025eda72d800 JavaThread "C2 CompilerThread1" daemon [_thread_in_native, id=3796, stack(0x000000de17700000,0x000000de17800000)]
  0x0000025edc766000 JavaThread "Catalina-utility-1" [_thread_blocked, id=15940, stack(0x000000de17b00000,0x000000de17c00000)]
  0x0000025edf5e5800 JavaThread "Catalina-utility-2" [_thread_blocked, id=15112, stack(0x000000de17c00000,0x000000de17d00000)]
  0x0000025ede70c800 JavaThread "container-0" [_thread_blocked, id=2348, stack(0x000000de17d00000,0x000000de17e00000)]
  0x0000025edcee9800 JavaThread "HikariPool-1 housekeeper" daemon [_thread_blocked, id=11668, stack(0x000000de17f00000,0x000000de18000000)]
  0x0000025edc4c1800 JavaThread "HikariPool-1 connection adder" daemon [_thread_blocked, id=15480, stack(0x000000de18000000,0x000000de18100000)]

Other Threads:
  0x0000025ed8df4800 VMThread "VM Thread" [stack: 0x000000de16900000,0x000000de16a00000] [id=13704]
  0x0000025ed985d800 WatcherThread [stack: 0x000000de17200000,0x000000de17300000] [id=13912]
  0x0000025eba738800 GCTaskThread "GC Thread#0" [stack: 0x000000de16400000,0x000000de16500000] [id=14168]
  0x0000025ed9ca3800 GCTaskThread "GC Thread#1" [stack: 0x000000de17400000,0x000000de17500000] [id=7068]
  0x0000025eda203000 GCTaskThread "GC Thread#2" [stack: 0x000000de17500000,0x000000de17600000] [id=11396]
  0x0000025eda6bf000 GCTaskThread "GC Thread#3" [stack: 0x000000de17a00000,0x000000de17b00000] [id=12776]
  0x0000025eba769000 ConcurrentGCThread "G1 Main Marker" [stack: 0x000000de16500000,0x000000de16600000] [id=12424]
  0x0000025eba76a000 ConcurrentGCThread "G1 Conc#0" [stack: 0x000000de16600000,0x000000de16700000] [id=1928]
  0x0000025ed8c5f800 ConcurrentGCThread "G1 Refine#0" [stack: 0x000000de16700000,0x000000de16800000] [id=15572]
  0x0000025ed99c2000 ConcurrentGCThread "G1 Refine#1" [stack: 0x000000de17600000,0x000000de17700000] [id=16332]
  0x0000025ed8c61000 ConcurrentGCThread "G1 Young RemSet Sampling" [stack: 0x000000de16800000,0x000000de16900000] [id=6880]

Threads with active compile tasks:
C2 CompilerThread0  12005 5254       4       org.springframework.core.annotation.TypeMappedAnnotations::get (52 bytes)
C2 CompilerThread1  12005 5283       4       org.springframework.core.ResolvableType::forType (115 bytes)

VM state:not at safepoint (normal execution)

VM Mutex/Monitor currently owned by a thread: None

Heap address: 0x0000000081e00000, size: 2018 MB, Compressed Oops mode: 32-bit
Narrow klass base: 0x0000000000000000, Narrow klass shift: 3
Compressed class space size: 1073741824 Address: 0x0000000100000000

Heap:
 garbage-first heap   total 157696K, used 79563K [0x0000000081e00000, 0x0000000100000000)
  region size 1024K, 65 young (66560K), 9 survivors (9216K)
 Metaspace       used 64536K, capacity 66247K, committed 66304K, reserved 1105920K
  class space    used 8264K, capacity 8915K, committed 8960K, reserved 1048576K
Heap Regions: E=young(eden), S=young(survivor), O=old, HS=humongous(starts), HC=humongous(continues), CS=collection set, F=free, A=archive, TAMS=top-at-mark-start (previous, next)
|   0|0x0000000081e00000, 0x0000000081f00000, 0x0000000081f00000|100%|HS|  |TAMS 0x0000000081f00000, 0x0000000081e00000| Complete 
|   1|0x0000000081f00000, 0x0000000082000000, 0x0000000082000000|100%| O|  |TAMS 0x0000000082000000, 0x0000000081f00000| Untracked 
|   2|0x0000000082000000, 0x0000000082100000, 0x0000000082100000|100%| O|  |TAMS 0x0000000082100000, 0x0000000082000000| Untracked 
|   3|0x0000000082100000, 0x0000000082200000, 0x0000000082200000|100%| O|  |TAMS 0x0000000082200000, 0x0000000082100000| Untracked 
|   4|0x0000000082200000, 0x0000000082300000, 0x0000000082300000|100%| O|  |TAMS 0x0000000082300000, 0x0000000082200000| Untracked 
|   5|0x0000000082300000, 0x0000000082400000, 0x0000000082400000|100%| O|  |TAMS 0x0000000082400000, 0x0000000082300000| Untracked 
|   6|0x0000000082400000, 0x0000000082500000, 0x0000000082500000|100%| O|  |TAMS 0x0000000082500000, 0x0000000082400000| Untracked 
|   7|0x0000000082500000, 0x0000000082600000, 0x0000000082600000|100%| O|  |TAMS 0x0000000082600000, 0x0000000082500000| Untracked 
|   8|0x0000000082600000, 0x0000000082700000, 0x0000000082700000|100%| O|  |TAMS 0x0000000082700000, 0x0000000082600000| Untracked 
|   9|0x0000000082700000, 0x0000000082800000, 0x0000000082800000|100%| O|  |TAMS 0x0000000082800000, 0x0000000082700000| Untracked 
|  10|0x0000000082800000, 0x0000000082900000, 0x0000000082900000|100%| O|  |TAMS 0x0000000082900000, 0x0000000082800000| Untracked 
|  11|0x0000000082900000, 0x0000000082a00000, 0x0000000082a00000|100%| O|  |TAMS 0x0000000082a00000, 0x0000000082900000| Untracked 
|  12|0x0000000082a00000, 0x0000000082b00000, 0x0000000082b00000|100%| O|  |TAMS 0x0000000082b00000, 0x0000000082a00000| Untracked 
|  13|0x0000000082b00000, 0x0000000082c00000, 0x0000000082c00000|100%| O|  |TAMS 0x0000000082c00000, 0x0000000082b00000| Untracked 
|  14|0x0000000082c00000, 0x0000000082c08800, 0x0000000082d00000|  3%| O|  |TAMS 0x0000000082c08800, 0x0000000082c00000| Untracked 
|  15|0x0000000082d00000, 0x0000000082d00000, 0x0000000082e00000|  0%| F|  |TAMS 0x0000000082d00000, 0x0000000082d00000| Untracked 
|  16|0x0000000082e00000, 0x0000000082e00000, 0x0000000082f00000|  0%| F|  |TAMS 0x0000000082e00000, 0x0000000082e00000| Untracked 
|  17|0x0000000082f00000, 0x0000000082f00000, 0x0000000083000000|  0%| F|  |TAMS 0x0000000082f00000, 0x0000000082f00000| Untracked 
|  18|0x0000000083000000, 0x0000000083000000, 0x0000000083100000|  0%| F|  |TAMS 0x0000000083000000, 0x0000000083000000| Untracked 
|  19|0x0000000083100000, 0x0000000083100000, 0x0000000083200000|  0%| F|  |TAMS 0x0000000083100000, 0x0000000083100000| Untracked 
|  20|0x0000000083200000, 0x0000000083200000, 0x0000000083300000|  0%| F|  |TAMS 0x0000000083200000, 0x0000000083200000| Untracked 
|  21|0x0000000083300000, 0x0000000083300000, 0x0000000083400000|  0%| F|  |TAMS 0x0000000083300000, 0x0000000083300000| Untracked 
|  22|0x0000000083400000, 0x0000000083400000, 0x0000000083500000|  0%| F|  |TAMS 0x0000000083400000, 0x0000000083400000| Untracked 
|  23|0x0000000083500000, 0x0000000083500000, 0x0000000083600000|  0%| F|  |TAMS 0x0000000083500000, 0x0000000083500000| Untracked 
|  24|0x0000000083600000, 0x0000000083600000, 0x0000000083700000|  0%| F|  |TAMS 0x0000000083600000, 0x0000000083600000| Untracked 
|  25|0x0000000083700000, 0x0000000083700000, 0x0000000083800000|  0%| F|  |TAMS 0x0000000083700000, 0x0000000083700000| Untracked 
|  26|0x0000000083800000, 0x0000000083800000, 0x0000000083900000|  0%| F|  |TAMS 0x0000000083800000, 0x0000000083800000| Untracked 
|  27|0x0000000083900000, 0x0000000083900000, 0x0000000083a00000|  0%| F|  |TAMS 0x0000000083900000, 0x0000000083900000| Untracked 
|  28|0x0000000083a00000, 0x0000000083a00000, 0x0000000083b00000|  0%| F|  |TAMS 0x0000000083a00000, 0x0000000083a00000| Untracked 
|  29|0x0000000083b00000, 0x0000000083b00000, 0x0000000083c00000|  0%| F|  |TAMS 0x0000000083b00000, 0x0000000083b00000| Untracked 
|  30|0x0000000083c00000, 0x0000000083c00000, 0x0000000083d00000|  0%| F|  |TAMS 0x0000000083c00000, 0x0000000083c00000| Untracked 
|  31|0x0000000083d00000, 0x0000000083d00000, 0x0000000083e00000|  0%| F|  |TAMS 0x0000000083d00000, 0x0000000083d00000| Untracked 
|  32|0x0000000083e00000, 0x0000000083e00000, 0x0000000083f00000|  0%| F|  |TAMS 0x0000000083e00000, 0x0000000083e00000| Untracked 
|  33|0x0000000083f00000, 0x0000000083f00000, 0x0000000084000000|  0%| F|  |TAMS 0x0000000083f00000, 0x0000000083f00000| Untracked 
|  34|0x0000000084000000, 0x0000000084000000, 0x0000000084100000|  0%| F|  |TAMS 0x0000000084000000, 0x0000000084000000| Untracked 
|  35|0x0000000084100000, 0x0000000084100000, 0x0000000084200000|  0%| F|  |TAMS 0x0000000084100000, 0x0000000084100000| Untracked 
|  36|0x0000000084200000, 0x0000000084200000, 0x0000000084300000|  0%| F|  |TAMS 0x0000000084200000, 0x0000000084200000| Untracked 
|  37|0x0000000084300000, 0x0000000084300000, 0x0000000084400000|  0%| F|  |TAMS 0x0000000084300000, 0x0000000084300000| Untracked 
|  38|0x0000000084400000, 0x0000000084400000, 0x0000000084500000|  0%| F|  |TAMS 0x0000000084400000, 0x0000000084400000| Untracked 
|  39|0x0000000084500000, 0x0000000084500000, 0x0000000084600000|  0%| F|  |TAMS 0x0000000084500000, 0x0000000084500000| Untracked 
|  40|0x0000000084600000, 0x0000000084600000, 0x0000000084700000|  0%| F|  |TAMS 0x0000000084600000, 0x0000000084600000| Untracked 
|  41|0x0000000084700000, 0x0000000084700000, 0x0000000084800000|  0%| F|  |TAMS 0x0000000084700000, 0x0000000084700000| Untracked 
|  42|0x0000000084800000, 0x0000000084800000, 0x0000000084900000|  0%| F|  |TAMS 0x0000000084800000, 0x0000000084800000| Untracked 
|  43|0x0000000084900000, 0x0000000084900000, 0x0000000084a00000|  0%| F|  |TAMS 0x0000000084900000, 0x0000000084900000| Untracked 
|  44|0x0000000084a00000, 0x0000000084a00000, 0x0000000084b00000|  0%| F|  |TAMS 0x0000000084a00000, 0x0000000084a00000| Untracked 
|  45|0x0000000084b00000, 0x0000000084b00000, 0x0000000084c00000|  0%| F|  |TAMS 0x0000000084b00000, 0x0000000084b00000| Untracked 
|  46|0x0000000084c00000, 0x0000000084c00000, 0x0000000084d00000|  0%| F|  |TAMS 0x0000000084c00000, 0x0000000084c00000| Untracked 
|  47|0x0000000084d00000, 0x0000000084d00000, 0x0000000084e00000|  0%| F|  |TAMS 0x0000000084d00000, 0x0000000084d00000| Untracked 
|  48|0x0000000084e00000, 0x0000000084e00000, 0x0000000084f00000|  0%| F|  |TAMS 0x0000000084e00000, 0x0000000084e00000| Untracked 
|  49|0x0000000084f00000, 0x0000000084f00000, 0x0000000085000000|  0%| F|  |TAMS 0x0000000084f00000, 0x0000000084f00000| Untracked 
|  50|0x0000000085000000, 0x0000000085000000, 0x0000000085100000|  0%| F|  |TAMS 0x0000000085000000, 0x0000000085000000| Untracked 
|  51|0x0000000085100000, 0x0000000085100000, 0x0000000085200000|  0%| F|  |TAMS 0x0000000085100000, 0x0000000085100000| Untracked 
|  52|0x0000000085200000, 0x0000000085200000, 0x0000000085300000|  0%| F|  |TAMS 0x0000000085200000, 0x0000000085200000| Untracked 
|  53|0x0000000085300000, 0x0000000085300000, 0x0000000085400000|  0%| F|  |TAMS 0x0000000085300000, 0x0000000085300000| Untracked 
|  54|0x0000000085400000, 0x0000000085400000, 0x0000000085500000|  0%| F|  |TAMS 0x0000000085400000, 0x0000000085400000| Untracked 
|  55|0x0000000085500000, 0x0000000085500000, 0x0000000085600000|  0%| F|  |TAMS 0x0000000085500000, 0x0000000085500000| Untracked 
|  56|0x0000000085600000, 0x0000000085600000, 0x0000000085700000|  0%| F|  |TAMS 0x0000000085600000, 0x0000000085600000| Untracked 
|  57|0x0000000085700000, 0x00000000857aa750, 0x0000000085800000| 66%| S|CS|TAMS 0x0000000085700000, 0x0000000085700000| Complete 
|  58|0x0000000085800000, 0x0000000085900000, 0x0000000085900000|100%| S|CS|TAMS 0x0000000085800000, 0x0000000085800000| Complete 
|  59|0x0000000085900000, 0x0000000085a00000, 0x0000000085a00000|100%| S|CS|TAMS 0x0000000085900000, 0x0000000085900000| Complete 
|  60|0x0000000085a00000, 0x0000000085b00000, 0x0000000085b00000|100%| S|CS|TAMS 0x0000000085a00000, 0x0000000085a00000| Complete 
|  61|0x0000000085b00000, 0x0000000085c00000, 0x0000000085c00000|100%| S|CS|TAMS 0x0000000085b00000, 0x0000000085b00000| Complete 
|  62|0x0000000085c00000, 0x0000000085d00000, 0x0000000085d00000|100%| S|CS|TAMS 0x0000000085c00000, 0x0000000085c00000| Complete 
|  63|0x0000000085d00000, 0x0000000085e00000, 0x0000000085e00000|100%| S|CS|TAMS 0x0000000085d00000, 0x0000000085d00000| Complete 
|  64|0x0000000085e00000, 0x0000000085e00000, 0x0000000085f00000|  0%| F|  |TAMS 0x0000000085e00000, 0x0000000085e00000| Untracked 
|  65|0x0000000085f00000, 0x0000000085f00000, 0x0000000086000000|  0%| F|  |TAMS 0x0000000085f00000, 0x0000000085f00000| Untracked 
|  66|0x0000000086000000, 0x0000000086000000, 0x0000000086100000|  0%| F|  |TAMS 0x0000000086000000, 0x0000000086000000| Untracked 
|  67|0x0000000086100000, 0x0000000086100000, 0x0000000086200000|  0%| F|  |TAMS 0x0000000086100000, 0x0000000086100000| Untracked 
|  68|0x0000000086200000, 0x0000000086200000, 0x0000000086300000|  0%| F|  |TAMS 0x0000000086200000, 0x0000000086200000| Untracked 
|  69|0x0000000086300000, 0x0000000086300000, 0x0000000086400000|  0%| F|  |TAMS 0x0000000086300000, 0x0000000086300000| Untracked 
|  70|0x0000000086400000, 0x0000000086400000, 0x0000000086500000|  0%| F|  |TAMS 0x0000000086400000, 0x0000000086400000| Untracked 
|  71|0x0000000086500000, 0x0000000086600000, 0x0000000086600000|100%| S|CS|TAMS 0x0000000086500000, 0x0000000086500000| Complete 
|  72|0x0000000086600000, 0x0000000086700000, 0x0000000086700000|100%| S|CS|TAMS 0x0000000086600000, 0x0000000086600000| Complete 
|  73|0x0000000086700000, 0x0000000086700000, 0x0000000086800000|  0%| F|  |TAMS 0x0000000086700000, 0x0000000086700000| Untracked 
|  74|0x0000000086800000, 0x0000000086800000, 0x0000000086900000|  0%| F|  |TAMS 0x0000000086800000, 0x0000000086800000| Untracked 
|  75|0x0000000086900000, 0x0000000086900000, 0x0000000086a00000|  0%| F|  |TAMS 0x0000000086900000, 0x0000000086900000| Untracked 
|  76|0x0000000086a00000, 0x0000000086a00000, 0x0000000086b00000|  0%| F|  |TAMS 0x0000000086a00000, 0x0000000086a00000| Untracked 
|  77|0x0000000086b00000, 0x0000000086b00000, 0x0000000086c00000|  0%| F|  |TAMS 0x0000000086b00000, 0x0000000086b00000| Untracked 
|  78|0x0000000086c00000, 0x0000000086c00000, 0x0000000086d00000|  0%| F|  |TAMS 0x0000000086c00000, 0x0000000086c00000| Untracked 
|  79|0x0000000086d00000, 0x0000000086d00000, 0x0000000086e00000|  0%| F|  |TAMS 0x0000000086d00000, 0x0000000086d00000| Untracked 
|  80|0x0000000086e00000, 0x0000000086e00000, 0x0000000086f00000|  0%| F|  |TAMS 0x0000000086e00000, 0x0000000086e00000| Untracked 
|  81|0x0000000086f00000, 0x0000000086f00000, 0x0000000087000000|  0%| F|  |TAMS 0x0000000086f00000, 0x0000000086f00000| Untracked 
|  82|0x0000000087000000, 0x0000000087000000, 0x0000000087100000|  0%| F|  |TAMS 0x0000000087000000, 0x0000000087000000| Untracked 
|  83|0x0000000087100000, 0x0000000087100000, 0x0000000087200000|  0%| F|  |TAMS 0x0000000087100000, 0x0000000087100000| Untracked 
|  84|0x0000000087200000, 0x0000000087200000, 0x0000000087300000|  0%| F|  |TAMS 0x0000000087200000, 0x0000000087200000| Untracked 
|  85|0x0000000087300000, 0x0000000087300000, 0x0000000087400000|  0%| F|  |TAMS 0x0000000087300000, 0x0000000087300000| Untracked 
|  86|0x0000000087400000, 0x0000000087400000, 0x0000000087500000|  0%| F|  |TAMS 0x0000000087400000, 0x0000000087400000| Untracked 
|  87|0x0000000087500000, 0x0000000087500000, 0x0000000087600000|  0%| F|  |TAMS 0x0000000087500000, 0x0000000087500000| Untracked 
|  88|0x0000000087600000, 0x0000000087600000, 0x0000000087700000|  0%| F|  |TAMS 0x0000000087600000, 0x0000000087600000| Untracked 
|  89|0x0000000087700000, 0x0000000087700000, 0x0000000087800000|  0%| F|  |TAMS 0x0000000087700000, 0x0000000087700000| Untracked 
|  90|0x0000000087800000, 0x0000000087800000, 0x0000000087900000|  0%| F|  |TAMS 0x0000000087800000, 0x0000000087800000| Untracked 
|  91|0x0000000087900000, 0x0000000087900000, 0x0000000087a00000|  0%| F|  |TAMS 0x0000000087900000, 0x0000000087900000| Untracked 
|  92|0x0000000087a00000, 0x0000000087a00000, 0x0000000087b00000|  0%| F|  |TAMS 0x0000000087a00000, 0x0000000087a00000| Untracked 
|  93|0x0000000087b00000, 0x0000000087b00000, 0x0000000087c00000|  0%| F|  |TAMS 0x0000000087b00000, 0x0000000087b00000| Untracked 
|  94|0x0000000087c00000, 0x0000000087c00000, 0x0000000087d00000|  0%| F|  |TAMS 0x0000000087c00000, 0x0000000087c00000| Untracked 
|  95|0x0000000087d00000, 0x0000000087d00000, 0x0000000087e00000|  0%| F|  |TAMS 0x0000000087d00000, 0x0000000087d00000| Untracked 
|  96|0x0000000087e00000, 0x0000000087e00000, 0x0000000087f00000|  0%| F|  |TAMS 0x0000000087e00000, 0x0000000087e00000| Untracked 
|  97|0x0000000087f00000, 0x0000000087f00000, 0x0000000088000000|  0%| F|  |TAMS 0x0000000087f00000, 0x0000000087f00000| Untracked 
|  98|0x0000000088000000, 0x0000000088100000, 0x0000000088100000|100%| E|  |TAMS 0x0000000088000000, 0x0000000088000000| Complete 
|  99|0x0000000088100000, 0x0000000088200000, 0x0000000088200000|100%| E|CS|TAMS 0x0000000088100000, 0x0000000088100000| Complete 
| 100|0x0000000088200000, 0x0000000088300000, 0x0000000088300000|100%| E|CS|TAMS 0x0000000088200000, 0x0000000088200000| Complete 
| 101|0x0000000088300000, 0x0000000088400000, 0x0000000088400000|100%| E|CS|TAMS 0x0000000088300000, 0x0000000088300000| Complete 
| 102|0x0000000088400000, 0x0000000088500000, 0x0000000088500000|100%| E|CS|TAMS 0x0000000088400000, 0x0000000088400000| Complete 
| 103|0x0000000088500000, 0x0000000088600000, 0x0000000088600000|100%| E|CS|TAMS 0x0000000088500000, 0x0000000088500000| Complete 
| 104|0x0000000088600000, 0x0000000088700000, 0x0000000088700000|100%| E|CS|TAMS 0x0000000088600000, 0x0000000088600000| Complete 
| 105|0x0000000088700000, 0x0000000088800000, 0x0000000088800000|100%| E|CS|TAMS 0x0000000088700000, 0x0000000088700000| Complete 
| 106|0x0000000088800000, 0x0000000088900000, 0x0000000088900000|100%| E|CS|TAMS 0x0000000088800000, 0x0000000088800000| Complete 
| 107|0x0000000088900000, 0x0000000088a00000, 0x0000000088a00000|100%| E|CS|TAMS 0x0000000088900000, 0x0000000088900000| Complete 
| 108|0x0000000088a00000, 0x0000000088b00000, 0x0000000088b00000|100%| E|CS|TAMS 0x0000000088a00000, 0x0000000088a00000| Complete 
| 109|0x0000000088b00000, 0x0000000088c00000, 0x0000000088c00000|100%| E|CS|TAMS 0x0000000088b00000, 0x0000000088b00000| Complete 
| 110|0x0000000088c00000, 0x0000000088d00000, 0x0000000088d00000|100%| E|CS|TAMS 0x0000000088c00000, 0x0000000088c00000| Complete 
| 111|0x0000000088d00000, 0x0000000088e00000, 0x0000000088e00000|100%| E|CS|TAMS 0x0000000088d00000, 0x0000000088d00000| Complete 
| 112|0x0000000088e00000, 0x0000000088f00000, 0x0000000088f00000|100%| E|CS|TAMS 0x0000000088e00000, 0x0000000088e00000| Complete 
| 113|0x0000000088f00000, 0x0000000089000000, 0x0000000089000000|100%| E|CS|TAMS 0x0000000088f00000, 0x0000000088f00000| Complete 
| 114|0x0000000089000000, 0x0000000089100000, 0x0000000089100000|100%| E|CS|TAMS 0x0000000089000000, 0x0000000089000000| Complete 
| 115|0x0000000089100000, 0x0000000089200000, 0x0000000089200000|100%| E|CS|TAMS 0x0000000089100000, 0x0000000089100000| Complete 
| 116|0x0000000089200000, 0x0000000089300000, 0x0000000089300000|100%| E|CS|TAMS 0x0000000089200000, 0x0000000089200000| Complete 
| 117|0x0000000089300000, 0x0000000089400000, 0x0000000089400000|100%| E|CS|TAMS 0x0000000089300000, 0x0000000089300000| Complete 
| 118|0x0000000089400000, 0x0000000089500000, 0x0000000089500000|100%| E|CS|TAMS 0x0000000089400000, 0x0000000089400000| Complete 
| 119|0x0000000089500000, 0x0000000089600000, 0x0000000089600000|100%| E|CS|TAMS 0x0000000089500000, 0x0000000089500000| Complete 
| 120|0x0000000089600000, 0x0000000089700000, 0x0000000089700000|100%| E|CS|TAMS 0x0000000089600000, 0x0000000089600000| Complete 
| 121|0x0000000089700000, 0x0000000089800000, 0x0000000089800000|100%| E|CS|TAMS 0x0000000089700000, 0x0000000089700000| Complete 
| 122|0x0000000089800000, 0x0000000089900000, 0x0000000089900000|100%| E|CS|TAMS 0x0000000089800000, 0x0000000089800000| Complete 
| 123|0x0000000089900000, 0x0000000089a00000, 0x0000000089a00000|100%| E|CS|TAMS 0x0000000089900000, 0x0000000089900000| Complete 
| 124|0x0000000089a00000, 0x0000000089b00000, 0x0000000089b00000|100%| E|CS|TAMS 0x0000000089a00000, 0x0000000089a00000| Complete 
| 125|0x0000000089b00000, 0x0000000089c00000, 0x0000000089c00000|100%| E|CS|TAMS 0x0000000089b00000, 0x0000000089b00000| Complete 
| 126|0x0000000089c00000, 0x0000000089d00000, 0x0000000089d00000|100%| E|CS|TAMS 0x0000000089c00000, 0x0000000089c00000| Complete 
| 127|0x0000000089d00000, 0x0000000089e00000, 0x0000000089e00000|100%| E|CS|TAMS 0x0000000089d00000, 0x0000000089d00000| Complete 
| 128|0x0000000089e00000, 0x0000000089f00000, 0x0000000089f00000|100%| E|CS|TAMS 0x0000000089e00000, 0x0000000089e00000| Complete 
| 129|0x0000000089f00000, 0x000000008a000000, 0x000000008a000000|100%| E|CS|TAMS 0x0000000089f00000, 0x0000000089f00000| Complete 
| 130|0x000000008a000000, 0x000000008a100000, 0x000000008a100000|100%| E|CS|TAMS 0x000000008a000000, 0x000000008a000000| Complete 
| 131|0x000000008a100000, 0x000000008a200000, 0x000000008a200000|100%| E|CS|TAMS 0x000000008a100000, 0x000000008a100000| Complete 
| 132|0x000000008a200000, 0x000000008a300000, 0x000000008a300000|100%| E|CS|TAMS 0x000000008a200000, 0x000000008a200000| Complete 
| 133|0x000000008a300000, 0x000000008a400000, 0x000000008a400000|100%| E|CS|TAMS 0x000000008a300000, 0x000000008a300000| Complete 
| 134|0x000000008a400000, 0x000000008a500000, 0x000000008a500000|100%| E|CS|TAMS 0x000000008a400000, 0x000000008a400000| Complete 
| 135|0x000000008a500000, 0x000000008a600000, 0x000000008a600000|100%| E|CS|TAMS 0x000000008a500000, 0x000000008a500000| Complete 
| 136|0x000000008a600000, 0x000000008a700000, 0x000000008a700000|100%| E|CS|TAMS 0x000000008a600000, 0x000000008a600000| Complete 
| 137|0x000000008a700000, 0x000000008a800000, 0x000000008a800000|100%| E|CS|TAMS 0x000000008a700000, 0x000000008a700000| Complete 
| 138|0x000000008a800000, 0x000000008a900000, 0x000000008a900000|100%| E|CS|TAMS 0x000000008a800000, 0x000000008a800000| Complete 
| 139|0x000000008a900000, 0x000000008aa00000, 0x000000008aa00000|100%| E|CS|TAMS 0x000000008a900000, 0x000000008a900000| Complete 
| 140|0x000000008aa00000, 0x000000008ab00000, 0x000000008ab00000|100%| E|CS|TAMS 0x000000008aa00000, 0x000000008aa00000| Complete 
| 141|0x000000008ab00000, 0x000000008ac00000, 0x000000008ac00000|100%| E|CS|TAMS 0x000000008ab00000, 0x000000008ab00000| Complete 
| 142|0x000000008ac00000, 0x000000008ad00000, 0x000000008ad00000|100%| E|CS|TAMS 0x000000008ac00000, 0x000000008ac00000| Complete 
| 143|0x000000008ad00000, 0x000000008ae00000, 0x000000008ae00000|100%| E|CS|TAMS 0x000000008ad00000, 0x000000008ad00000| Complete 
| 144|0x000000008ae00000, 0x000000008af00000, 0x000000008af00000|100%| E|CS|TAMS 0x000000008ae00000, 0x000000008ae00000| Complete 
| 145|0x000000008af00000, 0x000000008b000000, 0x000000008b000000|100%| E|CS|TAMS 0x000000008af00000, 0x000000008af00000| Complete 
| 146|0x000000008b000000, 0x000000008b100000, 0x000000008b100000|100%| E|CS|TAMS 0x000000008b000000, 0x000000008b000000| Complete 
| 147|0x000000008b100000, 0x000000008b200000, 0x000000008b200000|100%| E|CS|TAMS 0x000000008b100000, 0x000000008b100000| Complete 
| 148|0x000000008b200000, 0x000000008b300000, 0x000000008b300000|100%| E|CS|TAMS 0x000000008b200000, 0x000000008b200000| Complete 
| 149|0x000000008b300000, 0x000000008b400000, 0x000000008b400000|100%| E|CS|TAMS 0x000000008b300000, 0x000000008b300000| Complete 
| 150|0x000000008b400000, 0x000000008b500000, 0x000000008b500000|100%| E|CS|TAMS 0x000000008b400000, 0x000000008b400000| Complete 
| 151|0x000000008b500000, 0x000000008b600000, 0x000000008b600000|100%| E|CS|TAMS 0x000000008b500000, 0x000000008b500000| Complete 
| 152|0x000000008b600000, 0x000000008b700000, 0x000000008b700000|100%| E|CS|TAMS 0x000000008b600000, 0x000000008b600000| Complete 
| 153|0x000000008b700000, 0x000000008b800000, 0x000000008b800000|100%| E|CS|TAMS 0x000000008b700000, 0x000000008b700000| Complete 

Card table byte_map: [0x0000025ed21e0000,0x0000025ed25e0000] _byte_map_base: 0x0000025ed1dd1000

Marking Bits (Prev, Next): (CMBitMap*) 0x0000025eba760130, (CMBitMap*) 0x0000025eba7600f8
 Prev Bits: [0x0000025ed4970000, 0x0000025ed68f8000)
 Next Bits: [0x0000025ed29e0000, 0x0000025ed4968000)

Polling page: 0x0000025eb8620000

Metaspace:

Usage:
  Non-class:     55.99 MB capacity,    54.95 MB ( 98%) used,   850.76 KB (  1%) free+waste,   209.19 KB ( <1%) overhead. 
      Class:      8.71 MB capacity,     8.07 MB ( 93%) used,   552.47 KB (  6%) free+waste,    98.19 KB (  1%) overhead. 
       Both:     64.69 MB capacity,    63.02 MB ( 97%) used,     1.37 MB (  2%) free+waste,   307.38 KB ( <1%) overhead. 

Virtual space:
  Non-class space:       56.00 MB reserved,      56.00 MB (100%) committed 
      Class space:        1.00 GB reserved,       8.75 MB ( <1%) committed 
             Both:        1.05 GB reserved,      64.75 MB (  6%) committed 

Chunk freelists:
   Non-Class:  12.00 KB
       Class:  13.00 KB
        Both:  25.00 KB

MaxMetaspaceSize: 17179869184.00 GB
CompressedClassSpaceSize: 1.00 GB

CodeHeap 'non-profiled nmethods': size=120064Kb used=3694Kb max_used=3694Kb free=116369Kb
 bounds [0x0000025eca8a0000, 0x0000025ecac40000, 0x0000025ed1de0000]
CodeHeap 'profiled nmethods': size=120000Kb used=11899Kb max_used=11899Kb free=108100Kb
 bounds [0x0000025ec3370000, 0x0000025ec3f20000, 0x0000025eca8a0000]
CodeHeap 'non-nmethods': size=5696Kb used=1195Kb max_used=1239Kb free=4500Kb
 bounds [0x0000025ec2de0000, 0x0000025ec3050000, 0x0000025ec3370000]
 total_blobs=5781 nmethods=5224 adapters=468
 compilation: enabled
              stopped_count=0, restarted_count=0
 full_count=0

Compilation events (20 events):
Event: 11.797 Thread 0x0000025ed8e28000 5370       3       org.springframework.data.repository.core.support.DefaultRepositoryInformation::isCustomMethod (17 bytes)
Event: 11.798 Thread 0x0000025ed8e28000 nmethod 5370 0x0000025ec3ef2490 code [0x0000025ec3ef26a0, 0x0000025ec3ef2d88]
Event: 11.798 Thread 0x0000025ed8e28000 5374       3       org.springframework.data.repository.core.support.DefaultRepositoryInformation::isBaseClassMethod (23 bytes)
Event: 11.798 Thread 0x0000025ed8e28000 nmethod 5374 0x0000025ec3ef3010 code [0x0000025ec3ef3240, 0x0000025ec3ef3a98]
Event: 11.798 Thread 0x0000025ed8e28000 5371       3       org.springframework.data.repository.core.support.DefaultRepositoryInformation::isQueryAnnotationPresentOn (15 bytes)
Event: 11.798 Thread 0x0000025ed8e28000 nmethod 5371 0x0000025ec3ef3d90 code [0x0000025ec3ef3f40, 0x0000025ec3ef40c8]
Event: 11.798 Thread 0x0000025ed8e28000 5372       3       org.springframework.core.annotation.AnnotationUtils::findAnnotation (70 bytes)
Event: 11.799 Thread 0x0000025ed8e28000 nmethod 5372 0x0000025ec3ef4190 code [0x0000025ec3ef4580, 0x0000025ec3ef6238]
Event: 11.799 Thread 0x0000025ed8e28000 5373       3       org.springframework.core.annotation.AnnotationUtils$$Lambda$1001/0x0000000100887440::test (10 bytes)
Event: 11.799 Thread 0x0000025ed8e28000 nmethod 5373 0x0000025ec3ef6b10 code [0x0000025ec3ef6ce0, 0x0000025ec3ef6fa8]
Event: 11.801 Thread 0x0000025ed8e28000 5378       1       org.springframework.data.repository.core.support.RepositoryFragment$StructuralRepositoryFragment::getSignatureContributor (5 bytes)
Event: 11.801 Thread 0x0000025ed8e28000 nmethod 5378 0x0000025ecac2d490 code [0x0000025ecac2d640, 0x0000025ecac2d6f8]
Event: 11.819 Thread 0x0000025eda72d800 nmethod 5160 0x0000025ecac2d790 code [0x0000025ecac2e120, 0x0000025ecac361c0]
Event: 11.820 Thread 0x0000025eda72d800 5283       4       org.springframework.core.ResolvableType::forType (115 bytes)
Event: 11.834 Thread 0x0000025ed8e28000 5379       2       java.lang.invoke.MethodHandles::constant (87 bytes)
Event: 11.834 Thread 0x0000025ed8e28000 nmethod 5379 0x0000025ec3ef7090 code [0x0000025ec3ef7320, 0x0000025ec3ef7a98]
Event: 11.850 Thread 0x0000025ed8e28000 5380       1       org.springframework.data.util.TypeDiscoverer::getTypeVariableMap (5 bytes)
Event: 11.850 Thread 0x0000025ed8e28000 nmethod 5380 0x0000025ecac3a990 code [0x0000025ecac3ab40, 0x0000025ecac3abf8]
Event: 11.868 Thread 0x0000025ed8e28000 5381       2       java.util.regex.Pattern::sequence (645 bytes)
Event: 11.870 Thread 0x0000025ed8e28000 nmethod 5381 0x0000025ec3ef7e90 code [0x0000025ec3ef82e0, 0x0000025ec3efa068]

GC Heap History (20 events):
Event: 1.211 GC heap before
{Heap before GC invocations=2 (full 0):
 garbage-first heap   total 131072K, used 28932K [0x0000000081e00000, 0x0000000100000000)
  region size 1024K, 23 young (23552K), 1 survivors (1024K)
 Metaspace       used 11347K, capacity 11607K, committed 11648K, reserved 1060864K
  class space    used 1093K, capacity 1148K, committed 1152K, reserved 1048576K
}
Event: 1.212 GC heap after
{Heap after GC invocations=3 (full 0):
 garbage-first heap   total 131072K, used 7836K [0x0000000081e00000, 0x0000000100000000)
  region size 1024K, 1 young (1024K), 1 survivors (1024K)
 Metaspace       used 11347K, capacity 11607K, committed 11648K, reserved 1060864K
  class space    used 1093K, capacity 1148K, committed 1152K, reserved 1048576K
}
Event: 1.689 GC heap before
{Heap before GC invocations=3 (full 0):
 garbage-first heap   total 131072K, used 42652K [0x0000000081e00000, 0x0000000100000000)
  region size 1024K, 36 young (36864K), 1 survivors (1024K)
 Metaspace       used 14568K, capacity 14904K, committed 14976K, reserved 1062912K
  class space    used 1473K, capacity 1596K, committed 1664K, reserved 1048576K
}
Event: 1.692 GC heap after
{Heap after GC invocations=4 (full 0):
 garbage-first heap   total 131072K, used 8367K [0x0000000081e00000, 0x0000000100000000)
  region size 1024K, 2 young (2048K), 2 survivors (2048K)
 Metaspace       used 14568K, capacity 14904K, committed 14976K, reserved 1062912K
  class space    used 1473K, capacity 1596K, committed 1664K, reserved 1048576K
}
Event: 2.557 GC heap before
{Heap before GC invocations=4 (full 0):
 garbage-first heap   total 131072K, used 43183K [0x0000000081e00000, 0x0000000100000000)
  region size 1024K, 37 young (37888K), 2 survivors (2048K)
 Metaspace       used 20695K, capacity 21204K, committed 21248K, reserved 1069056K
  class space    used 2332K, capacity 2549K, committed 2560K, reserved 1048576K
}
Event: 2.561 GC heap after
{Heap after GC invocations=5 (full 0):
 garbage-first heap   total 131072K, used 10016K [0x0000000081e00000, 0x0000000100000000)
  region size 1024K, 3 young (3072K), 3 survivors (3072K)
 Metaspace       used 20695K, capacity 21204K, committed 21248K, reserved 1069056K
  class space    used 2332K, capacity 2549K, committed 2560K, reserved 1048576K
}
Event: 3.170 GC heap before
{Heap before GC invocations=6 (full 0):
 garbage-first heap   total 131072K, used 63264K [0x0000000081e00000, 0x0000000100000000)
  region size 1024K, 56 young (57344K), 3 survivors (3072K)
 Metaspace       used 24741K, capacity 25322K, committed 25472K, reserved 1071104K
  class space    used 2915K, capacity 3135K, committed 3200K, reserved 1048576K
}
Event: 3.175 GC heap after
{Heap after GC invocations=7 (full 0):
 garbage-first heap   total 131072K, used 11663K [0x0000000081e00000, 0x0000000100000000)
  region size 1024K, 5 young (5120K), 5 survivors (5120K)
 Metaspace       used 24741K, capacity 25322K, committed 25472K, reserved 1071104K
  class space    used 2915K, capacity 3135K, committed 3200K, reserved 1048576K
}
Event: 4.153 GC heap before
{Heap before GC invocations=7 (full 0):
 garbage-first heap   total 131072K, used 75151K [0x0000000081e00000, 0x0000000100000000)
  region size 1024K, 68 young (69632K), 5 survivors (5120K)
 Metaspace       used 29582K, capacity 30364K, committed 30464K, reserved 1075200K
  class space    used 3460K, capacity 3791K, committed 3840K, reserved 1048576K
}
Event: 4.158 GC heap after
{Heap after GC invocations=8 (full 0):
 garbage-first heap   total 131072K, used 13286K [0x0000000081e00000, 0x0000000100000000)
  region size 1024K, 7 young (7168K), 7 survivors (7168K)
 Metaspace       used 29582K, capacity 30364K, committed 30464K, reserved 1075200K
  class space    used 3460K, capacity 3791K, committed 3840K, reserved 1048576K
}
Event: 5.523 GC heap before
{Heap before GC invocations=8 (full 0):
 garbage-first heap   total 131072K, used 83942K [0x0000000081e00000, 0x0000000100000000)
  region size 1024K, 76 young (77824K), 7 survivors (7168K)
 Metaspace       used 33120K, capacity 33908K, committed 34048K, reserved 1079296K
  class space    used 3895K, capacity 4240K, committed 4352K, reserved 1048576K
}
Event: 5.530 GC heap after
{Heap after GC invocations=9 (full 0):
 garbage-first heap   total 131072K, used 15416K [0x0000000081e00000, 0x0000000100000000)
  region size 1024K, 7 young (7168K), 7 survivors (7168K)
 Metaspace       used 33120K, capacity 33908K, committed 34048K, reserved 1079296K
  class space    used 3895K, capacity 4240K, committed 4352K, reserved 1048576K
}
Event: 5.929 GC heap before
{Heap before GC invocations=9 (full 0):
 garbage-first heap   total 131072K, used 32824K [0x0000000081e00000, 0x0000000100000000)
  region size 1024K, 25 young (25600K), 7 survivors (7168K)
 Metaspace       used 34981K, capacity 35770K, committed 35840K, reserved 1081344K
  class space    used 4139K, capacity 4471K, committed 4480K, reserved 1048576K
}
Event: 5.940 GC heap after
{Heap after GC invocations=10 (full 0):
 garbage-first heap   total 157696K, used 15964K [0x0000000081e00000, 0x0000000100000000)
  region size 1024K, 6 young (6144K), 6 survivors (6144K)
 Metaspace       used 34981K, capacity 35770K, committed 35840K, reserved 1081344K
  class space    used 4139K, capacity 4471K, committed 4480K, reserved 1048576K
}
Event: 7.638 GC heap before
{Heap before GC invocations=11 (full 0):
 garbage-first heap   total 157696K, used 103004K [0x0000000081e00000, 0x0000000100000000)
  region size 1024K, 92 young (94208K), 6 survivors (6144K)
 Metaspace       used 40842K, capacity 41969K, committed 42240K, reserved 1085440K
  class space    used 4909K, capacity 5357K, committed 5376K, reserved 1048576K
}
Event: 7.645 GC heap after
{Heap after GC invocations=12 (full 0):
 garbage-first heap   total 157696K, used 19036K [0x0000000081e00000, 0x0000000100000000)
  region size 1024K, 9 young (9216K), 9 survivors (9216K)
 Metaspace       used 40842K, capacity 41969K, committed 42240K, reserved 1085440K
  class space    used 4909K, capacity 5357K, committed 5376K, reserved 1048576K
}
Event: 9.191 GC heap before
{Heap before GC invocations=12 (full 0):
 garbage-first heap   total 157696K, used 103004K [0x0000000081e00000, 0x0000000100000000)
  region size 1024K, 92 young (94208K), 9 survivors (9216K)
 Metaspace       used 46863K, capacity 48127K, committed 48256K, reserved 1091584K
  class space    used 5651K, capacity 6173K, committed 6272K, reserved 1048576K
}
Event: 9.200 GC heap after
{Heap after GC invocations=13 (full 0):
 garbage-first heap   total 157696K, used 20908K [0x0000000081e00000, 0x0000000100000000)
  region size 1024K, 7 young (7168K), 7 survivors (7168K)
 Metaspace       used 46863K, capacity 48127K, committed 48256K, reserved 1091584K
  class space    used 5651K, capacity 6173K, committed 6272K, reserved 1048576K
}
Event: 10.899 GC heap before
{Heap before GC invocations=13 (full 0):
 garbage-first heap   total 157696K, used 102828K [0x0000000081e00000, 0x0000000100000000)
  region size 1024K, 88 young (90112K), 7 survivors (7168K)
 Metaspace       used 58682K, capacity 60096K, committed 60160K, reserved 1101824K
  class space    used 7461K, capacity 8047K, committed 8064K, reserved 1048576K
}
Event: 10.909 GC heap after
{Heap after GC invocations=14 (full 0):
 garbage-first heap   total 157696K, used 23243K [0x0000000081e00000, 0x0000000100000000)
  region size 1024K, 9 young (9216K), 9 survivors (9216K)
 Metaspace       used 58682K, capacity 60096K, committed 60160K, reserved 1101824K
  class space    used 7461K, capacity 8047K, committed 8064K, reserved 1048576K
}

Deoptimization events (20 events):
Event: 11.541 Thread 0x0000025eda5c1800 Uncommon trap: trap_request=0xffffff4d fr.pc=0x0000025ecab3b6e8 relative=0x0000000000000228
Event: 11.541 Thread 0x0000025eda5c1800 Uncommon trap: reason=unstable_if action=reinterpret pc=0x0000025ecab3b6e8 method=java.util.concurrent.ConcurrentHashMap.get(Ljava/lang/Object;)Ljava/lang/Object; @ 86 c2
Event: 11.541 Thread 0x0000025eda5c1800 DEOPT PACKING pc=0x0000025ecab3b6e8 sp=0x000000de179fba30
Event: 11.541 Thread 0x0000025eda5c1800 DEOPT UNPACKING pc=0x0000025ec2e074af sp=0x000000de179fb998 mode 2
Event: 11.541 Thread 0x0000025eda5c1800 Uncommon trap: trap_request=0xffffff4d fr.pc=0x0000025eca9f339c relative=0x00000000000012bc
Event: 11.542 Thread 0x0000025eda5c1800 Uncommon trap: reason=unstable_if action=reinterpret pc=0x0000025eca9f339c method=java.util.concurrent.ConcurrentHashMap.transfer([Ljava/util/concurrent/ConcurrentHashMap$Node;[Ljava/util/concurrent/ConcurrentHashMap$Node;)V @ 352 c2
Event: 11.542 Thread 0x0000025eda5c1800 DEOPT PACKING pc=0x0000025eca9f339c sp=0x000000de179fb7c0
Event: 11.542 Thread 0x0000025eda5c1800 DEOPT UNPACKING pc=0x0000025ec2e074af sp=0x000000de179fb758 mode 2
Event: 11.544 Thread 0x0000025eda5c1800 Uncommon trap: trap_request=0xfffffff4 fr.pc=0x0000025ecab905e4 relative=0x0000000000001c64
Event: 11.544 Thread 0x0000025eda5c1800 Uncommon trap: reason=null_check action=make_not_entrant pc=0x0000025ecab905e4 method=java.lang.Class.getMethodsRecursive(Ljava/lang/String;[Ljava/lang/Class;Z)Ljava/lang/PublicMethods$MethodList; @ 26 c2
Event: 11.544 Thread 0x0000025eda5c1800 DEOPT PACKING pc=0x0000025ecab905e4 sp=0x000000de179fba90
Event: 11.544 Thread 0x0000025eda5c1800 DEOPT UNPACKING pc=0x0000025ec2e074af sp=0x000000de179fba68 mode 2
Event: 11.687 Thread 0x0000025eda5c1800 Uncommon trap: trap_request=0xffffff5c fr.pc=0x0000025ecaa42e98 relative=0x0000000000000598
Event: 11.687 Thread 0x0000025eda5c1800 Uncommon trap: reason=speculate_null_assert action=make_not_entrant pc=0x0000025ecaa42e98 method=org.springframework.util.ConcurrentReferenceHashMap$Segment.restructureIfNecessary(Z)V @ 41 c2
Event: 11.687 Thread 0x0000025eda5c1800 DEOPT PACKING pc=0x0000025ecaa42e98 sp=0x000000de179fc0c0
Event: 11.687 Thread 0x0000025eda5c1800 DEOPT UNPACKING pc=0x0000025ec2e074af sp=0x000000de179fbf08 mode 2
Event: 11.706 Thread 0x0000025eda5c1800 Uncommon trap: trap_request=0xffffff5c fr.pc=0x0000025eca94411c relative=0x00000000000003bc
Event: 11.706 Thread 0x0000025eda5c1800 Uncommon trap: reason=speculate_null_assert action=make_not_entrant pc=0x0000025eca94411c method=org.springframework.util.ConcurrentReferenceHashMap$Segment.restructureIfNecessary(Z)V @ 41 c2
Event: 11.706 Thread 0x0000025eda5c1800 DEOPT PACKING pc=0x0000025eca94411c sp=0x000000de179fae90
Event: 11.706 Thread 0x0000025eda5c1800 DEOPT UNPACKING pc=0x0000025ec2e074af sp=0x000000de179fae48 mode 2

Classes redefined (0 events):
No events

Internal exceptions (20 events):
Event: 11.482 Thread 0x0000025eda5c1800 Exception <a 'java/lang/ClassNotFoundException'{0x000000008a2562e0}: org/springframework/beans/factory/BeanFactoryAwareCustomizer> (0x000000008a2562e0) thrown at [./src/hotspot/share/classfile/systemDictionary.cpp, line 231]
Event: 11.482 Thread 0x0000025eda5c1800 Exception <a 'java/lang/ClassNotFoundException'{0x000000008a2694a0}: org/springframework/beans/factory/AwareCustomizer> (0x000000008a2694a0) thrown at [./src/hotspot/share/classfile/systemDictionary.cpp, line 231]
Event: 11.483 Thread 0x0000025eda5c1800 Exception <a 'java/lang/ClassNotFoundException'{0x000000008a27e798}: org/springframework/context/ApplicationEventPublisherAwareCustomizer> (0x000000008a27e798) thrown at [./src/hotspot/share/classfile/systemDictionary.cpp, line 231]
Event: 11.483 Thread 0x0000025eda5c1800 Exception <a 'java/lang/ClassNotFoundException'{0x000000008a291df8}: org/springframework/beans/factory/AwareCustomizer> (0x000000008a291df8) thrown at [./src/hotspot/share/classfile/systemDictionary.cpp, line 231]
Event: 11.489 Thread 0x0000025eda5c1800 Exception <a 'java/lang/ClassNotFoundException'{0x000000008a2cd278}: java/lang/ObjectCustomizer> (0x000000008a2cd278) thrown at [./src/hotspot/share/classfile/systemDictionary.cpp, line 231]
Event: 11.490 Thread 0x0000025eda5c1800 Exception <a 'java/lang/ClassNotFoundException'{0x000000008a2e58f8}: org/springframework/core/io/support/PropertiesLoaderSupportCustomizer> (0x000000008a2e58f8) thrown at [./src/hotspot/share/classfile/systemDictionary.cpp, line 231]
Event: 11.491 Thread 0x0000025eda5c1800 Exception <a 'java/lang/ClassNotFoundException'{0x000000008a103eb0}: org/springframework/beans/factory/config/PropertiesFactoryBeanCustomizer> (0x000000008a103eb0) thrown at [./src/hotspot/share/classfile/systemDictionary.cpp, line 231]
Event: 11.492 Thread 0x0000025eda5c1800 Exception <a 'java/lang/ClassNotFoundException'{0x000000008a127990}: org/springframework/beans/factory/FactoryBeanCustomizer> (0x000000008a127990) thrown at [./src/hotspot/share/classfile/systemDictionary.cpp, line 231]
Event: 11.493 Thread 0x0000025eda5c1800 Exception <a 'java/lang/ClassNotFoundException'{0x000000008a13e028}: org/springframework/beans/factory/InitializingBeanCustomizer> (0x000000008a13e028) thrown at [./src/hotspot/share/classfile/systemDictionary.cpp, line 231]
Event: 11.544 Thread 0x0000025eda5c1800 Implicit null exception at 0x0000025ecab8ea06 to 0x0000025ecab905d3
Event: 11.698 Thread 0x0000025eda5c1800 Exception <a 'java/lang/ClassNotFoundException'{0x000000008954d898}: java/lang/ObjectCustomizer> (0x000000008954d898) thrown at [./src/hotspot/share/classfile/systemDictionary.cpp, line 231]
Event: 11.699 Thread 0x0000025eda5c1800 Exception <a 'java/lang/ClassNotFoundException'{0x0000000089564b48}: br/hspm/isolamento/domain/entities/PacienteCustomizer> (0x0000000089564b48) thrown at [./src/hotspot/share/classfile/systemDictionary.cpp, line 231]
Event: 11.728 Thread 0x0000025eda5c1800 Exception <a 'java/lang/ClassNotFoundException'{0x0000000089331950}: java/lang/ObjectCustomizer> (0x0000000089331950) thrown at [./src/hotspot/share/classfile/systemDictionary.cpp, line 231]
Event: 11.729 Thread 0x0000025eda5c1800 Exception <a 'java/lang/ClassNotFoundException'{0x0000000089348a60}: br/hspm/isolamento/domain/entities/UsuarioCustomizer> (0x0000000089348a60) thrown at [./src/hotspot/share/classfile/systemDictionary.cpp, line 231]
Event: 11.731 Thread 0x0000025eda5c1800 Exception <a 'java/lang/ClassNotFoundException'{0x0000000089378478}: org/springframework/security/core/userdetails/UserDetailsCustomizer> (0x0000000089378478) thrown at [./src/hotspot/share/classfile/systemDictionary.cpp, line 231]
Event: 11.735 Thread 0x0000025eda5c1800 Exception <a 'java/lang/ClassNotFoundException'{0x00000000893bd888}: java/lang/ObjectCustomizer> (0x00000000893bd888) thrown at [./src/hotspot/share/classfile/systemDictionary.cpp, line 231]
Event: 11.736 Thread 0x0000025eda5c1800 Exception <a 'java/lang/ClassNotFoundException'{0x00000000893d4998}: br/hspm/isolamento/domain/entities/PerfilCustomizer> (0x00000000893d4998) thrown at [./src/hotspot/share/classfile/systemDictionary.cpp, line 231]
Event: 11.737 Thread 0x0000025eda5c1800 Exception <a 'java/lang/ClassNotFoundException'{0x00000000893ef998}: org/springframework/security/core/GrantedAuthorityCustomizer> (0x00000000893ef998) thrown at [./src/hotspot/share/classfile/systemDictionary.cpp, line 231]
Event: 11.774 Thread 0x0000025eda5c1800 Exception <a 'java/lang/IncompatibleClassChangeError'{0x0000000089042190}: Found class java.lang.Object, but interface was expected> (0x0000000089042190) thrown at [./src/hotspot/share/interpreter/linkResolver.cpp, line 839]
Event: 11.863 Thread 0x0000025eda5c1800 Exception <a 'java/lang/reflect/InvocationTargetException'{0x0000000088832060}> (0x0000000088832060) thrown at [./src/hotspot/share/runtime/reflection.cpp, line 1247]

Events (20 events):
Event: 11.866 loading class org/springframework/data/jpa/repository/query/ParameterBinder done
Event: 11.866 loading class org/springframework/data/jpa/repository/query/ParameterBinder
Event: 11.866 loading class org/springframework/data/jpa/repository/query/ParameterBinder done
Event: 11.866 loading class org/springframework/data/jpa/repository/query/ParameterBinder
Event: 11.866 loading class org/springframework/data/jpa/repository/query/ParameterBinder done
Event: 11.866 loading class org/springframework/data/jpa/repository/query/AbstractJpaQuery
Event: 11.866 loading class org/springframework/data/jpa/repository/query/AbstractJpaQuery done
Event: 11.867 loading class org/springframework/data/jpa/repository/query/JpaQueryMethod
Event: 11.867 loading class org/springframework/data/jpa/repository/query/JpaQueryMethod done
Event: 11.867 loading class org/springframework/data/jpa/repository/query/JpaQueryExecution
Event: 11.867 loading class org/springframework/data/jpa/repository/query/JpaQueryExecution done
Event: 11.867 loading class org/springframework/data/jpa/repository/query/JpaQueryMethod
Event: 11.867 loading class org/springframework/data/jpa/repository/query/JpaQueryMethod done
Event: 11.867 loading class org/springframework/data/repository/query/parser/PartTree
Event: 11.867 loading class org/springframework/data/repository/query/parser/PartTree done
Event: 11.868 loading class org/springframework/data/repository/query/parser/PartTree$Subject
Event: 11.868 loading class org/springframework/data/repository/query/parser/PartTree$Subject done
Event: 11.870 loading class org/springframework/data/repository/query/parser/PartTree$Predicate
Event: 11.870 loading class org/springframework/data/repository/query/parser/PartTree$Predicate done
Event: 11.871 loading class java/lang/Character$UnicodeBlock


Dynamic libraries:
0x00007ff656a10000 - 0x00007ff656a1d000 	C:\Program Files\AdoptOpenJDK\jdk-11.0.9.101-hotspot\bin\javaw.exe
0x00007ffec6eb0000 - 0x00007ffec70a6000 	C:\WINDOWS\SYSTEM32\ntdll.dll
0x00007ffec5680000 - 0x00007ffec573d000 	C:\WINDOWS\System32\KERNEL32.DLL
0x00007ffec48a0000 - 0x00007ffec4b69000 	C:\WINDOWS\System32\KERNELBASE.dll
0x00007ffec4de0000 - 0x00007ffec4ee0000 	C:\WINDOWS\System32\ucrtbase.dll
0x00007ffea1260000 - 0x00007ffea1277000 	C:\Program Files\AdoptOpenJDK\jdk-11.0.9.101-hotspot\bin\jli.dll
0x00007ffe961f0000 - 0x00007ffe96205000 	C:\Program Files\AdoptOpenJDK\jdk-11.0.9.101-hotspot\bin\VCRUNTIME140.dll
0x00007ffec6500000 - 0x00007ffec66a0000 	C:\WINDOWS\System32\USER32.dll
0x00007ffec4ee0000 - 0x00007ffec4f02000 	C:\WINDOWS\System32\win32u.dll
0x00007ffeb43a0000 - 0x00007ffeb463b000 	C:\WINDOWS\WinSxS\amd64_microsoft.windows.common-controls_6595b64144ccf1df_6.0.19041.488_none_ca04af081b815d21\COMCTL32.dll
0x00007ffec6da0000 - 0x00007ffec6dca000 	C:\WINDOWS\System32\GDI32.dll
0x00007ffec6d00000 - 0x00007ffec6d9e000 	C:\WINDOWS\System32\msvcrt.dll
0x00007ffec4790000 - 0x00007ffec4899000 	C:\WINDOWS\System32\gdi32full.dll
0x00007ffec45f0000 - 0x00007ffec468d000 	C:\WINDOWS\System32\msvcp_win.dll
0x00007ffec50d0000 - 0x00007ffec5100000 	C:\WINDOWS\System32\IMM32.DLL
0x00007ffea0aa0000 - 0x00007ffea0b44000 	C:\Program Files\McAfee\Endpoint Security\Threat Prevention\Ips\EpMPApi.dll
0x00007ffec4fa0000 - 0x00007ffec50cb000 	C:\WINDOWS\System32\RPCRT4.dll
0x00007ffec66b0000 - 0x00007ffec675c000 	C:\WINDOWS\System32\ADVAPI32.dll
0x00007ffec6dd0000 - 0x00007ffec6e6c000 	C:\WINDOWS\System32\sechost.dll
0x00007ffec4d50000 - 0x00007ffec4db0000 	C:\WINDOWS\System32\WINTRUST.dll
0x00007ffec4b70000 - 0x00007ffec4ccd000 	C:\WINDOWS\System32\CRYPT32.dll
0x00007ffec41e0000 - 0x00007ffec41f2000 	C:\WINDOWS\SYSTEM32\MSASN1.dll
0x000000005c8c0000 - 0x000000005c8cc000 	C:\Program Files\McAfee\Endpoint Security\Threat Prevention\Ips\EpMPThe.dll
0x00007ffe953b0000 - 0x00007ffe9544b000 	C:\Program Files\AdoptOpenJDK\jdk-11.0.9.101-hotspot\bin\msvcp140.dll
0x00007ffe750c0000 - 0x00007ffe75c03000 	C:\Program Files\AdoptOpenJDK\jdk-11.0.9.101-hotspot\bin\server\jvm.dll
0x00007ffec66a0000 - 0x00007ffec66a8000 	C:\WINDOWS\System32\PSAPI.DLL
0x00007ffea9360000 - 0x00007ffea9369000 	C:\WINDOWS\SYSTEM32\WSOCK32.dll
0x00007ffeb88c0000 - 0x00007ffeb88ca000 	C:\WINDOWS\SYSTEM32\VERSION.dll
0x00007ffeb47f0000 - 0x00007ffeb4817000 	C:\WINDOWS\SYSTEM32\WINMM.dll
0x00007ffec5b30000 - 0x00007ffec5b9b000 	C:\WINDOWS\System32\WS2_32.dll
0x00007ffec2510000 - 0x00007ffec2522000 	C:\WINDOWS\SYSTEM32\kernel.appcore.dll
0x00007ffebfe20000 - 0x00007ffebfe30000 	C:\Program Files\AdoptOpenJDK\jdk-11.0.9.101-hotspot\bin\verify.dll
0x00007ffeb0550000 - 0x00007ffeb0734000 	C:\WINDOWS\SYSTEM32\DBGHELP.DLL
0x00007ffea9370000 - 0x00007ffea939c000 	C:\WINDOWS\SYSTEM32\dbgcore.DLL
0x00007ffec4cd0000 - 0x00007ffec4d50000 	C:\WINDOWS\System32\bcryptPrimitives.dll
0x00007ffea4910000 - 0x00007ffea4938000 	C:\Program Files\AdoptOpenJDK\jdk-11.0.9.101-hotspot\bin\java.dll
0x00007ffebec30000 - 0x00007ffebec3a000 	C:\Program Files\AdoptOpenJDK\jdk-11.0.9.101-hotspot\bin\jimage.dll
0x00007ffea0c50000 - 0x00007ffea0c67000 	C:\Program Files\AdoptOpenJDK\jdk-11.0.9.101-hotspot\bin\zip.dll
0x00007ffec5c00000 - 0x00007ffec6342000 	C:\WINDOWS\System32\SHELL32.dll
0x00007ffec2710000 - 0x00007ffec2ea5000 	C:\WINDOWS\SYSTEM32\windows.storage.dll
0x00007ffec5320000 - 0x00007ffec5676000 	C:\WINDOWS\System32\combase.dll
0x00007ffec3f20000 - 0x00007ffec3f4c000 	C:\WINDOWS\SYSTEM32\Wldp.dll
0x00007ffec6bf0000 - 0x00007ffec6c9e000 	C:\WINDOWS\System32\SHCORE.dll
0x00007ffec5240000 - 0x00007ffec5295000 	C:\WINDOWS\System32\shlwapi.dll
0x00007ffec4520000 - 0x00007ffec4546000 	C:\WINDOWS\SYSTEM32\profapi.dll
0x00007ffe9eae0000 - 0x00007ffe9eaf9000 	C:\Program Files\AdoptOpenJDK\jdk-11.0.9.101-hotspot\bin\net.dll
0x00007ffeb8e80000 - 0x00007ffeb8f80000 	C:\WINDOWS\SYSTEM32\WINHTTP.dll
0x00007ffec3d10000 - 0x00007ffec3d7a000 	C:\WINDOWS\system32\mswsock.dll
0x00007ffe9e170000 - 0x00007ffe9e182000 	C:\Program Files\AdoptOpenJDK\jdk-11.0.9.101-hotspot\bin\nio.dll
0x00007ffeab4e0000 - 0x00007ffeab4e9000 	C:\Program Files\AdoptOpenJDK\jdk-11.0.9.101-hotspot\bin\management.dll
0x00007ffea3980000 - 0x00007ffea398b000 	C:\Program Files\AdoptOpenJDK\jdk-11.0.9.101-hotspot\bin\management_ext.dll
0x00007ffeb7ac0000 - 0x00007ffeb7ad7000 	C:\WINDOWS\system32\napinsp.dll
0x00007ffeb7aa0000 - 0x00007ffeb7abb000 	C:\WINDOWS\system32\pnrpnsp.dll
0x00007ffebf360000 - 0x00007ffebf375000 	C:\WINDOWS\system32\wshbth.dll
0x00007ffebfd20000 - 0x00007ffebfd3d000 	C:\WINDOWS\system32\NLAapi.dll
0x00007ffec3a20000 - 0x00007ffec3a5b000 	C:\WINDOWS\SYSTEM32\IPHLPAPI.DLL
0x00007ffec3a60000 - 0x00007ffec3b2b000 	C:\WINDOWS\SYSTEM32\DNSAPI.dll
0x00007ffec5230000 - 0x00007ffec5238000 	C:\WINDOWS\System32\NSI.dll
0x00007ffeb7ae0000 - 0x00007ffeb7af2000 	C:\WINDOWS\System32\winrnr.dll
0x00007ffeb8a70000 - 0x00007ffeb8a7a000 	C:\Windows\System32\rasadhlp.dll
0x00007ffebded0000 - 0x00007ffebdf4f000 	C:\WINDOWS\System32\fwpuclnt.dll
0x00007ffec4db0000 - 0x00007ffec4dd7000 	C:\WINDOWS\System32\bcrypt.dll
0x00007ffec3f60000 - 0x00007ffec3f78000 	C:\WINDOWS\SYSTEM32\CRYPTSP.dll
0x00007ffec3660000 - 0x00007ffec3694000 	C:\WINDOWS\system32\rsaenh.dll
0x00007ffec44a0000 - 0x00007ffec44ce000 	C:\WINDOWS\SYSTEM32\USERENV.dll
0x00007ffec3e90000 - 0x00007ffec3e9c000 	C:\WINDOWS\SYSTEM32\CRYPTBASE.dll
0x00007ffebe330000 - 0x00007ffebe347000 	C:\WINDOWS\SYSTEM32\dhcpcsvc6.DLL
0x00007ffebe2c0000 - 0x00007ffebe2dd000 	C:\WINDOWS\SYSTEM32\dhcpcsvc.DLL
0x00007ffe964d0000 - 0x00007ffe964f5000 	C:\Program Files\AdoptOpenJDK\jdk-11.0.9.101-hotspot\bin\sunec.dll

dbghelp: loaded successfully - version: 4.0.5 - missing functions: none
symbol engine: initialized successfully - sym options: 0x614 - pdb path: .;C:\Program Files\AdoptOpenJDK\jdk-11.0.9.101-hotspot\bin;C:\WINDOWS\SYSTEM32;C:\WINDOWS\WinSxS\amd64_microsoft.windows.common-controls_6595b64144ccf1df_6.0.19041.488_none_ca04af081b815d21;C:\Program Files\McAfee\Endpoint Security\Threat Prevention\Ips;C:\Program Files\AdoptOpenJDK\jdk-11.0.9.101-hotspot\bin\server

VM Arguments:
jvm_args: -Dfile.encoding=UTF-8 
java_command: br.hspm.isolamento.IsolamentoApplication
java_class_path (initial): C:\Users\h013026\OneDrive - Default Directory\Workspace_Sistema_Isolado\isolamento\target\classes;C:\Users\h013026\.m2\repository\org\springframework\boot\spring-boot-starter-web\2.6.1\spring-boot-starter-web-2.6.1.jar;C:\Users\h013026\.m2\repository\org\springframework\boot\spring-boot-starter\2.6.1\spring-boot-starter-2.6.1.jar;C:\Users\h013026\.m2\repository\org\springframework\boot\spring-boot-starter-logging\2.6.1\spring-boot-starter-logging-2.6.1.jar;C:\Users\h013026\.m2\repository\ch\qos\logback\logback-classic\1.2.7\logback-classic-1.2.7.jar;C:\Users\h013026\.m2\repository\ch\qos\logback\logback-core\1.2.7\logback-core-1.2.7.jar;C:\Users\h013026\.m2\repository\org\apache\logging\log4j\log4j-to-slf4j\2.14.1\log4j-to-slf4j-2.14.1.jar;C:\Users\h013026\.m2\repository\org\apache\logging\log4j\log4j-api\2.14.1\log4j-api-2.14.1.jar;C:\Users\h013026\.m2\repository\org\slf4j\jul-to-slf4j\1.7.32\jul-to-slf4j-1.7.32.jar;C:\Users\h013026\.m2\repository\jakarta\annotation\jakarta.annotation-api\1.3.5\jakarta.annotation-api-1.3.5.jar;C:\Users\h013026\.m2\repository\org\yaml\snakeyaml\1.29\snakeyaml-1.29.jar;C:\Users\h013026\.m2\repository\org\springframework\boot\spring-boot-starter-json\2.6.1\spring-boot-starter-json-2.6.1.jar;C:\Users\h013026\.m2\repository\com\fasterxml\jackson\datatype\jackson-datatype-jdk8\2.13.0\jackson-datatype-jdk8-2.13.0.jar;C:\Users\h013026\.m2\repository\com\fasterxml\jackson\datatype\jackson-datatype-jsr310\2.13.0\jackson-datatype-jsr310-2.13.0.jar;C:\Users\h013026\.m2\repository\com\fasterxml\jackson\module\jackson-module-parameter-names\2.13.0\jackson-module-parameter-names-2.13.0.jar;C:\Users\h013026\.m2\repository\org\springframework\boot\spring-boot-starter-tomcat\2.6.1\spring-boot-starter-tomcat-2.6.1.jar;C:\Users\h013026\.m2\repository\org\apache\tomcat\embed\tomcat-embed-core\9.0.55\tomcat-embed-core-9.0.55.jar;C:\Users\h013026\.m2\repository\org\apache\tomcat\embed\tomcat-embed-websocket\9.0.55\tomcat-embe
Launcher Type: SUN_STANDARD

[Global flags]
     intx CICompilerCount                          = 3                                         {product} {ergonomic}
     uint ConcGCThreads                            = 1                                         {product} {ergonomic}
     uint G1ConcRefinementThreads                  = 4                                         {product} {ergonomic}
   size_t G1HeapRegionSize                         = 1048576                                   {product} {ergonomic}
    uintx GCDrainStackTargetSize                   = 64                                        {product} {ergonomic}
   size_t InitialHeapSize                          = 134217728                                 {product} {ergonomic}
   size_t MarkStackSize                            = 4194304                                   {product} {ergonomic}
   size_t MaxHeapSize                              = 2116026368                                {product} {ergonomic}
   size_t MaxNewSize                               = 1268776960                                {product} {ergonomic}
   size_t MinHeapDeltaBytes                        = 1048576                                   {product} {ergonomic}
    uintx NonNMethodCodeHeapSize                   = 5830732                                {pd product} {ergonomic}
    uintx NonProfiledCodeHeapSize                  = 122913754                              {pd product} {ergonomic}
    uintx ProfiledCodeHeapSize                     = 122913754                              {pd product} {ergonomic}
    uintx ReservedCodeCacheSize                    = 251658240                              {pd product} {ergonomic}
     bool SegmentedCodeCache                       = true                                      {product} {ergonomic}
     bool UseCompressedClassPointers               = true                                 {lp64_product} {ergonomic}
     bool UseCompressedOops                        = true                                 {lp64_product} {ergonomic}
     bool UseG1GC                                  = true                                      {product} {ergonomic}
     bool UseLargePagesIndividualAllocation        = false                                  {pd product} {ergonomic}

Logging:
Log output configuration:
 #0: stdout all=warning uptime,level,tags
 #1: stderr all=off uptime,level,tags

Environment Variables:
JAVA_HOME=C:\Program Files\AdoptOpenJDK\jdk-11.0.9.101-hotspot\
PATH=C:/Program Files/AdoptOpenJDK/jdk-11.0.9.101-hotspot/bin/client;C:/Program Files/AdoptOpenJDK/jdk-11.0.9.101-hotspot/bin;C:\Program Files\AdoptOpenJDK\jdk-11.0.9.101-hotspot\bin;C:\Program Files (x86)\Common Files\Oracle\Java\javapath;C:\Program Files\Microsoft MPI\Bin\;C:\ProgramData\Oracle\Java\javapath;C:\Windows\system32;C:\Windows;C:\Windows\System32\Wbem;C:\Windows\System32\WindowsPowerShell\v1.0\;C:\Program Files\SourceGear\Common\DiffMerge\;C:\Program Files\dotnet\;C:\Program Files\Microsoft SQL Server\130\Tools\Binn\;C:\Program Files\PostgreSQL\10\bin;C:\Program Files\PostgreSQL\10\lib;C:\Program Files\Microsoft VS Code\bin;C:\Program Files\MongoDB\Server\4.0\bin;C:\Program Files\RStudio\bin;C:\Program Files\R\R-3.5.3\bin;C:\ProgramData\chocolatey\bin;C:\Program Files (x86)\vim\vim80;C:\apache-maven-3.6.3\bin;C:\Program Files\Java\jdk1.8.0_241\bin;C:\Program Files (x86)\Microsoft SQL Server\100\Tools\Binn\;C:\Program Files\Microsoft SQL Server\100\Tools\Binn\;C:\Program Files\Microsoft SQL Server\100\DTS\Binn\;C:\Program Files (x86)\Microsoft SQL Server\100\Tools\Binn\VSShell\Common7\IDE\;C:\Program Files (x86)\Microsoft SQL Server\100\DTS\Binn\;C:\Program Files (x86)\Microsoft Visual Studio 9.0\Common7\IDE\PrivateAssemblies\;C:\WINDOWS\system32;C:\WINDOWS;C:\WINDOWS\System32\Wbem;C:\WINDOWS\System32\WindowsPowerShell\v1.0\;C:\WINDOWS\System32\OpenSSH\;c:\Program Files (x86)\Microsoft SQL Server\110\Tools\Binn\;c:\Program Files\Microsoft SQL Server\110\Tools\Binn\;c:\Program Files\Microsoft SQL Server\110\DTS\Binn\;C:\Users\h013026\Anaconda3\Scripts;C:\Program Files\Microsoft SQL Server\Client SDK\ODBC\170\Tools\Binn\;C:\Users\h013026\.sdkman\bin;C:\flyway-8.0.0-beta3;C:\Program Files\Git\cmd;C:\Program Files\Docker\Docker\resources\bin;C:\ProgramData\DockerDesktop\version-bin;C:\Program Files\nodejs\;C:\Program Files\PuTTY\;%C:\Program Files (x86)\Common Files\Oracle\Java\javapath;C:\Program Files\Microsoft MPI\Bin\;C:\ProgramData\Oracle\Java\javapath;C:
USERNAME=h013026
OS=Windows_NT
PROCESSOR_IDENTIFIER=Intel64 Family 6 Model 94 Stepping 3, GenuineIntel



---------------  S Y S T E M  ---------------

OS: Windows 10 , 64 bit Build 19041 (10.0.19041.662)
OS uptime: 0 days 5:57 hours
HyperV virtualization detected

CPU:total 4 (initial active 4) (4 cores per cpu, 1 threads per core) family 6 model 94 stepping 3, cmov, cx8, fxsr, mmx, sse, sse2, sse3, ssse3, sse4.1, sse4.2, popcnt, avx, avx2, aes, clmul, erms, rtm, 3dnowpref, lzcnt, tsc, tscinvbit, bmi1, bmi2, adx, fma

Memory: 4k page, system-wide physical 8071M (878M free)
TotalPageFile size 9975M (AvailPageFile size 6M)
current process WorkingSet (physical memory assigned to process): 301M, peak: 304M
current process commit charge ("private bytes"): 367M, peak: 369M

vm_info: OpenJDK 64-Bit Server VM (11.0.9.1+1) for windows-amd64 JRE (11.0.9.1+1), built on Nov 10 2020 15:18:49 by "" with MS VC++ 15.9 (VS2017)

END.
