#
# There is insufficient memory for the Java Runtime Environment to continue.
# Native memory allocation (malloc) failed to allocate 1172816 bytes for Chunk::new
# Possible reasons:
#   The system is out of physical RAM or swap space
#   The process is running with CompressedOops enabled, and the Java Heap may be blocking the growth of the native heap
# Possible solutions:
#   Reduce memory load on the system
#   Increase physical memory or swap space
#   Check if swap backing store is full
#   Decrease Java heap size (-Xmx/-Xms)
#   Decrease number of Java threads
#   Decrease Java thread stack sizes (-Xss)
#   Set larger code cache with -XX:ReservedCodeCacheSize=
#   JVM is running with Unscaled Compressed Oops mode in which the Java heap is
#     placed in the first 4GB address space. The Java Heap base address is the
#     maximum limit for the native heap growth. Please use -XX:HeapBaseMinAddress
#     to set the Java Heap base and to place the Java Heap above 4GB virtual address.
# This output file may be truncated or incomplete.
#
#  Out of Memory Error (./src/hotspot/share/memory/arena.cpp:197), pid=16720, tid=17036
#
# JRE version: OpenJDK Runtime Environment AdoptOpenJDK (11.0.9.1+1) (build 11.0.9.1+1)
# Java VM: OpenJDK 64-Bit Server VM AdoptOpenJDK (11.0.9.1+1, mixed mode, tiered, compressed oops, g1 gc, windows-amd64)
# No core dump will be written. Minidumps are not enabled by default on client versions of Windows
#

---------------  S U M M A R Y ------------

Command Line: -ea -Dfile.encoding=UTF-8 org.eclipse.jdt.internal.junit.runner.RemoteTestRunner -version 3 -port 1042 -testLoaderClass org.eclipse.jdt.internal.junit5.runner.JUnit5TestLoader -loaderpluginname org.eclipse.jdt.junit5.runtime -classNames br.hspm.isolamento.controller.PacienteControllerTest

Host: Intel(R) Core(TM) i5-6500 CPU @ 3.20GHz, 4 cores, 7G,  Windows 10 , 64 bit Build 19041 (10.0.19041.662)
Time: Fri Dec 10 18:12:03 2021 E. South America Standard Time elapsed time: 5.254224 seconds (0d 0h 0m 5s)

---------------  T H R E A D  ---------------

Current thread (0x0000020676184000):  JavaThread "C2 CompilerThread0" daemon [_thread_in_native, id=17036, stack(0x000000f4ee300000,0x000000f4ee400000)]


Current CompileTask:
C2:   5254 4213       4       org.springframework.boot.context.properties.source.SpringConfigurationPropertySources$SourcesIterator::fetchNext (138 bytes)

Stack: [0x000000f4ee300000,0x000000f4ee400000]
Native frames: (J=compiled Java code, j=interpreted, Vv=VM code, C=native code)
V  [jvm.dll+0x5f465a]
V  [jvm.dll+0x77c78e]
V  [jvm.dll+0x77de5f]
V  [jvm.dll+0x77e523]
V  [jvm.dll+0x2477c8]
V  [jvm.dll+0xbe2ec]
V  [jvm.dll+0xbe9ec]
V  [jvm.dll+0x34d112]
V  [jvm.dll+0x1995e1]
V  [jvm.dll+0x201192]
V  [jvm.dll+0x20023f]
V  [jvm.dll+0x184fbc]
V  [jvm.dll+0x20f7f7]
V  [jvm.dll+0x20d9db]
V  [jvm.dll+0x741029]
V  [jvm.dll+0x73a0d4]
V  [jvm.dll+0x5f3586]
C  [ucrtbase.dll+0x214c2]
C  [KERNEL32.DLL+0x17034]
C  [ntdll.dll+0x4d0d1]


---------------  P R O C E S S  ---------------

Threads class SMR info:
_java_thread_list=0x000002067bd483c0, length=14, elements={
0x0000020657219800, 0x0000020676132800, 0x0000020675928000, 0x000002067617b800,
0x000002067617f800, 0x0000020676184000, 0x0000020676193800, 0x000002067619f000,
0x0000020676449800, 0x00000206762f8000, 0x00000206766d5800, 0x0000020676ee6800,
0x0000020679772800, 0x000002067b41d800
}

Java Threads: ( => current thread )
  0x0000020657219800 JavaThread "main" [_thread_in_Java, id=12132, stack(0x000000f4ed800000,0x000000f4ed900000)]
  0x0000020676132800 JavaThread "Reference Handler" daemon [_thread_blocked, id=18348, stack(0x000000f4edf00000,0x000000f4ee000000)]
  0x0000020675928000 JavaThread "Finalizer" daemon [_thread_blocked, id=2908, stack(0x000000f4ee000000,0x000000f4ee100000)]
  0x000002067617b800 JavaThread "Signal Dispatcher" daemon [_thread_blocked, id=1808, stack(0x000000f4ee100000,0x000000f4ee200000)]
  0x000002067617f800 JavaThread "Attach Listener" daemon [_thread_blocked, id=9840, stack(0x000000f4ee200000,0x000000f4ee300000)]
=>0x0000020676184000 JavaThread "C2 CompilerThread0" daemon [_thread_in_native, id=17036, stack(0x000000f4ee300000,0x000000f4ee400000)]
  0x0000020676193800 JavaThread "C1 CompilerThread0" daemon [_thread_in_native, id=1524, stack(0x000000f4ee400000,0x000000f4ee500000)]
  0x000002067619f000 JavaThread "Sweeper thread" daemon [_thread_blocked, id=17744, stack(0x000000f4ee500000,0x000000f4ee600000)]
  0x0000020676449800 JavaThread "Service Thread" daemon [_thread_blocked, id=8960, stack(0x000000f4ee600000,0x000000f4ee700000)]
  0x00000206762f8000 JavaThread "Common-Cleaner" daemon [_thread_blocked, id=13168, stack(0x000000f4ee800000,0x000000f4ee900000)]
  0x00000206766d5800 JavaThread "C2 CompilerThread1" daemon [_thread_in_native, id=19380, stack(0x000000f4ee900000,0x000000f4eea00000)]
  0x0000020676ee6800 JavaThread "ReaderThread" [_thread_in_native, id=13400, stack(0x000000f4eec00000,0x000000f4eed00000)]
  0x0000020679772800 JavaThread "HikariPool-1 housekeeper" daemon [_thread_blocked, id=17504, stack(0x000000f4eee00000,0x000000f4eef00000)]
  0x000002067b41d800 JavaThread "HikariPool-1 connection adder" daemon [_thread_blocked, id=14968, stack(0x000000f4eef00000,0x000000f4ef000000)]

Other Threads:
  0x000002067591b000 VMThread "VM Thread" [stack: 0x000000f4ede00000,0x000000f4edf00000] [id=17572]
  0x000002067644c000 WatcherThread [stack: 0x000000f4ee700000,0x000000f4ee800000] [id=17140]
  0x0000020657230000 GCTaskThread "GC Thread#0" [stack: 0x000000f4ed900000,0x000000f4eda00000] [id=11480]
  0x0000020676b59000 GCTaskThread "GC Thread#1" [stack: 0x000000f4eea00000,0x000000f4eeb00000] [id=14836]
  0x0000020676cbd800 GCTaskThread "GC Thread#2" [stack: 0x000000f4eeb00000,0x000000f4eec00000] [id=18608]
  0x0000020677431800 GCTaskThread "GC Thread#3" [stack: 0x000000f4eed00000,0x000000f4eee00000] [id=1720]
  0x0000020657260000 ConcurrentGCThread "G1 Main Marker" [stack: 0x000000f4eda00000,0x000000f4edb00000] [id=6432]
  0x0000020657261800 ConcurrentGCThread "G1 Conc#0" [stack: 0x000000f4edb00000,0x000000f4edc00000] [id=14052]
  0x00000206572bd800 ConcurrentGCThread "G1 Refine#0" [stack: 0x000000f4edc00000,0x000000f4edd00000] [id=15200]
  0x00000206572be800 ConcurrentGCThread "G1 Young RemSet Sampling" [stack: 0x000000f4edd00000,0x000000f4ede00000] [id=10548]

Threads with active compile tasks:
C2 CompilerThread0   5342 4213       4       org.springframework.boot.context.properties.source.SpringConfigurationPropertySources$SourcesIterator::fetchNext (138 bytes)
C1 CompilerThread0   5343 4365       3       org.h2.command.Parser::readTerm (1618 bytes)
C2 CompilerThread1   5343 4283       4       java.lang.invoke.MethodType::makeImpl (108 bytes)

VM state:not at safepoint (normal execution)

VM Mutex/Monitor currently owned by a thread: None

Heap address: 0x0000000081e00000, size: 2018 MB, Compressed Oops mode: 32-bit
Narrow klass base: 0x0000000000000000, Narrow klass shift: 3
Compressed class space size: 1073741824 Address: 0x0000000100000000

Heap:
 garbage-first heap   total 157696K, used 78575K [0x0000000081e00000, 0x0000000100000000)
  region size 1024K, 67 young (68608K), 9 survivors (9216K)
 Metaspace       used 47730K, capacity 49179K, committed 49408K, reserved 1091584K
  class space    used 5784K, capacity 6359K, committed 6400K, reserved 1048576K
Heap Regions: E=young(eden), S=young(survivor), O=old, HS=humongous(starts), HC=humongous(continues), CS=collection set, F=free, A=archive, TAMS=top-at-mark-start (previous, next)
|   0|0x0000000081e00000, 0x0000000081f00000, 0x0000000081f00000|100%|HS|  |TAMS 0x0000000081f00000, 0x0000000081e00000| Complete 
|   1|0x0000000081f00000, 0x0000000082000000, 0x0000000082000000|100%| O|  |TAMS 0x0000000082000000, 0x0000000081f00000| Untracked 
|   2|0x0000000082000000, 0x0000000082100000, 0x0000000082100000|100%| O|  |TAMS 0x0000000082100000, 0x0000000082000000| Untracked 
|   3|0x0000000082100000, 0x0000000082200000, 0x0000000082200000|100%| O|  |TAMS 0x0000000082200000, 0x0000000082100000| Untracked 
|   4|0x0000000082200000, 0x0000000082300000, 0x0000000082300000|100%| O|  |TAMS 0x0000000082300000, 0x0000000082200000| Untracked 
|   5|0x0000000082300000, 0x0000000082400000, 0x0000000082400000|100%| O|  |TAMS 0x0000000082400000, 0x0000000082300000| Untracked 
|   6|0x0000000082400000, 0x0000000082500000, 0x0000000082500000|100%| O|  |TAMS 0x0000000082500000, 0x0000000082400000| Untracked 
|   7|0x0000000082500000, 0x0000000082600000, 0x0000000082600000|100%| O|  |TAMS 0x0000000082600000, 0x0000000082500000| Untracked 
|   8|0x0000000082600000, 0x0000000082700000, 0x0000000082700000|100%| O|  |TAMS 0x0000000082700000, 0x0000000082600000| Untracked 
|   9|0x0000000082700000, 0x0000000082800000, 0x0000000082800000|100%| O|  |TAMS 0x00000000827e1200, 0x0000000082700000| Untracked 
|  10|0x0000000082800000, 0x00000000828d1e00, 0x0000000082900000| 81%| O|  |TAMS 0x0000000082800000, 0x0000000082800000| Untracked 
|  11|0x0000000082900000, 0x0000000082900000, 0x0000000082a00000|  0%| F|  |TAMS 0x0000000082900000, 0x0000000082900000| Untracked 
|  12|0x0000000082a00000, 0x0000000082a00000, 0x0000000082b00000|  0%| F|  |TAMS 0x0000000082a00000, 0x0000000082a00000| Untracked 
|  13|0x0000000082b00000, 0x0000000082b00000, 0x0000000082c00000|  0%| F|  |TAMS 0x0000000082b00000, 0x0000000082b00000| Untracked 
|  14|0x0000000082c00000, 0x0000000082c00000, 0x0000000082d00000|  0%| F|  |TAMS 0x0000000082c00000, 0x0000000082c00000| Untracked 
|  15|0x0000000082d00000, 0x0000000082d00000, 0x0000000082e00000|  0%| F|  |TAMS 0x0000000082d00000, 0x0000000082d00000| Untracked 
|  16|0x0000000082e00000, 0x0000000082e00000, 0x0000000082f00000|  0%| F|  |TAMS 0x0000000082e00000, 0x0000000082e00000| Untracked 
|  17|0x0000000082f00000, 0x0000000082f00000, 0x0000000083000000|  0%| F|  |TAMS 0x0000000082f00000, 0x0000000082f00000| Untracked 
|  18|0x0000000083000000, 0x0000000083000000, 0x0000000083100000|  0%| F|  |TAMS 0x0000000083000000, 0x0000000083000000| Untracked 
|  19|0x0000000083100000, 0x0000000083100000, 0x0000000083200000|  0%| F|  |TAMS 0x0000000083100000, 0x0000000083100000| Untracked 
|  20|0x0000000083200000, 0x0000000083200000, 0x0000000083300000|  0%| F|  |TAMS 0x0000000083200000, 0x0000000083200000| Untracked 
|  21|0x0000000083300000, 0x0000000083300000, 0x0000000083400000|  0%| F|  |TAMS 0x0000000083300000, 0x0000000083300000| Untracked 
|  22|0x0000000083400000, 0x0000000083400000, 0x0000000083500000|  0%| F|  |TAMS 0x0000000083400000, 0x0000000083400000| Untracked 
|  23|0x0000000083500000, 0x0000000083500000, 0x0000000083600000|  0%| F|  |TAMS 0x0000000083500000, 0x0000000083500000| Untracked 
|  24|0x0000000083600000, 0x0000000083600000, 0x0000000083700000|  0%| F|  |TAMS 0x0000000083600000, 0x0000000083600000| Untracked 
|  25|0x0000000083700000, 0x0000000083700000, 0x0000000083800000|  0%| F|  |TAMS 0x0000000083700000, 0x0000000083700000| Untracked 
|  26|0x0000000083800000, 0x0000000083800000, 0x0000000083900000|  0%| F|  |TAMS 0x0000000083800000, 0x0000000083800000| Untracked 
|  27|0x0000000083900000, 0x0000000083900000, 0x0000000083a00000|  0%| F|  |TAMS 0x0000000083900000, 0x0000000083900000| Untracked 
|  28|0x0000000083a00000, 0x0000000083a00000, 0x0000000083b00000|  0%| F|  |TAMS 0x0000000083a00000, 0x0000000083a00000| Untracked 
|  29|0x0000000083b00000, 0x0000000083b00000, 0x0000000083c00000|  0%| F|  |TAMS 0x0000000083b00000, 0x0000000083b00000| Untracked 
|  30|0x0000000083c00000, 0x0000000083c00000, 0x0000000083d00000|  0%| F|  |TAMS 0x0000000083c00000, 0x0000000083c00000| Untracked 
|  31|0x0000000083d00000, 0x0000000083d00000, 0x0000000083e00000|  0%| F|  |TAMS 0x0000000083d00000, 0x0000000083d00000| Untracked 
|  32|0x0000000083e00000, 0x0000000083e00000, 0x0000000083f00000|  0%| F|  |TAMS 0x0000000083e00000, 0x0000000083e00000| Untracked 
|  33|0x0000000083f00000, 0x0000000083f00000, 0x0000000084000000|  0%| F|  |TAMS 0x0000000083f00000, 0x0000000083f00000| Untracked 
|  34|0x0000000084000000, 0x0000000084000000, 0x0000000084100000|  0%| F|  |TAMS 0x0000000084000000, 0x0000000084000000| Untracked 
|  35|0x0000000084100000, 0x0000000084100000, 0x0000000084200000|  0%| F|  |TAMS 0x0000000084100000, 0x0000000084100000| Untracked 
|  36|0x0000000084200000, 0x0000000084200000, 0x0000000084300000|  0%| F|  |TAMS 0x0000000084200000, 0x0000000084200000| Untracked 
|  37|0x0000000084300000, 0x0000000084300000, 0x0000000084400000|  0%| F|  |TAMS 0x0000000084300000, 0x0000000084300000| Untracked 
|  38|0x0000000084400000, 0x0000000084400000, 0x0000000084500000|  0%| F|  |TAMS 0x0000000084400000, 0x0000000084400000| Untracked 
|  39|0x0000000084500000, 0x0000000084500000, 0x0000000084600000|  0%| F|  |TAMS 0x0000000084500000, 0x0000000084500000| Untracked 
|  40|0x0000000084600000, 0x0000000084600000, 0x0000000084700000|  0%| F|  |TAMS 0x0000000084600000, 0x0000000084600000| Untracked 
|  41|0x0000000084700000, 0x0000000084700000, 0x0000000084800000|  0%| F|  |TAMS 0x0000000084700000, 0x0000000084700000| Untracked 
|  42|0x0000000084800000, 0x0000000084800000, 0x0000000084900000|  0%| F|  |TAMS 0x0000000084800000, 0x0000000084800000| Untracked 
|  43|0x0000000084900000, 0x0000000084900000, 0x0000000084a00000|  0%| F|  |TAMS 0x0000000084900000, 0x0000000084900000| Untracked 
|  44|0x0000000084a00000, 0x0000000084a00000, 0x0000000084b00000|  0%| F|  |TAMS 0x0000000084a00000, 0x0000000084a00000| Untracked 
|  45|0x0000000084b00000, 0x0000000084b00000, 0x0000000084c00000|  0%| F|  |TAMS 0x0000000084b00000, 0x0000000084b00000| Untracked 
|  46|0x0000000084c00000, 0x0000000084c00000, 0x0000000084d00000|  0%| F|  |TAMS 0x0000000084c00000, 0x0000000084c00000| Untracked 
|  47|0x0000000084d00000, 0x0000000084d00000, 0x0000000084e00000|  0%| F|  |TAMS 0x0000000084d00000, 0x0000000084d00000| Untracked 
|  48|0x0000000084e00000, 0x0000000084e00000, 0x0000000084f00000|  0%| F|  |TAMS 0x0000000084e00000, 0x0000000084e00000| Untracked 
|  49|0x0000000084f00000, 0x0000000084f00000, 0x0000000085000000|  0%| F|  |TAMS 0x0000000084f00000, 0x0000000084f00000| Untracked 
|  50|0x0000000085000000, 0x0000000085000000, 0x0000000085100000|  0%| F|  |TAMS 0x0000000085000000, 0x0000000085000000| Untracked 
|  51|0x0000000085100000, 0x0000000085100000, 0x0000000085200000|  0%| F|  |TAMS 0x0000000085100000, 0x0000000085100000| Untracked 
|  52|0x0000000085200000, 0x0000000085200000, 0x0000000085300000|  0%| F|  |TAMS 0x0000000085200000, 0x0000000085200000| Untracked 
|  53|0x0000000085300000, 0x00000000853ea1c8, 0x0000000085400000| 91%| S|CS|TAMS 0x0000000085300000, 0x0000000085300000| Complete 
|  54|0x0000000085400000, 0x0000000085500000, 0x0000000085500000|100%| S|CS|TAMS 0x0000000085400000, 0x0000000085400000| Complete 
|  55|0x0000000085500000, 0x0000000085600000, 0x0000000085600000|100%| S|CS|TAMS 0x0000000085500000, 0x0000000085500000| Complete 
|  56|0x0000000085600000, 0x0000000085700000, 0x0000000085700000|100%| S|CS|TAMS 0x0000000085600000, 0x0000000085600000| Complete 
|  57|0x0000000085700000, 0x0000000085800000, 0x0000000085800000|100%| S|CS|TAMS 0x0000000085700000, 0x0000000085700000| Complete 
|  58|0x0000000085800000, 0x0000000085900000, 0x0000000085900000|100%| S|CS|TAMS 0x0000000085800000, 0x0000000085800000| Complete 
|  59|0x0000000085900000, 0x0000000085a00000, 0x0000000085a00000|100%| S|CS|TAMS 0x0000000085900000, 0x0000000085900000| Complete 
|  60|0x0000000085a00000, 0x0000000085b00000, 0x0000000085b00000|100%| S|CS|TAMS 0x0000000085a00000, 0x0000000085a00000| Complete 
|  61|0x0000000085b00000, 0x0000000085c00000, 0x0000000085c00000|100%| S|CS|TAMS 0x0000000085b00000, 0x0000000085b00000| Complete 
|  62|0x0000000085c00000, 0x0000000085c00000, 0x0000000085d00000|  0%| F|  |TAMS 0x0000000085c00000, 0x0000000085c00000| Untracked 
|  63|0x0000000085d00000, 0x0000000085d00000, 0x0000000085e00000|  0%| F|  |TAMS 0x0000000085d00000, 0x0000000085d00000| Untracked 
|  64|0x0000000085e00000, 0x0000000085e00000, 0x0000000085f00000|  0%| F|  |TAMS 0x0000000085e00000, 0x0000000085e00000| Untracked 
|  65|0x0000000085f00000, 0x0000000085f00000, 0x0000000086000000|  0%| F|  |TAMS 0x0000000085f00000, 0x0000000085f00000| Untracked 
|  66|0x0000000086000000, 0x0000000086000000, 0x0000000086100000|  0%| F|  |TAMS 0x0000000086000000, 0x0000000086000000| Untracked 
|  67|0x0000000086100000, 0x0000000086100000, 0x0000000086200000|  0%| F|  |TAMS 0x0000000086100000, 0x0000000086100000| Untracked 
|  68|0x0000000086200000, 0x0000000086200000, 0x0000000086300000|  0%| F|  |TAMS 0x0000000086200000, 0x0000000086200000| Untracked 
|  69|0x0000000086300000, 0x0000000086300000, 0x0000000086400000|  0%| F|  |TAMS 0x0000000086300000, 0x0000000086300000| Untracked 
|  70|0x0000000086400000, 0x0000000086400000, 0x0000000086500000|  0%| F|  |TAMS 0x0000000086400000, 0x0000000086400000| Untracked 
|  71|0x0000000086500000, 0x0000000086500000, 0x0000000086600000|  0%| F|  |TAMS 0x0000000086500000, 0x0000000086500000| Untracked 
|  72|0x0000000086600000, 0x0000000086600000, 0x0000000086700000|  0%| F|  |TAMS 0x0000000086600000, 0x0000000086600000| Untracked 
|  73|0x0000000086700000, 0x0000000086700000, 0x0000000086800000|  0%| F|  |TAMS 0x0000000086700000, 0x0000000086700000| Untracked 
|  74|0x0000000086800000, 0x0000000086800000, 0x0000000086900000|  0%| F|  |TAMS 0x0000000086800000, 0x0000000086800000| Untracked 
|  75|0x0000000086900000, 0x0000000086900000, 0x0000000086a00000|  0%| F|  |TAMS 0x0000000086900000, 0x0000000086900000| Untracked 
|  76|0x0000000086a00000, 0x0000000086a00000, 0x0000000086b00000|  0%| F|  |TAMS 0x0000000086a00000, 0x0000000086a00000| Untracked 
|  77|0x0000000086b00000, 0x0000000086b00000, 0x0000000086c00000|  0%| F|  |TAMS 0x0000000086b00000, 0x0000000086b00000| Untracked 
|  78|0x0000000086c00000, 0x0000000086c00000, 0x0000000086d00000|  0%| F|  |TAMS 0x0000000086c00000, 0x0000000086c00000| Untracked 
|  79|0x0000000086d00000, 0x0000000086d00000, 0x0000000086e00000|  0%| F|  |TAMS 0x0000000086d00000, 0x0000000086d00000| Untracked 
|  80|0x0000000086e00000, 0x0000000086e00000, 0x0000000086f00000|  0%| F|  |TAMS 0x0000000086e00000, 0x0000000086e00000| Untracked 
|  81|0x0000000086f00000, 0x0000000086f00000, 0x0000000087000000|  0%| F|  |TAMS 0x0000000086f00000, 0x0000000086f00000| Untracked 
|  82|0x0000000087000000, 0x0000000087000000, 0x0000000087100000|  0%| F|  |TAMS 0x0000000087000000, 0x0000000087000000| Untracked 
|  83|0x0000000087100000, 0x0000000087100000, 0x0000000087200000|  0%| F|  |TAMS 0x0000000087100000, 0x0000000087100000| Untracked 
|  84|0x0000000087200000, 0x0000000087200000, 0x0000000087300000|  0%| F|  |TAMS 0x0000000087200000, 0x0000000087200000| Untracked 
|  85|0x0000000087300000, 0x0000000087300000, 0x0000000087400000|  0%| F|  |TAMS 0x0000000087300000, 0x0000000087300000| Untracked 
|  86|0x0000000087400000, 0x0000000087400000, 0x0000000087500000|  0%| F|  |TAMS 0x0000000087400000, 0x0000000087400000| Untracked 
|  87|0x0000000087500000, 0x0000000087500000, 0x0000000087600000|  0%| F|  |TAMS 0x0000000087500000, 0x0000000087500000| Untracked 
|  88|0x0000000087600000, 0x0000000087600000, 0x0000000087700000|  0%| F|  |TAMS 0x0000000087600000, 0x0000000087600000| Untracked 
|  89|0x0000000087700000, 0x0000000087700000, 0x0000000087800000|  0%| F|  |TAMS 0x0000000087700000, 0x0000000087700000| Untracked 
|  90|0x0000000087800000, 0x0000000087800000, 0x0000000087900000|  0%| F|  |TAMS 0x0000000087800000, 0x0000000087800000| Untracked 
|  91|0x0000000087900000, 0x0000000087900000, 0x0000000087a00000|  0%| F|  |TAMS 0x0000000087900000, 0x0000000087900000| Untracked 
|  92|0x0000000087a00000, 0x0000000087a00000, 0x0000000087b00000|  0%| F|  |TAMS 0x0000000087a00000, 0x0000000087a00000| Untracked 
|  93|0x0000000087b00000, 0x0000000087b00000, 0x0000000087c00000|  0%| F|  |TAMS 0x0000000087b00000, 0x0000000087b00000| Untracked 
|  94|0x0000000087c00000, 0x0000000087c00000, 0x0000000087d00000|  0%| F|  |TAMS 0x0000000087c00000, 0x0000000087c00000| Untracked 
|  95|0x0000000087d00000, 0x0000000087d00000, 0x0000000087e00000|  0%| F|  |TAMS 0x0000000087d00000, 0x0000000087d00000| Untracked 
|  96|0x0000000087e00000, 0x0000000087e80800, 0x0000000087f00000| 50%| E|  |TAMS 0x0000000087e00000, 0x0000000087e00000| Complete 
|  97|0x0000000087f00000, 0x0000000088000000, 0x0000000088000000|100%| E|CS|TAMS 0x0000000087f00000, 0x0000000087f00000| Complete 
|  98|0x0000000088000000, 0x0000000088100000, 0x0000000088100000|100%| E|CS|TAMS 0x0000000088000000, 0x0000000088000000| Complete 
|  99|0x0000000088100000, 0x0000000088200000, 0x0000000088200000|100%| E|CS|TAMS 0x0000000088100000, 0x0000000088100000| Complete 
| 100|0x0000000088200000, 0x0000000088300000, 0x0000000088300000|100%| E|CS|TAMS 0x0000000088200000, 0x0000000088200000| Complete 
| 101|0x0000000088300000, 0x0000000088400000, 0x0000000088400000|100%| E|CS|TAMS 0x0000000088300000, 0x0000000088300000| Complete 
| 102|0x0000000088400000, 0x0000000088500000, 0x0000000088500000|100%| E|CS|TAMS 0x0000000088400000, 0x0000000088400000| Complete 
| 103|0x0000000088500000, 0x0000000088600000, 0x0000000088600000|100%| E|CS|TAMS 0x0000000088500000, 0x0000000088500000| Complete 
| 104|0x0000000088600000, 0x0000000088700000, 0x0000000088700000|100%| E|CS|TAMS 0x0000000088600000, 0x0000000088600000| Complete 
| 105|0x0000000088700000, 0x0000000088800000, 0x0000000088800000|100%| E|CS|TAMS 0x0000000088700000, 0x0000000088700000| Complete 
| 106|0x0000000088800000, 0x0000000088900000, 0x0000000088900000|100%| E|CS|TAMS 0x0000000088800000, 0x0000000088800000| Complete 
| 107|0x0000000088900000, 0x0000000088a00000, 0x0000000088a00000|100%| E|CS|TAMS 0x0000000088900000, 0x0000000088900000| Complete 
| 108|0x0000000088a00000, 0x0000000088b00000, 0x0000000088b00000|100%| E|CS|TAMS 0x0000000088a00000, 0x0000000088a00000| Complete 
| 109|0x0000000088b00000, 0x0000000088c00000, 0x0000000088c00000|100%| E|CS|TAMS 0x0000000088b00000, 0x0000000088b00000| Complete 
| 110|0x0000000088c00000, 0x0000000088d00000, 0x0000000088d00000|100%| E|CS|TAMS 0x0000000088c00000, 0x0000000088c00000| Complete 
| 111|0x0000000088d00000, 0x0000000088e00000, 0x0000000088e00000|100%| E|CS|TAMS 0x0000000088d00000, 0x0000000088d00000| Complete 
| 112|0x0000000088e00000, 0x0000000088f00000, 0x0000000088f00000|100%| E|CS|TAMS 0x0000000088e00000, 0x0000000088e00000| Complete 
| 113|0x0000000088f00000, 0x0000000089000000, 0x0000000089000000|100%| E|CS|TAMS 0x0000000088f00000, 0x0000000088f00000| Complete 
| 114|0x0000000089000000, 0x0000000089100000, 0x0000000089100000|100%| E|CS|TAMS 0x0000000089000000, 0x0000000089000000| Complete 
| 115|0x0000000089100000, 0x0000000089200000, 0x0000000089200000|100%| E|CS|TAMS 0x0000000089100000, 0x0000000089100000| Complete 
| 116|0x0000000089200000, 0x0000000089300000, 0x0000000089300000|100%| E|CS|TAMS 0x0000000089200000, 0x0000000089200000| Complete 
| 117|0x0000000089300000, 0x0000000089400000, 0x0000000089400000|100%| E|CS|TAMS 0x0000000089300000, 0x0000000089300000| Complete 
| 118|0x0000000089400000, 0x0000000089500000, 0x0000000089500000|100%| E|CS|TAMS 0x0000000089400000, 0x0000000089400000| Complete 
| 119|0x0000000089500000, 0x0000000089600000, 0x0000000089600000|100%| E|CS|TAMS 0x0000000089500000, 0x0000000089500000| Complete 
| 120|0x0000000089600000, 0x0000000089700000, 0x0000000089700000|100%| E|CS|TAMS 0x0000000089600000, 0x0000000089600000| Complete 
| 121|0x0000000089700000, 0x0000000089800000, 0x0000000089800000|100%| E|CS|TAMS 0x0000000089700000, 0x0000000089700000| Complete 
| 122|0x0000000089800000, 0x0000000089900000, 0x0000000089900000|100%| E|CS|TAMS 0x0000000089800000, 0x0000000089800000| Complete 
| 123|0x0000000089900000, 0x0000000089a00000, 0x0000000089a00000|100%| E|CS|TAMS 0x0000000089900000, 0x0000000089900000| Complete 
| 124|0x0000000089a00000, 0x0000000089b00000, 0x0000000089b00000|100%| E|CS|TAMS 0x0000000089a00000, 0x0000000089a00000| Complete 
| 125|0x0000000089b00000, 0x0000000089c00000, 0x0000000089c00000|100%| E|CS|TAMS 0x0000000089b00000, 0x0000000089b00000| Complete 
| 126|0x0000000089c00000, 0x0000000089d00000, 0x0000000089d00000|100%| E|CS|TAMS 0x0000000089c00000, 0x0000000089c00000| Complete 
| 127|0x0000000089d00000, 0x0000000089e00000, 0x0000000089e00000|100%| E|CS|TAMS 0x0000000089d00000, 0x0000000089d00000| Complete 
| 128|0x0000000089e00000, 0x0000000089f00000, 0x0000000089f00000|100%| E|CS|TAMS 0x0000000089e00000, 0x0000000089e00000| Complete 
| 129|0x0000000089f00000, 0x000000008a000000, 0x000000008a000000|100%| E|CS|TAMS 0x0000000089f00000, 0x0000000089f00000| Complete 
| 130|0x000000008a000000, 0x000000008a100000, 0x000000008a100000|100%| E|CS|TAMS 0x000000008a000000, 0x000000008a000000| Complete 
| 131|0x000000008a100000, 0x000000008a200000, 0x000000008a200000|100%| E|CS|TAMS 0x000000008a100000, 0x000000008a100000| Complete 
| 132|0x000000008a200000, 0x000000008a300000, 0x000000008a300000|100%| E|CS|TAMS 0x000000008a200000, 0x000000008a200000| Complete 
| 133|0x000000008a300000, 0x000000008a400000, 0x000000008a400000|100%| E|CS|TAMS 0x000000008a300000, 0x000000008a300000| Complete 
| 134|0x000000008a400000, 0x000000008a500000, 0x000000008a500000|100%| E|CS|TAMS 0x000000008a400000, 0x000000008a400000| Complete 
| 135|0x000000008a500000, 0x000000008a600000, 0x000000008a600000|100%| E|CS|TAMS 0x000000008a500000, 0x000000008a500000| Complete 
| 136|0x000000008a600000, 0x000000008a700000, 0x000000008a700000|100%| E|CS|TAMS 0x000000008a600000, 0x000000008a600000| Complete 
| 137|0x000000008a700000, 0x000000008a800000, 0x000000008a800000|100%| E|CS|TAMS 0x000000008a700000, 0x000000008a700000| Complete 
| 138|0x000000008a800000, 0x000000008a900000, 0x000000008a900000|100%| E|CS|TAMS 0x000000008a800000, 0x000000008a800000| Complete 
| 139|0x000000008a900000, 0x000000008aa00000, 0x000000008aa00000|100%| E|CS|TAMS 0x000000008a900000, 0x000000008a900000| Complete 
| 140|0x000000008aa00000, 0x000000008ab00000, 0x000000008ab00000|100%| E|CS|TAMS 0x000000008aa00000, 0x000000008aa00000| Complete 
| 141|0x000000008ab00000, 0x000000008ac00000, 0x000000008ac00000|100%| E|CS|TAMS 0x000000008ab00000, 0x000000008ab00000| Complete 
| 142|0x000000008ac00000, 0x000000008ad00000, 0x000000008ad00000|100%| E|CS|TAMS 0x000000008ac00000, 0x000000008ac00000| Complete 
| 143|0x000000008ad00000, 0x000000008ae00000, 0x000000008ae00000|100%| E|CS|TAMS 0x000000008ad00000, 0x000000008ad00000| Complete 
| 144|0x000000008ae00000, 0x000000008af00000, 0x000000008af00000|100%| E|CS|TAMS 0x000000008ae00000, 0x000000008ae00000| Complete 
| 145|0x000000008af00000, 0x000000008b000000, 0x000000008b000000|100%| E|CS|TAMS 0x000000008af00000, 0x000000008af00000| Complete 
| 146|0x000000008b000000, 0x000000008b100000, 0x000000008b100000|100%| E|CS|TAMS 0x000000008b000000, 0x000000008b000000| Complete 
| 147|0x000000008b100000, 0x000000008b200000, 0x000000008b200000|100%| E|CS|TAMS 0x000000008b100000, 0x000000008b100000| Complete 
| 148|0x000000008b200000, 0x000000008b300000, 0x000000008b300000|100%| E|CS|TAMS 0x000000008b200000, 0x000000008b200000| Complete 
| 149|0x000000008b300000, 0x000000008b400000, 0x000000008b400000|100%| E|CS|TAMS 0x000000008b300000, 0x000000008b300000| Complete 
| 150|0x000000008b400000, 0x000000008b500000, 0x000000008b500000|100%| E|CS|TAMS 0x000000008b400000, 0x000000008b400000| Complete 
| 151|0x000000008b500000, 0x000000008b600000, 0x000000008b600000|100%| E|CS|TAMS 0x000000008b500000, 0x000000008b500000| Complete 
| 152|0x000000008b600000, 0x000000008b700000, 0x000000008b700000|100%| E|CS|TAMS 0x000000008b600000, 0x000000008b600000| Complete 
| 153|0x000000008b700000, 0x000000008b800000, 0x000000008b800000|100%| E|CS|TAMS 0x000000008b700000, 0x000000008b700000| Complete 

Card table byte_map: [0x000002066ecd0000,0x000002066f0d0000] _byte_map_base: 0x000002066e8c1000

Marking Bits (Prev, Next): (CMBitMap*) 0x0000020657257838, (CMBitMap*) 0x0000020657257870
 Prev Bits: [0x000002066f4d0000, 0x0000020671458000)
 Next Bits: [0x0000020671460000, 0x00000206733e8000)

Polling page: 0x0000020655020000

Metaspace:

Usage:
  Non-class:     41.82 MB capacity,    40.98 MB ( 98%) used,   685.98 KB (  2%) free+waste,   171.56 KB ( <1%) overhead. 
      Class:      6.21 MB capacity,     5.65 MB ( 91%) used,   489.75 KB (  8%) free+waste,    82.19 KB (  1%) overhead. 
       Both:     48.03 MB capacity,    46.63 MB ( 97%) used,     1.15 MB (  2%) free+waste,   253.75 KB ( <1%) overhead. 

Virtual space:
  Non-class space:       42.00 MB reserved,      42.00 MB (100%) committed 
      Class space:        1.00 GB reserved,       6.25 MB ( <1%) committed 
             Both:        1.04 GB reserved,      48.25 MB (  5%) committed 

Chunk freelists:
   Non-Class:  58.00 KB
       Class:  8.00 KB
        Both:  66.00 KB

MaxMetaspaceSize: 17179869184.00 GB
CompressedClassSpaceSize: 1.00 GB

CodeHeap 'non-profiled nmethods': size=120064Kb used=2307Kb max_used=2307Kb free=117756Kb
 bounds [0x0000020667390000, 0x0000020667600000, 0x000002066e8d0000]
CodeHeap 'profiled nmethods': size=120000Kb used=9848Kb max_used=9848Kb free=110151Kb
 bounds [0x000002065fe60000, 0x0000020660810000, 0x0000020667390000]
CodeHeap 'non-nmethods': size=5696Kb used=1175Kb max_used=1196Kb free=4520Kb
 bounds [0x000002065f8d0000, 0x000002065fb40000, 0x000002065fe60000]
 total_blobs=4667 nmethods=4136 adapters=442
 compilation: enabled
              stopped_count=0, restarted_count=0
 full_count=0

Compilation events (20 events):
Event: 5.167 Thread 0x00000206766d5800 nmethod 4276 0x00000206675c7810 code [0x00000206675c79e0, 0x00000206675c83a8]
Event: 5.167 Thread 0x00000206766d5800 4278       4       java.util.WeakHashMap::put (162 bytes)
Event: 5.179 Thread 0x00000206766d5800 nmethod 4278 0x00000206675c8710 code [0x00000206675c88c0, 0x00000206675c92e8]
Event: 5.179 Thread 0x00000206766d5800 4279   !   4       java.util.zip.ZipFile$CleanableResource::getInflater (47 bytes)
Event: 5.184 Thread 0x00000206766d5800 nmethod 4279 0x00000206673ea290 code [0x00000206673ea460, 0x00000206673eaab8]
Event: 5.184 Thread 0x00000206766d5800 4280       4       java.util.zip.ZipFile$ZipFileInflaterInputStream::<init> (41 bytes)
Event: 5.194 Thread 0x00000206766d5800 nmethod 4280 0x00000206675c9610 code [0x00000206675c97e0, 0x00000206675ca388]
Event: 5.194 Thread 0x00000206766d5800 4281   !   4       java.util.concurrent.ConcurrentHashMap::putVal (432 bytes)
Event: 5.205 Thread 0x0000020676193800 4282       1       java.util.concurrent.atomic.AtomicReference::get (5 bytes)
Event: 5.205 Thread 0x0000020676193800 nmethod 4282 0x00000206673fac90 code [0x00000206673fae40, 0x00000206673faef8]
Event: 5.220 Thread 0x00000206766d5800 nmethod 4281 0x00000206675ca690 code [0x00000206675ca8c0, 0x00000206675cc130]
Event: 5.220 Thread 0x00000206766d5800 4283       4       java.lang.invoke.MethodType::makeImpl (108 bytes)
Event: 5.220 Thread 0x0000020676193800 4284       3       java.nio.Buffer::remaining (10 bytes)
Event: 5.220 Thread 0x0000020676193800 nmethod 4284 0x000002065fea0c10 code [0x000002065fea0dc0, 0x000002065fea0eb8]
Event: 5.223 Thread 0x0000020676193800 4285       3       java.lang.ClassLoader::checkPackageAccess (102 bytes)
Event: 5.225 Thread 0x0000020676193800 nmethod 4285 0x00000206607ee710 code [0x00000206607eeae0, 0x00000206607f0528]
Event: 5.233 Thread 0x0000020676193800 4288       3       java.lang.invoke.MemberName::getFactory (4 bytes)
Event: 5.233 Thread 0x0000020676193800 nmethod 4288 0x000002065fea0910 code [0x000002065fea0ac0, 0x000002065fea0bb8]
Event: 5.234 Thread 0x0000020676193800 4290       3       java.lang.String::regionMatches (150 bytes)
Event: 5.235 Thread 0x0000020676193800 nmethod 4290 0x000002065fefb190 code [0x000002065fefb400, 0x000002065fefbdc8]

GC Heap History (16 events):
Event: 0.480 GC heap before
{Heap before GC invocations=0 (full 0):
 garbage-first heap   total 131072K, used 14336K [0x0000000081e00000, 0x0000000100000000)
  region size 1024K, 14 young (14336K), 0 survivors (0K)
 Metaspace       used 8058K, capacity 8140K, committed 8192K, reserved 1056768K
  class space    used 723K, capacity 757K, committed 768K, reserved 1048576K
}
Event: 0.484 GC heap after
{Heap after GC invocations=1 (full 0):
 garbage-first heap   total 131072K, used 8386K [0x0000000081e00000, 0x0000000100000000)
  region size 1024K, 2 young (2048K), 2 survivors (2048K)
 Metaspace       used 8058K, capacity 8140K, committed 8192K, reserved 1056768K
  class space    used 723K, capacity 757K, committed 768K, reserved 1048576K
}
Event: 0.724 GC heap before
{Heap before GC invocations=1 (full 0):
 garbage-first heap   total 131072K, used 19650K [0x0000000081e00000, 0x0000000100000000)
  region size 1024K, 13 young (13312K), 2 survivors (2048K)
 Metaspace       used 11055K, capacity 11423K, committed 11520K, reserved 1058816K
  class space    used 1101K, capacity 1199K, committed 1280K, reserved 1048576K
}
Event: 0.727 GC heap after
{Heap after GC invocations=2 (full 0):
 garbage-first heap   total 131072K, used 8822K [0x0000000081e00000, 0x0000000100000000)
  region size 1024K, 1 young (1024K), 1 survivors (1024K)
 Metaspace       used 11055K, capacity 11423K, committed 11520K, reserved 1058816K
  class space    used 1101K, capacity 1199K, committed 1280K, reserved 1048576K
}
Event: 1.243 GC heap before
{Heap before GC invocations=2 (full 0):
 garbage-first heap   total 131072K, used 40566K [0x0000000081e00000, 0x0000000100000000)
  region size 1024K, 32 young (32768K), 1 survivors (1024K)
 Metaspace       used 17064K, capacity 17730K, committed 18048K, reserved 1064960K
  class space    used 1826K, capacity 2051K, committed 2176K, reserved 1048576K
}
Event: 1.247 GC heap after
{Heap after GC invocations=3 (full 0):
 garbage-first heap   total 131072K, used 10352K [0x0000000081e00000, 0x0000000100000000)
  region size 1024K, 3 young (3072K), 3 survivors (3072K)
 Metaspace       used 17064K, capacity 17730K, committed 18048K, reserved 1064960K
  class space    used 1826K, capacity 2051K, committed 2176K, reserved 1048576K
}
Event: 1.545 GC heap before
{Heap before GC invocations=3 (full 0):
 garbage-first heap   total 131072K, used 33904K [0x0000000081e00000, 0x0000000100000000)
  region size 1024K, 27 young (27648K), 3 survivors (3072K)
 Metaspace       used 20539K, capacity 21217K, committed 21248K, reserved 1069056K
  class space    used 2273K, capacity 2540K, committed 2560K, reserved 1048576K
}
Event: 1.549 GC heap after
{Heap after GC invocations=4 (full 0):
 garbage-first heap   total 131072K, used 11447K [0x0000000081e00000, 0x0000000100000000)
  region size 1024K, 4 young (4096K), 4 survivors (4096K)
 Metaspace       used 20539K, capacity 21217K, committed 21248K, reserved 1069056K
  class space    used 2273K, capacity 2540K, committed 2560K, reserved 1048576K
}
Event: 2.222 GC heap before
{Heap before GC invocations=5 (full 0):
 garbage-first heap   total 131072K, used 63671K [0x0000000081e00000, 0x0000000100000000)
  region size 1024K, 55 young (56320K), 4 survivors (4096K)
 Metaspace       used 27143K, capacity 28046K, committed 28288K, reserved 1073152K
  class space    used 3296K, capacity 3643K, committed 3712K, reserved 1048576K
}
Event: 2.228 GC heap after
{Heap after GC invocations=6 (full 0):
 garbage-first heap   total 157696K, used 13353K [0x0000000081e00000, 0x0000000100000000)
  region size 1024K, 6 young (6144K), 6 survivors (6144K)
 Metaspace       used 27143K, capacity 28046K, committed 28288K, reserved 1073152K
  class space    used 3296K, capacity 3643K, committed 3712K, reserved 1048576K
}
Event: 2.687 GC heap before
{Heap before GC invocations=6 (full 0):
 garbage-first heap   total 157696K, used 100393K [0x0000000081e00000, 0x0000000100000000)
  region size 1024K, 92 young (94208K), 6 survivors (6144K)
 Metaspace       used 32046K, capacity 33042K, committed 33280K, reserved 1079296K
  class space    used 3842K, capacity 4246K, committed 4352K, reserved 1048576K
}
Event: 2.694 GC heap after
{Heap after GC invocations=7 (full 0):
 garbage-first heap   total 157696K, used 15486K [0x0000000081e00000, 0x0000000100000000)
  region size 1024K, 8 young (8192K), 8 survivors (8192K)
 Metaspace       used 32046K, capacity 33042K, committed 33280K, reserved 1079296K
  class space    used 3842K, capacity 4246K, committed 4352K, reserved 1048576K
}
Event: 3.340 GC heap before
{Heap before GC invocations=7 (full 0):
 garbage-first heap   total 157696K, used 86142K [0x0000000081e00000, 0x0000000100000000)
  region size 1024K, 78 young (79872K), 8 survivors (8192K)
 Metaspace       used 34509K, capacity 35576K, committed 35840K, reserved 1081344K
  class space    used 4150K, capacity 4599K, committed 4608K, reserved 1048576K
}
Event: 3.353 GC heap after
{Heap after GC invocations=8 (full 0):
 garbage-first heap   total 157696K, used 16891K [0x0000000081e00000, 0x0000000100000000)
  region size 1024K, 7 young (7168K), 7 survivors (7168K)
 Metaspace       used 34509K, capacity 35576K, committed 35840K, reserved 1081344K
  class space    used 4150K, capacity 4599K, committed 4608K, reserved 1048576K
}
Event: 4.716 GC heap before
{Heap before GC invocations=9 (full 0):
 garbage-first heap   total 157696K, used 103931K [0x0000000081e00000, 0x0000000100000000)
  region size 1024K, 92 young (94208K), 7 survivors (7168K)
 Metaspace       used 41024K, capacity 42339K, committed 42496K, reserved 1085440K
  class space    used 5008K, capacity 5527K, committed 5632K, reserved 1048576K
}
Event: 4.724 GC heap after
{Heap after GC invocations=10 (full 0):
 garbage-first heap   total 157696K, used 20207K [0x0000000081e00000, 0x0000000100000000)
  region size 1024K, 9 young (9216K), 9 survivors (9216K)
 Metaspace       used 41024K, capacity 42339K, committed 42496K, reserved 1085440K
  class space    used 5008K, capacity 5527K, committed 5632K, reserved 1048576K
}

Deoptimization events (20 events):
Event: 5.012 Thread 0x0000020657219800 DEOPT PACKING pc=0x000002066749a990 sp=0x000000f4ed8fa220
Event: 5.012 Thread 0x0000020657219800 DEOPT UNPACKING pc=0x000002065f8f74af sp=0x000000f4ed8fa1a8 mode 2
Event: 5.012 Thread 0x0000020657219800 Uncommon trap: trap_request=0xffffffde fr.pc=0x000002066749a860 relative=0x0000000000000fc0
Event: 5.012 Thread 0x0000020657219800 Uncommon trap: reason=class_check action=maybe_recompile pc=0x000002066749a860 method=java.util.Properties$LineReader.readLine()I @ 70 c2
Event: 5.012 Thread 0x0000020657219800 DEOPT PACKING pc=0x000002066749a860 sp=0x000000f4ed8fa220
Event: 5.013 Thread 0x0000020657219800 DEOPT UNPACKING pc=0x000002065f8f74af sp=0x000000f4ed8fa1a8 mode 2
Event: 5.029 Thread 0x0000020657219800 Uncommon trap: trap_request=0xffffffbe fr.pc=0x00000206673ad6e8 relative=0x0000000000000708
Event: 5.029 Thread 0x0000020657219800 Uncommon trap: reason=profile_predicate action=maybe_recompile pc=0x00000206673ad6e8 method=java.lang.PublicMethods$MethodList.filter([Ljava/lang/reflect/Method;Ljava/lang/String;[Ljava/lang/Class;Z)Ljava/lang/PublicMethods$MethodList; @ 21 c2
Event: 5.029 Thread 0x0000020657219800 DEOPT PACKING pc=0x00000206673ad6e8 sp=0x000000f4ed8fb4e0
Event: 5.029 Thread 0x0000020657219800 DEOPT UNPACKING pc=0x000002065f8f74af sp=0x000000f4ed8fb478 mode 2
Event: 5.033 Thread 0x0000020657219800 DEOPT PACKING pc=0x00000206674a7ec0 sp=0x000000f4ed8f8cf0
Event: 5.033 Thread 0x0000020657219800 DEOPT UNPACKING pc=0x000002065f8f72ce sp=0x000000f4ed8f8268 mode 0
Event: 5.037 Thread 0x0000020657219800 Uncommon trap: trap_request=0xffffff4d fr.pc=0x0000020667415568 relative=0x0000000000000a08
Event: 5.037 Thread 0x0000020657219800 Uncommon trap: reason=unstable_if action=reinterpret pc=0x0000020667415568 method=java.util.zip.ZipFile$Source.getEntryPos([BZ)I @ 68 c2
Event: 5.037 Thread 0x0000020657219800 DEOPT PACKING pc=0x0000020667415568 sp=0x000000f4ed8f8ae0
Event: 5.037 Thread 0x0000020657219800 DEOPT UNPACKING pc=0x000002065f8f74af sp=0x000000f4ed8f8a80 mode 2
Event: 5.207 Thread 0x0000020657219800 Uncommon trap: trap_request=0xffffff4d fr.pc=0x000002066740c074 relative=0x0000000000000514
Event: 5.207 Thread 0x0000020657219800 Uncommon trap: reason=unstable_if action=reinterpret pc=0x000002066740c074 method=java.lang.String.regionMatches(ZILjava/lang/String;II)Z @ 1 c2
Event: 5.207 Thread 0x0000020657219800 DEOPT PACKING pc=0x000002066740c074 sp=0x000000f4ed8fb360
Event: 5.207 Thread 0x0000020657219800 DEOPT UNPACKING pc=0x000002065f8f74af sp=0x000000f4ed8fb310 mode 2

Classes redefined (0 events):
No events

Internal exceptions (20 events):
Event: 4.829 Thread 0x0000020657219800 Exception <a 'java/lang/ClassNotFoundException'{0x000000008ad1c118}: org/springframework/boot/autoconfigure/jdbc/DataSourcePropertiesCustomizer> (0x000000008ad1c118) thrown at [./src/hotspot/share/classfile/systemDictionary.cpp, line 231]
Event: 4.831 Thread 0x0000020657219800 Exception <a 'java/lang/ClassNotFoundException'{0x000000008ad6f928}: org/springframework/beans/factory/BeanClassLoaderAwareCustomizer> (0x000000008ad6f928) thrown at [./src/hotspot/share/classfile/systemDictionary.cpp, line 231]
Event: 4.832 Thread 0x0000020657219800 Exception <a 'java/lang/ClassNotFoundException'{0x000000008ad89450}: org/springframework/beans/factory/AwareCustomizer> (0x000000008ad89450) thrown at [./src/hotspot/share/classfile/systemDictionary.cpp, line 231]
Event: 4.832 Thread 0x0000020657219800 Exception <a 'java/lang/ClassNotFoundException'{0x000000008ada4950}: org/springframework/beans/factory/InitializingBeanCustomizer> (0x000000008ada4950) thrown at [./src/hotspot/share/classfile/systemDictionary.cpp, line 231]
Event: 4.853 Thread 0x0000020657219800 Exception <a 'java/lang/ClassNotFoundException'{0x000000008ab5d6a8}: java/lang/ObjectCustomizer> (0x000000008ab5d6a8) thrown at [./src/hotspot/share/classfile/systemDictionary.cpp, line 231]
Event: 4.854 Thread 0x0000020657219800 Exception <a 'java/lang/ClassNotFoundException'{0x000000008ab77298}: com/zaxxer/hikari/HikariConfigCustomizer> (0x000000008ab77298) thrown at [./src/hotspot/share/classfile/systemDictionary.cpp, line 231]
Event: 4.855 Thread 0x0000020657219800 Exception <a 'java/lang/ClassNotFoundException'{0x000000008abba318}: com/zaxxer/hikari/HikariDataSourceCustomizer> (0x000000008abba318) thrown at [./src/hotspot/share/classfile/systemDictionary.cpp, line 231]
Event: 4.857 Thread 0x0000020657219800 Exception <a 'java/lang/ClassNotFoundException'{0x000000008abefe10}: javax/sql/DataSourceCustomizer> (0x000000008abefe10) thrown at [./src/hotspot/share/classfile/systemDictionary.cpp, line 231]
Event: 4.857 Thread 0x0000020657219800 Exception <a 'java/lang/ClassNotFoundException'{0x000000008abf8470}: javax/sql/CommonDataSourceCustomizer> (0x000000008abf8470) thrown at [./src/hotspot/share/classfile/systemDictionary.cpp, line 231]
Event: 4.857 Thread 0x0000020657219800 Exception <a 'java/lang/ClassNotFoundException'{0x000000008aa002c8}: java/sql/WrapperCustomizer> (0x000000008aa002c8) thrown at [./src/hotspot/share/classfile/systemDictionary.cpp, line 231]
Event: 4.858 Thread 0x0000020657219800 Exception <a 'java/lang/ClassNotFoundException'{0x000000008aa1acc0}: com/zaxxer/hikari/HikariConfigMXBeanCustomizer> (0x000000008aa1acc0) thrown at [./src/hotspot/share/classfile/systemDictionary.cpp, line 231]
Event: 4.876 Thread 0x0000020657219800 Exception <a 'java/lang/NoSuchMethodError'{0x000000008a8d1908}: 'java.lang.Object java.lang.invoke.DirectMethodHandle$Holder.invokeVirtual(java.lang.Object, java.lang.Object, int)'> (0x000000008a8d1908) thrown at [./src/hotspot/share/interpreter/linkResolver.cpp, line 773]
Event: 4.884 Thread 0x0000020657219800 Exception <a 'java/lang/NoSuchMethodError'{0x000000008a756410}: 'int java.lang.invoke.DirectMethodHandle$Holder.invokeSpecialIFC(java.lang.Object, java.lang.Object, java.lang.Object)'> (0x000000008a756410) thrown at [./src/hotspot/share/interpreter/linkResolver.cpp, line 773]
Event: 4.941 Thread 0x0000020657219800 Exception <a 'java/lang/ClassNotFoundException'{0x000000008a18f650}: java/lang/ObjectCustomizer> (0x000000008a18f650) thrown at [./src/hotspot/share/classfile/systemDictionary.cpp, line 231]
Event: 4.941 Thread 0x0000020657219800 Exception <a 'java/lang/ClassNotFoundException'{0x000000008a1a7db8}: org/flywaydb/core/FlywayCustomizer> (0x000000008a1a7db8) thrown at [./src/hotspot/share/classfile/systemDictionary.cpp, line 231]
Event: 4.945 Thread 0x0000020657219800 Exception <a 'java/lang/ClassNotFoundException'{0x000000008a1c30b8}: java/lang/ObjectCustomizer> (0x000000008a1c30b8) thrown at [./src/hotspot/share/classfile/systemDictionary.cpp, line 231]
Event: 4.946 Thread 0x0000020657219800 Exception <a 'java/lang/ClassNotFoundException'{0x000000008a1e5600}: org/springframework/boot/autoconfigure/flyway/FlywayMigrationInitializerCustomizer> (0x000000008a1e5600) thrown at [./src/hotspot/share/classfile/systemDictionary.cpp, line 231]
Event: 4.948 Thread 0x0000020657219800 Exception <a 'java/lang/ClassNotFoundException'{0x000000008a004288}: org/springframework/beans/factory/InitializingBeanCustomizer> (0x000000008a004288) thrown at [./src/hotspot/share/classfile/systemDictionary.cpp, line 231]
Event: 4.948 Thread 0x0000020657219800 Exception <a 'java/lang/ClassNotFoundException'{0x000000008a01b9e0}: org/springframework/core/OrderedCustomizer> (0x000000008a01b9e0) thrown at [./src/hotspot/share/classfile/systemDictionary.cpp, line 231]
Event: 5.231 Thread 0x0000020657219800 Exception <a 'java/lang/NoSuchMethodError'{0x0000000088745138}: 'java.lang.Object java.lang.invoke.DirectMethodHandle$Holder.invokeSpecial(java.lang.Object, java.lang.Object, java.lang.Object, java.lang.Object, java.lang.Object, int, java.lang.Object)'> (0x0000000088745138) thrown at [./src/hotspot/share/interpreter/linkResolver.cpp, line 773]

Events (20 events):
Event: 5.239 loading class org/flywaydb/core/internal/database/base/Connection
Event: 5.239 loading class org/flywaydb/core/internal/database/base/Connection done
Event: 5.240 loading class org/flywaydb/core/internal/database/h2/H2Connection
Event: 5.240 loading class org/flywaydb/core/internal/database/h2/H2Connection done
Event: 5.240 loading class org/flywaydb/core/internal/jdbc/JdbcTemplate
Event: 5.240 loading class org/flywaydb/core/internal/jdbc/JdbcTemplate done
Event: 5.241 loading class org/flywaydb/core/api/callback/Warning
Event: 5.241 loading class org/flywaydb/core/api/callback/Warning done
Event: 5.241 loading class org/flywaydb/core/internal/database/h2/H2Schema
Event: 5.241 loading class org/flywaydb/core/internal/database/h2/H2Schema done
Event: 5.242 loading class org/h2/jdbc/JdbcPreparedStatement
Event: 5.242 loading class org/h2/jdbc/JdbcPreparedStatement done
Event: 5.243 loading class org/h2/jdbc/JdbcPreparedStatementBackwardsCompat
Event: 5.243 loading class org/h2/jdbc/JdbcPreparedStatementBackwardsCompat done
Event: 5.243 loading class org/h2/jdbc/JdbcStatement
Event: 5.243 loading class org/h2/jdbc/JdbcStatement done
Event: 5.243 loading class org/h2/jdbc/JdbcStatementBackwardsCompat
Event: 5.243 loading class org/h2/jdbc/JdbcStatementBackwardsCompat done
Event: 5.244 loading class org/h2/jdbc/JdbcBatchUpdateException
Event: 5.244 loading class org/h2/jdbc/JdbcBatchUpdateException done


Dynamic libraries:
0x00007ff7658a0000 - 0x00007ff7658ad000 	C:\Program Files\AdoptOpenJDK\jdk-11.0.9.101-hotspot\bin\javaw.exe
0x00007fff32ad0000 - 0x00007fff32cc6000 	C:\WINDOWS\SYSTEM32\ntdll.dll
0x00007fff32050000 - 0x00007fff3210d000 	C:\WINDOWS\System32\KERNEL32.DLL
0x00007fff30780000 - 0x00007fff30a49000 	C:\WINDOWS\System32\KERNELBASE.dll
0x00007fff30580000 - 0x00007fff30680000 	C:\WINDOWS\System32\ucrtbase.dll
0x00007fff02bc0000 - 0x00007fff02bd7000 	C:\Program Files\AdoptOpenJDK\jdk-11.0.9.101-hotspot\bin\jli.dll
0x00007fff2c6e0000 - 0x00007fff2c6f5000 	C:\Program Files\AdoptOpenJDK\jdk-11.0.9.101-hotspot\bin\VCRUNTIME140.dll
0x00007fff31eb0000 - 0x00007fff32050000 	C:\WINDOWS\System32\USER32.dll
0x00007fff30b00000 - 0x00007fff30b22000 	C:\WINDOWS\System32\win32u.dll
0x00007fff32110000 - 0x00007fff3213a000 	C:\WINDOWS\System32\GDI32.dll
0x00007fff21610000 - 0x00007fff218ab000 	C:\WINDOWS\WinSxS\amd64_microsoft.windows.common-controls_6595b64144ccf1df_6.0.19041.488_none_ca04af081b815d21\COMCTL32.dll
0x00007fff303a0000 - 0x00007fff304a9000 	C:\WINDOWS\System32\gdi32full.dll
0x00007fff30de0000 - 0x00007fff30e7e000 	C:\WINDOWS\System32\msvcrt.dll
0x00007fff30680000 - 0x00007fff3071d000 	C:\WINDOWS\System32\msvcp_win.dll
0x00007fff30e80000 - 0x00007fff30eb0000 	C:\WINDOWS\System32\IMM32.DLL
0x00007ffefdea0000 - 0x00007ffefdf44000 	C:\Program Files\McAfee\Endpoint Security\Threat Prevention\Ips\EpMPApi.dll
0x00007fff321c0000 - 0x00007fff322eb000 	C:\WINDOWS\System32\RPCRT4.dll
0x00007fff32300000 - 0x00007fff323ac000 	C:\WINDOWS\System32\ADVAPI32.dll
0x00007fff30d40000 - 0x00007fff30ddc000 	C:\WINDOWS\System32\sechost.dll
0x00007fff30720000 - 0x00007fff30780000 	C:\WINDOWS\System32\WINTRUST.dll
0x00007fff30240000 - 0x00007fff3039d000 	C:\WINDOWS\System32\CRYPT32.dll
0x00007fff2fd30000 - 0x00007fff2fd42000 	C:\WINDOWS\SYSTEM32\MSASN1.dll
0x0000000074250000 - 0x000000007425c000 	C:\Program Files\McAfee\Endpoint Security\Threat Prevention\Ips\EpMPThe.dll
0x00007ffee35e0000 - 0x00007ffee367b000 	C:\Program Files\AdoptOpenJDK\jdk-11.0.9.101-hotspot\bin\msvcp140.dll
0x00007ffec2470000 - 0x00007ffec2fb3000 	C:\Program Files\AdoptOpenJDK\jdk-11.0.9.101-hotspot\bin\server\jvm.dll
0x00007fff328d0000 - 0x00007fff328d8000 	C:\WINDOWS\System32\PSAPI.DLL
0x00007fff256a0000 - 0x00007fff256aa000 	C:\WINDOWS\SYSTEM32\VERSION.dll
0x00007fff23180000 - 0x00007fff231a7000 	C:\WINDOWS\SYSTEM32\WINMM.dll
0x00007fff1a4c0000 - 0x00007fff1a4c9000 	C:\WINDOWS\SYSTEM32\WSOCK32.dll
0x00007fff31d70000 - 0x00007fff31ddb000 	C:\WINDOWS\System32\WS2_32.dll
0x00007fff2eb00000 - 0x00007fff2eb12000 	C:\WINDOWS\SYSTEM32\kernel.appcore.dll
0x00007fff09510000 - 0x00007fff09520000 	C:\Program Files\AdoptOpenJDK\jdk-11.0.9.101-hotspot\bin\verify.dll
0x00007fff1a2d0000 - 0x00007fff1a4b4000 	C:\WINDOWS\SYSTEM32\DBGHELP.DLL
0x00007fff19650000 - 0x00007fff1967c000 	C:\WINDOWS\SYSTEM32\dbgcore.DLL
0x00007fff30500000 - 0x00007fff30580000 	C:\WINDOWS\System32\bcryptPrimitives.dll
0x00007fff02be0000 - 0x00007fff02c08000 	C:\Program Files\AdoptOpenJDK\jdk-11.0.9.101-hotspot\bin\java.dll
0x00007fff084a0000 - 0x00007fff084aa000 	C:\Program Files\AdoptOpenJDK\jdk-11.0.9.101-hotspot\bin\jimage.dll
0x00007fff02ba0000 - 0x00007fff02bb7000 	C:\Program Files\AdoptOpenJDK\jdk-11.0.9.101-hotspot\bin\zip.dll
0x00007fff30f60000 - 0x00007fff316a2000 	C:\WINDOWS\System32\SHELL32.dll
0x00007fff2e2f0000 - 0x00007fff2ea85000 	C:\WINDOWS\SYSTEM32\windows.storage.dll
0x00007fff32570000 - 0x00007fff328c6000 	C:\WINDOWS\System32\combase.dll
0x00007fff2fae0000 - 0x00007fff2fb0c000 	C:\WINDOWS\SYSTEM32\Wldp.dll
0x00007fff31b90000 - 0x00007fff31c3e000 	C:\WINDOWS\System32\SHCORE.dll
0x00007fff324f0000 - 0x00007fff32545000 	C:\WINDOWS\System32\shlwapi.dll
0x00007fff30140000 - 0x00007fff30166000 	C:\WINDOWS\SYSTEM32\profapi.dll
0x00007fff29400000 - 0x00007fff29419000 	C:\Program Files\AdoptOpenJDK\jdk-11.0.9.101-hotspot\bin\net.dll
0x00007fff288f0000 - 0x00007fff289f0000 	C:\WINDOWS\SYSTEM32\WINHTTP.dll
0x00007fff2f8d0000 - 0x00007fff2f93a000 	C:\WINDOWS\system32\mswsock.dll
0x00007fff293e0000 - 0x00007fff293f2000 	C:\Program Files\AdoptOpenJDK\jdk-11.0.9.101-hotspot\bin\nio.dll
0x00007fff2a960000 - 0x00007fff2a969000 	C:\Program Files\AdoptOpenJDK\jdk-11.0.9.101-hotspot\bin\management.dll
0x00007fff2a950000 - 0x00007fff2a95b000 	C:\Program Files\AdoptOpenJDK\jdk-11.0.9.101-hotspot\bin\management_ext.dll
0x00007fff249f0000 - 0x00007fff24a07000 	C:\WINDOWS\system32\napinsp.dll
0x00007fff24a10000 - 0x00007fff24a2b000 	C:\WINDOWS\system32\pnrpnsp.dll
0x00007fff297a0000 - 0x00007fff297b5000 	C:\WINDOWS\system32\wshbth.dll
0x00007fff2b3f0000 - 0x00007fff2b40d000 	C:\WINDOWS\system32\NLAapi.dll
0x00007fff2f5e0000 - 0x00007fff2f61b000 	C:\WINDOWS\SYSTEM32\IPHLPAPI.DLL
0x00007fff2f620000 - 0x00007fff2f6eb000 	C:\WINDOWS\SYSTEM32\DNSAPI.dll
0x00007fff316b0000 - 0x00007fff316b8000 	C:\WINDOWS\System32\NSI.dll
0x00007fff24a30000 - 0x00007fff24a42000 	C:\WINDOWS\System32\winrnr.dll
0x00007fff26a40000 - 0x00007fff26a4a000 	C:\Windows\System32\rasadhlp.dll
0x00007fff2c710000 - 0x00007fff2c78f000 	C:\WINDOWS\System32\fwpuclnt.dll
0x00007fff30210000 - 0x00007fff30237000 	C:\WINDOWS\System32\bcrypt.dll

dbghelp: loaded successfully - version: 4.0.5 - missing functions: none
symbol engine: initialized successfully - sym options: 0x614 - pdb path: .;C:\Program Files\AdoptOpenJDK\jdk-11.0.9.101-hotspot\bin;C:\WINDOWS\SYSTEM32;C:\WINDOWS\WinSxS\amd64_microsoft.windows.common-controls_6595b64144ccf1df_6.0.19041.488_none_ca04af081b815d21;C:\Program Files\McAfee\Endpoint Security\Threat Prevention\Ips;C:\Program Files\AdoptOpenJDK\jdk-11.0.9.101-hotspot\bin\server

VM Arguments:
jvm_args: -ea -Dfile.encoding=UTF-8 
java_command: org.eclipse.jdt.internal.junit.runner.RemoteTestRunner -version 3 -port 1042 -testLoaderClass org.eclipse.jdt.internal.junit5.runner.JUnit5TestLoader -loaderpluginname org.eclipse.jdt.junit5.runtime -classNames br.hspm.isolamento.controller.PacienteControllerTest
java_class_path (initial): C:\Users\h013026\OneDrive - Default Directory\Workspace_Sistema_Isolado\isolamento\target\test-classes;C:\Users\h013026\OneDrive - Default Directory\Workspace_Sistema_Isolado\isolamento\target\classes;C:\Users\h013026\.m2\repository\org\springframework\boot\spring-boot-starter-web\2.6.1\spring-boot-starter-web-2.6.1.jar;C:\Users\h013026\.m2\repository\org\springframework\boot\spring-boot-starter\2.6.1\spring-boot-starter-2.6.1.jar;C:\Users\h013026\.m2\repository\org\springframework\boot\spring-boot-starter-logging\2.6.1\spring-boot-starter-logging-2.6.1.jar;C:\Users\h013026\.m2\repository\ch\qos\logback\logback-classic\1.2.7\logback-classic-1.2.7.jar;C:\Users\h013026\.m2\repository\ch\qos\logback\logback-core\1.2.7\logback-core-1.2.7.jar;C:\Users\h013026\.m2\repository\org\apache\logging\log4j\log4j-to-slf4j\2.14.1\log4j-to-slf4j-2.14.1.jar;C:\Users\h013026\.m2\repository\org\apache\logging\log4j\log4j-api\2.14.1\log4j-api-2.14.1.jar;C:\Users\h013026\.m2\repository\org\slf4j\jul-to-slf4j\1.7.32\jul-to-slf4j-1.7.32.jar;C:\Users\h013026\.m2\repository\jakarta\annotation\jakarta.annotation-api\1.3.5\jakarta.annotation-api-1.3.5.jar;C:\Users\h013026\.m2\repository\org\yaml\snakeyaml\1.29\snakeyaml-1.29.jar;C:\Users\h013026\.m2\repository\org\springframework\boot\spring-boot-starter-json\2.6.1\spring-boot-starter-json-2.6.1.jar;C:\Users\h013026\.m2\repository\com\fasterxml\jackson\datatype\jackson-datatype-jdk8\2.13.0\jackson-datatype-jdk8-2.13.0.jar;C:\Users\h013026\.m2\repository\com\fasterxml\jackson\datatype\jackson-datatype-jsr310\2.13.0\jackson-datatype-jsr310-2.13.0.jar;C:\Users\h013026\.m2\repository\com\fasterxml\jackson\module\jackson-module-parameter-names\2.13.0\jackson-module-parameter-names-2.13.0.jar;C:\Users\h013026\.m2\repository\org\springframework\boot\spring-boot-starter-tomcat\2.6.1\spring-boot-starter-tomcat-2.6.1.jar;C:\Users\h013026\.m2\repository\org\apache\tomcat\embed\tomcat-embed-core\9.0.55\tomcat-embed-core-9.0.5
Launcher Type: SUN_STANDARD

[Global flags]
     intx CICompilerCount                          = 3                                         {product} {ergonomic}
     uint ConcGCThreads                            = 1                                         {product} {ergonomic}
     uint G1ConcRefinementThreads                  = 4                                         {product} {ergonomic}
   size_t G1HeapRegionSize                         = 1048576                                   {product} {ergonomic}
    uintx GCDrainStackTargetSize                   = 64                                        {product} {ergonomic}
   size_t InitialHeapSize                          = 134217728                                 {product} {ergonomic}
   size_t MarkStackSize                            = 4194304                                   {product} {ergonomic}
   size_t MaxHeapSize                              = 2116026368                                {product} {ergonomic}
   size_t MaxNewSize                               = 1268776960                                {product} {ergonomic}
   size_t MinHeapDeltaBytes                        = 1048576                                   {product} {ergonomic}
    uintx NonNMethodCodeHeapSize                   = 5830732                                {pd product} {ergonomic}
    uintx NonProfiledCodeHeapSize                  = 122913754                              {pd product} {ergonomic}
    uintx ProfiledCodeHeapSize                     = 122913754                              {pd product} {ergonomic}
    uintx ReservedCodeCacheSize                    = 251658240                              {pd product} {ergonomic}
     bool SegmentedCodeCache                       = true                                      {product} {ergonomic}
     bool UseCompressedClassPointers               = true                                 {lp64_product} {ergonomic}
     bool UseCompressedOops                        = true                                 {lp64_product} {ergonomic}
     bool UseG1GC                                  = true                                      {product} {ergonomic}
     bool UseLargePagesIndividualAllocation        = false                                  {pd product} {ergonomic}

Logging:
Log output configuration:
 #0: stdout all=warning uptime,level,tags
 #1: stderr all=off uptime,level,tags

Environment Variables:
JAVA_HOME=C:\Program Files\AdoptOpenJDK\jdk-11.0.9.101-hotspot\
PATH=C:/Program Files/AdoptOpenJDK/jdk-11.0.9.101-hotspot/bin/client;C:/Program Files/AdoptOpenJDK/jdk-11.0.9.101-hotspot/bin;C:\Program Files\AdoptOpenJDK\jdk-11.0.9.101-hotspot\bin;C:\Program Files (x86)\Common Files\Oracle\Java\javapath;C:\Program Files\Microsoft MPI\Bin\;C:\ProgramData\Oracle\Java\javapath;C:\Windows\system32;C:\Windows;C:\Windows\System32\Wbem;C:\Windows\System32\WindowsPowerShell\v1.0\;C:\Program Files\SourceGear\Common\DiffMerge\;C:\Program Files\dotnet\;C:\Program Files\Microsoft SQL Server\130\Tools\Binn\;C:\Program Files\Git\cmd;C:\Program Files\PostgreSQL\10\bin;C:\Program Files\PostgreSQL\10\lib;C:\Program Files\Microsoft VS Code\bin;C:\Program Files\MongoDB\Server\4.0\bin;C:\Program Files\RStudio\bin;C:\Program Files\R\R-3.5.3\bin;C:\ProgramData\chocolatey\bin;C:\Program Files (x86)\vim\vim80;C:\apache-maven-3.6.3\bin;C:\Program Files\Java\jdk1.8.0_241\bin;C:\Program Files (x86)\Microsoft SQL Server\100\Tools\Binn\;C:\Program Files\Microsoft SQL Server\100\Tools\Binn\;C:\Program Files\Microsoft SQL Server\100\DTS\Binn\;C:\Program Files (x86)\Microsoft SQL Server\100\Tools\Binn\VSShell\Common7\IDE\;C:\Program Files (x86)\Microsoft SQL Server\100\DTS\Binn\;C:\Program Files (x86)\Microsoft Visual Studio 9.0\Common7\IDE\PrivateAssemblies\;C:\WINDOWS\system32;C:\WINDOWS;C:\WINDOWS\System32\Wbem;C:\WINDOWS\System32\WindowsPowerShell\v1.0\;C:\WINDOWS\System32\OpenSSH\;c:\Program Files (x86)\Microsoft SQL Server\110\Tools\Binn\;c:\Program Files\Microsoft SQL Server\110\Tools\Binn\;c:\Program Files\Microsoft SQL Server\110\DTS\Binn\;C:\Program Files\nodejs\;C:\Users\h013026\Anaconda3\Scripts;C:\Program Files\Microsoft SQL Server\Client SDK\ODBC\170\Tools\Binn\;C:\Users\h013026\.sdkman\bin;C:\Program Files\Docker\Docker\resources\bin;C:\ProgramData\DockerDesktop\version-bin;C:\flyway-8.0.0-beta3;%C:\Program Files (x86)\Common Files\Oracle\Java\javapath;C:\Program Files\Microsoft MPI\Bin\;C:\ProgramData\Oracle\Java\javapath;C:\Windows\system32;C:\Win
USERNAME=h013026
OS=Windows_NT
PROCESSOR_IDENTIFIER=Intel64 Family 6 Model 94 Stepping 3, GenuineIntel



---------------  S Y S T E M  ---------------

OS: Windows 10 , 64 bit Build 19041 (10.0.19041.662)
OS uptime: 0 days 7:29 hours
HyperV virtualization detected

CPU:total 4 (initial active 4) (4 cores per cpu, 1 threads per core) family 6 model 94 stepping 3, cmov, cx8, fxsr, mmx, sse, sse2, sse3, ssse3, sse4.1, sse4.2, popcnt, avx, avx2, aes, clmul, erms, rtm, 3dnowpref, lzcnt, tsc, tscinvbit, bmi1, bmi2, adx, fma

Memory: 4k page, system-wide physical 8071M (926M free)
TotalPageFile size 9975M (AvailPageFile size 7M)
current process WorkingSet (physical memory assigned to process): 265M, peak: 265M
current process commit charge ("private bytes"): 340M, peak: 341M

vm_info: OpenJDK 64-Bit Server VM (11.0.9.1+1) for windows-amd64 JRE (11.0.9.1+1), built on Nov 10 2020 15:18:49 by "" with MS VC++ 15.9 (VS2017)

END.
