#
# There is insufficient memory for the Java Runtime Environment to continue.
# Native memory allocation (malloc) failed to allocate 584416 bytes for Chunk::new
# Possible reasons:
#   The system is out of physical RAM or swap space
#   The process is running with CompressedOops enabled, and the Java Heap may be blocking the growth of the native heap
# Possible solutions:
#   Reduce memory load on the system
#   Increase physical memory or swap space
#   Check if swap backing store is full
#   Decrease Java heap size (-Xmx/-Xms)
#   Decrease number of Java threads
#   Decrease Java thread stack sizes (-Xss)
#   Set larger code cache with -XX:ReservedCodeCacheSize=
#   JVM is running with Unscaled Compressed Oops mode in which the Java heap is
#     placed in the first 4GB address space. The Java Heap base address is the
#     maximum limit for the native heap growth. Please use -XX:HeapBaseMinAddress
#     to set the Java Heap base and to place the Java Heap above 4GB virtual address.
# This output file may be truncated or incomplete.
#
#  Out of Memory Error (./src/hotspot/share/memory/arena.cpp:197), pid=14880, tid=9976
#
# JRE version: OpenJDK Runtime Environment AdoptOpenJDK (11.0.9.1+1) (build 11.0.9.1+1)
# Java VM: OpenJDK 64-Bit Server VM AdoptOpenJDK (11.0.9.1+1, mixed mode, tiered, compressed oops, g1 gc, windows-amd64)
# No core dump will be written. Minidumps are not enabled by default on client versions of Windows
#

---------------  S U M M A R Y ------------

Command Line: target\sistema_isolamento.jar

Host: Intel(R) Core(TM) i5-6500 CPU @ 3.20GHz, 4 cores, 7G,  Windows 10 , 64 bit Build 19041 (10.0.19041.662)
Time: Wed Apr 20 14:51:27 2022 E. South America Standard Time elapsed time: 3.560726 seconds (0d 0h 0m 3s)

---------------  T H R E A D  ---------------

Current thread (0x0000021870bac000):  JavaThread "C2 CompilerThread0" daemon [_thread_in_native, id=9976, stack(0x000000ffbc700000,0x000000ffbc800000)]


Current CompileTask:
C2:   3560  953   !   4       org.springframework.boot.loader.jar.Handler::openConnection (46 bytes)

Stack: [0x000000ffbc700000,0x000000ffbc800000]
Native frames: (J=compiled Java code, j=interpreted, Vv=VM code, C=native code)
V  [jvm.dll+0x5f465a]
V  [jvm.dll+0x77c78e]
V  [jvm.dll+0x77de5f]
V  [jvm.dll+0x77e523]
V  [jvm.dll+0x2477c8]
V  [jvm.dll+0xbe2ec]
V  [jvm.dll+0xbe9ec]
V  [jvm.dll+0x2b69b4]
V  [jvm.dll+0x508bb9]
V  [jvm.dll+0x20929d]
V  [jvm.dll+0x20319a]
V  [jvm.dll+0x20011f]
V  [jvm.dll+0x184fbc]
V  [jvm.dll+0x20f7f7]
V  [jvm.dll+0x20d9db]
V  [jvm.dll+0x741029]
V  [jvm.dll+0x73a0d4]
V  [jvm.dll+0x5f3586]
C  [ucrtbase.dll+0x214c2]
C  [KERNEL32.DLL+0x17034]
C  [ntdll.dll+0x4d0d1]


---------------  P R O C E S S  ---------------

Threads class SMR info:
_java_thread_list=0x0000021871788380, length=11, elements={
0x000002184f74c000, 0x0000021870b26000, 0x0000021870b27000, 0x0000021870ba6800,
0x0000021870ba8800, 0x0000021870bac000, 0x0000021870bb7000, 0x0000021870bc5000,
0x0000021870d3b800, 0x0000021870d42800, 0x0000021871583000
}

Java Threads: ( => current thread )
  0x000002184f74c000 JavaThread "main" [_thread_in_native, id=14484, stack(0x000000ffbbc00000,0x000000ffbbd00000)]
  0x0000021870b26000 JavaThread "Reference Handler" daemon [_thread_blocked, id=11456, stack(0x000000ffbc300000,0x000000ffbc400000)]
  0x0000021870b27000 JavaThread "Finalizer" daemon [_thread_blocked, id=14732, stack(0x000000ffbc400000,0x000000ffbc500000)]
  0x0000021870ba6800 JavaThread "Signal Dispatcher" daemon [_thread_blocked, id=7932, stack(0x000000ffbc500000,0x000000ffbc600000)]
  0x0000021870ba8800 JavaThread "Attach Listener" daemon [_thread_blocked, id=13924, stack(0x000000ffbc600000,0x000000ffbc700000)]
=>0x0000021870bac000 JavaThread "C2 CompilerThread0" daemon [_thread_in_native, id=9976, stack(0x000000ffbc700000,0x000000ffbc800000)]
  0x0000021870bb7000 JavaThread "C1 CompilerThread0" daemon [_thread_in_native, id=2000, stack(0x000000ffbc800000,0x000000ffbc900000)]
  0x0000021870bc5000 JavaThread "Sweeper thread" daemon [_thread_blocked, id=1772, stack(0x000000ffbc900000,0x000000ffbca00000)]
  0x0000021870d3b800 JavaThread "Service Thread" daemon [_thread_blocked, id=3320, stack(0x000000ffbca00000,0x000000ffbcb00000)]
  0x0000021870d42800 JavaThread "Common-Cleaner" daemon [_thread_blocked, id=2280, stack(0x000000ffbcc00000,0x000000ffbcd00000)]
  0x0000021871583000 JavaThread "C2 CompilerThread1" daemon [_thread_in_native, id=3628, stack(0x000000ffbcf00000,0x000000ffbd000000)]

Other Threads:
  0x0000021870b23800 VMThread "VM Thread" [stack: 0x000000ffbc200000,0x000000ffbc300000] [id=5200]
  0x0000021870d3d000 WatcherThread [stack: 0x000000ffbcb00000,0x000000ffbcc00000] [id=15472]
  0x0000021851c2c800 GCTaskThread "GC Thread#0" [stack: 0x000000ffbbd00000,0x000000ffbbe00000] [id=8176]
  0x0000021870d2a000 GCTaskThread "GC Thread#1" [stack: 0x000000ffbcd00000,0x000000ffbce00000] [id=8624]
  0x0000021870d2b000 GCTaskThread "GC Thread#2" [stack: 0x000000ffbce00000,0x000000ffbcf00000] [id=13480]
  0x0000021851c5b800 ConcurrentGCThread "G1 Main Marker" [stack: 0x000000ffbbe00000,0x000000ffbbf00000] [id=12732]
  0x0000021851c5e000 ConcurrentGCThread "G1 Conc#0" [stack: 0x000000ffbbf00000,0x000000ffbc000000] [id=12888]
  0x0000021870189800 ConcurrentGCThread "G1 Refine#0" [stack: 0x000000ffbc000000,0x000000ffbc100000] [id=9676]
  0x000002187018a800 ConcurrentGCThread "G1 Young RemSet Sampling" [stack: 0x000000ffbc100000,0x000000ffbc200000] [id=14328]

Threads with active compile tasks:
C2 CompilerThread0   3716  953   !   4       org.springframework.boot.loader.jar.Handler::openConnection (46 bytes)
C1 CompilerThread0   3716  981   !   3       java.lang.ClassLoader::loadClass (122 bytes)
C2 CompilerThread1   3716  955       4       org.springframework.boot.loader.jar.JarURLConnection::get (188 bytes)

VM state:not at safepoint (normal execution)

VM Mutex/Monitor currently owned by a thread: None

Heap address: 0x0000000081e00000, size: 2018 MB, Compressed Oops mode: 32-bit
Narrow klass base: 0x0000000000000000, Narrow klass shift: 3
Compressed class space size: 1073741824 Address: 0x0000000100000000

Heap:
 garbage-first heap   total 131072K, used 62404K [0x0000000081e00000, 0x0000000100000000)
  region size 1024K, 63 young (64512K), 2 survivors (2048K)
 Metaspace       used 11576K, capacity 11765K, committed 11904K, reserved 1060864K
  class space    used 1066K, capacity 1137K, committed 1152K, reserved 1048576K
Heap Regions: E=young(eden), S=young(survivor), O=old, HS=humongous(starts), HC=humongous(continues), CS=collection set, F=free, A=archive, TAMS=top-at-mark-start (previous, next)
|   0|0x0000000081e00000, 0x0000000081e00000, 0x0000000081f00000|  0%| F|  |TAMS 0x0000000081e00000, 0x0000000081e00000| Untracked 
|   1|0x0000000081f00000, 0x0000000081f00000, 0x0000000082000000|  0%| F|  |TAMS 0x0000000081f00000, 0x0000000081f00000| Untracked 
|   2|0x0000000082000000, 0x0000000082000000, 0x0000000082100000|  0%| F|  |TAMS 0x0000000082000000, 0x0000000082000000| Untracked 
|   3|0x0000000082100000, 0x0000000082100000, 0x0000000082200000|  0%| F|  |TAMS 0x0000000082100000, 0x0000000082100000| Untracked 
|   4|0x0000000082200000, 0x0000000082200000, 0x0000000082300000|  0%| F|  |TAMS 0x0000000082200000, 0x0000000082200000| Untracked 
|   5|0x0000000082300000, 0x0000000082300000, 0x0000000082400000|  0%| F|  |TAMS 0x0000000082300000, 0x0000000082300000| Untracked 
|   6|0x0000000082400000, 0x0000000082400000, 0x0000000082500000|  0%| F|  |TAMS 0x0000000082400000, 0x0000000082400000| Untracked 
|   7|0x0000000082500000, 0x0000000082500000, 0x0000000082600000|  0%| F|  |TAMS 0x0000000082500000, 0x0000000082500000| Untracked 
|   8|0x0000000082600000, 0x0000000082600000, 0x0000000082700000|  0%| F|  |TAMS 0x0000000082600000, 0x0000000082600000| Untracked 
|   9|0x0000000082700000, 0x0000000082700000, 0x0000000082800000|  0%| F|  |TAMS 0x0000000082700000, 0x0000000082700000| Untracked 
|  10|0x0000000082800000, 0x0000000082800000, 0x0000000082900000|  0%| F|  |TAMS 0x0000000082800000, 0x0000000082800000| Untracked 
|  11|0x0000000082900000, 0x0000000082900000, 0x0000000082a00000|  0%| F|  |TAMS 0x0000000082900000, 0x0000000082900000| Untracked 
|  12|0x0000000082a00000, 0x0000000082a00000, 0x0000000082b00000|  0%| F|  |TAMS 0x0000000082a00000, 0x0000000082a00000| Untracked 
|  13|0x0000000082b00000, 0x0000000082b00000, 0x0000000082c00000|  0%| F|  |TAMS 0x0000000082b00000, 0x0000000082b00000| Untracked 
|  14|0x0000000082c00000, 0x0000000082c00000, 0x0000000082d00000|  0%| F|  |TAMS 0x0000000082c00000, 0x0000000082c00000| Untracked 
|  15|0x0000000082d00000, 0x0000000082d00000, 0x0000000082e00000|  0%| F|  |TAMS 0x0000000082d00000, 0x0000000082d00000| Untracked 
|  16|0x0000000082e00000, 0x0000000082e00000, 0x0000000082f00000|  0%| F|  |TAMS 0x0000000082e00000, 0x0000000082e00000| Untracked 
|  17|0x0000000082f00000, 0x0000000082f00000, 0x0000000083000000|  0%| F|  |TAMS 0x0000000082f00000, 0x0000000082f00000| Untracked 
|  18|0x0000000083000000, 0x0000000083000000, 0x0000000083100000|  0%| F|  |TAMS 0x0000000083000000, 0x0000000083000000| Untracked 
|  19|0x0000000083100000, 0x0000000083100000, 0x0000000083200000|  0%| F|  |TAMS 0x0000000083100000, 0x0000000083100000| Untracked 
|  20|0x0000000083200000, 0x0000000083200000, 0x0000000083300000|  0%| F|  |TAMS 0x0000000083200000, 0x0000000083200000| Untracked 
|  21|0x0000000083300000, 0x0000000083300000, 0x0000000083400000|  0%| F|  |TAMS 0x0000000083300000, 0x0000000083300000| Untracked 
|  22|0x0000000083400000, 0x0000000083400000, 0x0000000083500000|  0%| F|  |TAMS 0x0000000083400000, 0x0000000083400000| Untracked 
|  23|0x0000000083500000, 0x0000000083500000, 0x0000000083600000|  0%| F|  |TAMS 0x0000000083500000, 0x0000000083500000| Untracked 
|  24|0x0000000083600000, 0x0000000083600000, 0x0000000083700000|  0%| F|  |TAMS 0x0000000083600000, 0x0000000083600000| Untracked 
|  25|0x0000000083700000, 0x0000000083700000, 0x0000000083800000|  0%| F|  |TAMS 0x0000000083700000, 0x0000000083700000| Untracked 
|  26|0x0000000083800000, 0x0000000083800000, 0x0000000083900000|  0%| F|  |TAMS 0x0000000083800000, 0x0000000083800000| Untracked 
|  27|0x0000000083900000, 0x0000000083900000, 0x0000000083a00000|  0%| F|  |TAMS 0x0000000083900000, 0x0000000083900000| Untracked 
|  28|0x0000000083a00000, 0x0000000083a00000, 0x0000000083b00000|  0%| F|  |TAMS 0x0000000083a00000, 0x0000000083a00000| Untracked 
|  29|0x0000000083b00000, 0x0000000083b00000, 0x0000000083c00000|  0%| F|  |TAMS 0x0000000083b00000, 0x0000000083b00000| Untracked 
|  30|0x0000000083c00000, 0x0000000083c00000, 0x0000000083d00000|  0%| F|  |TAMS 0x0000000083c00000, 0x0000000083c00000| Untracked 
|  31|0x0000000083d00000, 0x0000000083d00000, 0x0000000083e00000|  0%| F|  |TAMS 0x0000000083d00000, 0x0000000083d00000| Untracked 
|  32|0x0000000083e00000, 0x0000000083e00000, 0x0000000083f00000|  0%| F|  |TAMS 0x0000000083e00000, 0x0000000083e00000| Untracked 
|  33|0x0000000083f00000, 0x0000000083f00000, 0x0000000084000000|  0%| F|  |TAMS 0x0000000083f00000, 0x0000000083f00000| Untracked 
|  34|0x0000000084000000, 0x0000000084000000, 0x0000000084100000|  0%| F|  |TAMS 0x0000000084000000, 0x0000000084000000| Untracked 
|  35|0x0000000084100000, 0x0000000084100000, 0x0000000084200000|  0%| F|  |TAMS 0x0000000084100000, 0x0000000084100000| Untracked 
|  36|0x0000000084200000, 0x0000000084200000, 0x0000000084300000|  0%| F|  |TAMS 0x0000000084200000, 0x0000000084200000| Untracked 
|  37|0x0000000084300000, 0x0000000084300000, 0x0000000084400000|  0%| F|  |TAMS 0x0000000084300000, 0x0000000084300000| Untracked 
|  38|0x0000000084400000, 0x0000000084400000, 0x0000000084500000|  0%| F|  |TAMS 0x0000000084400000, 0x0000000084400000| Untracked 
|  39|0x0000000084500000, 0x0000000084500000, 0x0000000084600000|  0%| F|  |TAMS 0x0000000084500000, 0x0000000084500000| Untracked 
|  40|0x0000000084600000, 0x0000000084600000, 0x0000000084700000|  0%| F|  |TAMS 0x0000000084600000, 0x0000000084600000| Untracked 
|  41|0x0000000084700000, 0x0000000084700000, 0x0000000084800000|  0%| F|  |TAMS 0x0000000084700000, 0x0000000084700000| Untracked 
|  42|0x0000000084800000, 0x0000000084800000, 0x0000000084900000|  0%| F|  |TAMS 0x0000000084800000, 0x0000000084800000| Untracked 
|  43|0x0000000084900000, 0x0000000084900000, 0x0000000084a00000|  0%| F|  |TAMS 0x0000000084900000, 0x0000000084900000| Untracked 
|  44|0x0000000084a00000, 0x0000000084a00000, 0x0000000084b00000|  0%| F|  |TAMS 0x0000000084a00000, 0x0000000084a00000| Untracked 
|  45|0x0000000084b00000, 0x0000000084b00000, 0x0000000084c00000|  0%| F|  |TAMS 0x0000000084b00000, 0x0000000084b00000| Untracked 
|  46|0x0000000084c00000, 0x0000000084c00000, 0x0000000084d00000|  0%| F|  |TAMS 0x0000000084c00000, 0x0000000084c00000| Untracked 
|  47|0x0000000084d00000, 0x0000000084d00000, 0x0000000084e00000|  0%| F|  |TAMS 0x0000000084d00000, 0x0000000084d00000| Untracked 
|  48|0x0000000084e00000, 0x0000000084e00000, 0x0000000084f00000|  0%| F|  |TAMS 0x0000000084e00000, 0x0000000084e00000| Untracked 
|  49|0x0000000084f00000, 0x0000000084f00000, 0x0000000085000000|  0%| F|  |TAMS 0x0000000084f00000, 0x0000000084f00000| Untracked 
|  50|0x0000000085000000, 0x0000000085000000, 0x0000000085100000|  0%| F|  |TAMS 0x0000000085000000, 0x0000000085000000| Untracked 
|  51|0x0000000085100000, 0x0000000085100000, 0x0000000085200000|  0%| F|  |TAMS 0x0000000085100000, 0x0000000085100000| Untracked 
|  52|0x0000000085200000, 0x0000000085200000, 0x0000000085300000|  0%| F|  |TAMS 0x0000000085200000, 0x0000000085200000| Untracked 
|  53|0x0000000085300000, 0x0000000085300000, 0x0000000085400000|  0%| F|  |TAMS 0x0000000085300000, 0x0000000085300000| Untracked 
|  54|0x0000000085400000, 0x0000000085400000, 0x0000000085500000|  0%| F|  |TAMS 0x0000000085400000, 0x0000000085400000| Untracked 
|  55|0x0000000085500000, 0x0000000085500000, 0x0000000085600000|  0%| F|  |TAMS 0x0000000085500000, 0x0000000085500000| Untracked 
|  56|0x0000000085600000, 0x0000000085600000, 0x0000000085700000|  0%| F|  |TAMS 0x0000000085600000, 0x0000000085600000| Untracked 
|  57|0x0000000085700000, 0x0000000085700000, 0x0000000085800000|  0%| F|  |TAMS 0x0000000085700000, 0x0000000085700000| Untracked 
|  58|0x0000000085800000, 0x0000000085800000, 0x0000000085900000|  0%| F|  |TAMS 0x0000000085800000, 0x0000000085800000| Untracked 
|  59|0x0000000085900000, 0x0000000085900000, 0x0000000085a00000|  0%| F|  |TAMS 0x0000000085900000, 0x0000000085900000| Untracked 
|  60|0x0000000085a00000, 0x0000000085a00000, 0x0000000085b00000|  0%| F|  |TAMS 0x0000000085a00000, 0x0000000085a00000| Untracked 
|  61|0x0000000085b00000, 0x0000000085b00000, 0x0000000085c00000|  0%| F|  |TAMS 0x0000000085b00000, 0x0000000085b00000| Untracked 
|  62|0x0000000085c00000, 0x0000000085c00000, 0x0000000085d00000|  0%| F|  |TAMS 0x0000000085c00000, 0x0000000085c00000| Untracked 
|  63|0x0000000085d00000, 0x0000000085d00000, 0x0000000085e00000|  0%| F|  |TAMS 0x0000000085d00000, 0x0000000085d00000| Untracked 
|  64|0x0000000085e00000, 0x0000000085e80800, 0x0000000085f00000| 50%| E|  |TAMS 0x0000000085e00000, 0x0000000085e00000| Complete 
|  65|0x0000000085f00000, 0x0000000086000000, 0x0000000086000000|100%| E|CS|TAMS 0x0000000085f00000, 0x0000000085f00000| Complete 
|  66|0x0000000086000000, 0x0000000086100000, 0x0000000086100000|100%| E|CS|TAMS 0x0000000086000000, 0x0000000086000000| Complete 
|  67|0x0000000086100000, 0x0000000086200000, 0x0000000086200000|100%| E|CS|TAMS 0x0000000086100000, 0x0000000086100000| Complete 
|  68|0x0000000086200000, 0x0000000086300000, 0x0000000086300000|100%| E|CS|TAMS 0x0000000086200000, 0x0000000086200000| Complete 
|  69|0x0000000086300000, 0x0000000086400000, 0x0000000086400000|100%| E|CS|TAMS 0x0000000086300000, 0x0000000086300000| Complete 
|  70|0x0000000086400000, 0x0000000086500000, 0x0000000086500000|100%| E|CS|TAMS 0x0000000086400000, 0x0000000086400000| Complete 
|  71|0x0000000086500000, 0x0000000086600000, 0x0000000086600000|100%| E|CS|TAMS 0x0000000086500000, 0x0000000086500000| Complete 
|  72|0x0000000086600000, 0x0000000086700000, 0x0000000086700000|100%| E|CS|TAMS 0x0000000086600000, 0x0000000086600000| Complete 
|  73|0x0000000086700000, 0x0000000086800000, 0x0000000086800000|100%| E|CS|TAMS 0x0000000086700000, 0x0000000086700000| Complete 
|  74|0x0000000086800000, 0x0000000086900000, 0x0000000086900000|100%| E|CS|TAMS 0x0000000086800000, 0x0000000086800000| Complete 
|  75|0x0000000086900000, 0x0000000086a00000, 0x0000000086a00000|100%| E|CS|TAMS 0x0000000086900000, 0x0000000086900000| Complete 
|  76|0x0000000086a00000, 0x0000000086b00000, 0x0000000086b00000|100%| E|CS|TAMS 0x0000000086a00000, 0x0000000086a00000| Complete 
|  77|0x0000000086b00000, 0x0000000086c00000, 0x0000000086c00000|100%| E|CS|TAMS 0x0000000086b00000, 0x0000000086b00000| Complete 
|  78|0x0000000086c00000, 0x0000000086d00000, 0x0000000086d00000|100%| E|CS|TAMS 0x0000000086c00000, 0x0000000086c00000| Complete 
|  79|0x0000000086d00000, 0x0000000086e00000, 0x0000000086e00000|100%| E|CS|TAMS 0x0000000086d00000, 0x0000000086d00000| Complete 
|  80|0x0000000086e00000, 0x0000000086f00000, 0x0000000086f00000|100%| E|CS|TAMS 0x0000000086e00000, 0x0000000086e00000| Complete 
|  81|0x0000000086f00000, 0x0000000087000000, 0x0000000087000000|100%| E|CS|TAMS 0x0000000086f00000, 0x0000000086f00000| Complete 
|  82|0x0000000087000000, 0x0000000087100000, 0x0000000087100000|100%| E|CS|TAMS 0x0000000087000000, 0x0000000087000000| Complete 
|  83|0x0000000087100000, 0x0000000087200000, 0x0000000087200000|100%| E|CS|TAMS 0x0000000087100000, 0x0000000087100000| Complete 
|  84|0x0000000087200000, 0x0000000087300000, 0x0000000087300000|100%| E|CS|TAMS 0x0000000087200000, 0x0000000087200000| Complete 
|  85|0x0000000087300000, 0x0000000087400000, 0x0000000087400000|100%| E|CS|TAMS 0x0000000087300000, 0x0000000087300000| Complete 
|  86|0x0000000087400000, 0x0000000087500000, 0x0000000087500000|100%| E|CS|TAMS 0x0000000087400000, 0x0000000087400000| Complete 
|  87|0x0000000087500000, 0x0000000087600000, 0x0000000087600000|100%| E|CS|TAMS 0x0000000087500000, 0x0000000087500000| Complete 
|  88|0x0000000087600000, 0x0000000087700000, 0x0000000087700000|100%| E|CS|TAMS 0x0000000087600000, 0x0000000087600000| Complete 
|  89|0x0000000087700000, 0x0000000087800000, 0x0000000087800000|100%| E|CS|TAMS 0x0000000087700000, 0x0000000087700000| Complete 
|  90|0x0000000087800000, 0x0000000087900000, 0x0000000087900000|100%| E|CS|TAMS 0x0000000087800000, 0x0000000087800000| Complete 
|  91|0x0000000087900000, 0x0000000087a00000, 0x0000000087a00000|100%| E|CS|TAMS 0x0000000087900000, 0x0000000087900000| Complete 
|  92|0x0000000087a00000, 0x0000000087b00000, 0x0000000087b00000|100%| E|CS|TAMS 0x0000000087a00000, 0x0000000087a00000| Complete 
|  93|0x0000000087b00000, 0x0000000087c00000, 0x0000000087c00000|100%| E|CS|TAMS 0x0000000087b00000, 0x0000000087b00000| Complete 
|  94|0x0000000087c00000, 0x0000000087d00000, 0x0000000087d00000|100%| E|CS|TAMS 0x0000000087c00000, 0x0000000087c00000| Complete 
|  95|0x0000000087d00000, 0x0000000087e00000, 0x0000000087e00000|100%| E|CS|TAMS 0x0000000087d00000, 0x0000000087d00000| Complete 
|  96|0x0000000087e00000, 0x0000000087f00000, 0x0000000087f00000|100%| E|CS|TAMS 0x0000000087e00000, 0x0000000087e00000| Complete 
|  97|0x0000000087f00000, 0x0000000088000000, 0x0000000088000000|100%| E|CS|TAMS 0x0000000087f00000, 0x0000000087f00000| Complete 
|  98|0x0000000088000000, 0x0000000088100000, 0x0000000088100000|100%| E|  |TAMS 0x0000000088000000, 0x0000000088000000| Complete 
|  99|0x0000000088100000, 0x0000000088200000, 0x0000000088200000|100%| E|CS|TAMS 0x0000000088100000, 0x0000000088100000| Complete 
| 100|0x0000000088200000, 0x0000000088300000, 0x0000000088300000|100%| E|CS|TAMS 0x0000000088200000, 0x0000000088200000| Complete 
| 101|0x0000000088300000, 0x0000000088400000, 0x0000000088400000|100%| E|CS|TAMS 0x0000000088300000, 0x0000000088300000| Complete 
| 102|0x0000000088400000, 0x0000000088500000, 0x0000000088500000|100%| E|CS|TAMS 0x0000000088400000, 0x0000000088400000| Complete 
| 103|0x0000000088500000, 0x0000000088600000, 0x0000000088600000|100%| E|CS|TAMS 0x0000000088500000, 0x0000000088500000| Complete 
| 104|0x0000000088600000, 0x0000000088700000, 0x0000000088700000|100%| E|CS|TAMS 0x0000000088600000, 0x0000000088600000| Complete 
| 105|0x0000000088700000, 0x0000000088800000, 0x0000000088800000|100%| E|CS|TAMS 0x0000000088700000, 0x0000000088700000| Complete 
| 106|0x0000000088800000, 0x0000000088900000, 0x0000000088900000|100%| E|CS|TAMS 0x0000000088800000, 0x0000000088800000| Complete 
| 107|0x0000000088900000, 0x0000000088a00000, 0x0000000088a00000|100%| E|CS|TAMS 0x0000000088900000, 0x0000000088900000| Complete 
| 108|0x0000000088a00000, 0x0000000088b00000, 0x0000000088b00000|100%| E|CS|TAMS 0x0000000088a00000, 0x0000000088a00000| Complete 
| 109|0x0000000088b00000, 0x0000000088c00000, 0x0000000088c00000|100%| E|CS|TAMS 0x0000000088b00000, 0x0000000088b00000| Complete 
| 110|0x0000000088c00000, 0x0000000088d00000, 0x0000000088d00000|100%| E|CS|TAMS 0x0000000088c00000, 0x0000000088c00000| Complete 
| 111|0x0000000088d00000, 0x0000000088e00000, 0x0000000088e00000|100%| E|CS|TAMS 0x0000000088d00000, 0x0000000088d00000| Complete 
| 112|0x0000000088e00000, 0x0000000088ef1060, 0x0000000088f00000| 94%| S|CS|TAMS 0x0000000088e00000, 0x0000000088e00000| Complete 
| 113|0x0000000088f00000, 0x0000000089000000, 0x0000000089000000|100%| S|CS|TAMS 0x0000000088f00000, 0x0000000088f00000| Complete 
| 114|0x0000000089000000, 0x0000000089100000, 0x0000000089100000|100%| E|CS|TAMS 0x0000000089000000, 0x0000000089000000| Complete 
| 115|0x0000000089100000, 0x0000000089200000, 0x0000000089200000|100%| E|CS|TAMS 0x0000000089100000, 0x0000000089100000| Complete 
| 116|0x0000000089200000, 0x0000000089300000, 0x0000000089300000|100%| E|CS|TAMS 0x0000000089200000, 0x0000000089200000| Complete 
| 117|0x0000000089300000, 0x0000000089400000, 0x0000000089400000|100%| E|CS|TAMS 0x0000000089300000, 0x0000000089300000| Complete 
| 118|0x0000000089400000, 0x0000000089500000, 0x0000000089500000|100%| E|CS|TAMS 0x0000000089400000, 0x0000000089400000| Complete 
| 119|0x0000000089500000, 0x0000000089600000, 0x0000000089600000|100%| E|CS|TAMS 0x0000000089500000, 0x0000000089500000| Complete 
| 120|0x0000000089600000, 0x0000000089700000, 0x0000000089700000|100%| E|CS|TAMS 0x0000000089600000, 0x0000000089600000| Complete 
| 121|0x0000000089700000, 0x0000000089800000, 0x0000000089800000|100%| E|CS|TAMS 0x0000000089700000, 0x0000000089700000| Complete 
| 122|0x0000000089800000, 0x0000000089900000, 0x0000000089900000|100%| E|CS|TAMS 0x0000000089800000, 0x0000000089800000| Complete 
| 123|0x0000000089900000, 0x0000000089a00000, 0x0000000089a00000|100%| E|CS|TAMS 0x0000000089900000, 0x0000000089900000| Complete 
| 124|0x0000000089a00000, 0x0000000089b00000, 0x0000000089b00000|100%| E|CS|TAMS 0x0000000089a00000, 0x0000000089a00000| Complete 
| 125|0x0000000089b00000, 0x0000000089c00000, 0x0000000089c00000|100%| E|CS|TAMS 0x0000000089b00000, 0x0000000089b00000| Complete 
| 126|0x0000000089c00000, 0x0000000089d00000, 0x0000000089d00000|100%| E|CS|TAMS 0x0000000089c00000, 0x0000000089c00000| Complete 
| 127|0x0000000089d00000, 0x0000000089e00000, 0x0000000089e00000|100%| E|CS|TAMS 0x0000000089d00000, 0x0000000089d00000| Complete 

Card table byte_map: [0x00000218696d0000,0x0000021869ad0000] _byte_map_base: 0x00000218692c1000

Marking Bits (Prev, Next): (CMBitMap*) 0x0000021851c53068, (CMBitMap*) 0x0000021851c530a0
 Prev Bits: [0x0000021869ed0000, 0x000002186be58000)
 Next Bits: [0x000002186be60000, 0x000002186dde8000)

Polling page: 0x0000021850ff0000

Metaspace:

Usage:
  Non-class:     10.44 MB capacity,    10.28 MB ( 98%) used,   154.50 KB (  1%) free+waste,    12.94 KB ( <1%) overhead. 
      Class:      1.11 MB capacity,     1.05 MB ( 94%) used,    60.26 KB (  5%) free+waste,     5.63 KB ( <1%) overhead. 
       Both:     11.55 MB capacity,    11.32 MB ( 98%) used,   214.76 KB (  2%) free+waste,    18.56 KB ( <1%) overhead. 

Virtual space:
  Non-class space:       12.00 MB reserved,      10.50 MB ( 88%) committed 
      Class space:        1.00 GB reserved,       1.13 MB ( <1%) committed 
             Both:        1.01 GB reserved,      11.63 MB (  1%) committed 

Chunk freelists:
   Non-Class:  60.00 KB
       Class:  15.00 KB
        Both:  75.00 KB

MaxMetaspaceSize: 17179869184.00 GB
CompressedClassSpaceSize: 1.00 GB

CodeHeap 'non-profiled nmethods': size=120064Kb used=356Kb max_used=356Kb free=119707Kb
 bounds [0x0000021861d90000, 0x0000021862000000, 0x00000218692d0000]
CodeHeap 'profiled nmethods': size=120000Kb used=1777Kb max_used=1777Kb free=118222Kb
 bounds [0x000002185a860000, 0x000002185aad0000, 0x0000021861d90000]
CodeHeap 'non-nmethods': size=5696Kb used=1081Kb max_used=1100Kb free=4614Kb
 bounds [0x000002185a2d0000, 0x000002185a540000, 0x000002185a860000]
 total_blobs=1369 nmethods=981 adapters=300
 compilation: enabled
              stopped_count=0, restarted_count=0
 full_count=0

Compilation events (20 events):
Event: 3.539 Thread 0x0000021870bb7000 nmethod 963 0x000002185aa16e90 code [0x000002185aa17040, 0x000002185aa17198]
Event: 3.539 Thread 0x0000021870bb7000  961       3       java.lang.reflect.ProxyGenerator$ConstantPool$IndirectEntry::hashCode (15 bytes)
Event: 3.539 Thread 0x0000021870bb7000 nmethod 961 0x000002185aa17290 code [0x000002185aa17440, 0x000002185aa17558]
Event: 3.539 Thread 0x0000021870bb7000  962       3       java.lang.reflect.ProxyGenerator$ConstantPool$IndirectEntry::equals (49 bytes)
Event: 3.539 Thread 0x0000021870bb7000 nmethod 962 0x000002185aa17610 code [0x000002185aa177e0, 0x000002185aa17bd8]
Event: 3.539 Thread 0x0000021870bb7000  959       3       sun.reflect.generics.parser.SignatureParser::advance (53 bytes)
Event: 3.540 Thread 0x0000021870bb7000 nmethod 959 0x000002185aa17c90 code [0x000002185aa17e60, 0x000002185aa180b8]
Event: 3.540 Thread 0x0000021870bb7000  960       3       java.lang.Character::isWhitespace (5 bytes)
Event: 3.540 Thread 0x0000021870bb7000 nmethod 960 0x000002185aa18210 code [0x000002185aa183e0, 0x000002185aa18618]
Event: 3.544 Thread 0x0000021870bb7000  967  s    3       java.lang.Throwable::fillInStackTrace (29 bytes)
Event: 3.544 Thread 0x0000021870bb7000 nmethod 967 0x000002185aa18710 code [0x000002185aa188e0, 0x000002185aa18c68]
Event: 3.544 Thread 0x0000021871583000  965       4       java.lang.String::startsWith (7 bytes)
Event: 3.548 Thread 0x0000021871583000 nmethod 965 0x0000021861de7910 code [0x0000021861de7aa0, 0x0000021861de7c98]
Event: 3.548 Thread 0x0000021871583000  964       4       org.springframework.boot.loader.jar.StringSequence::startsWith (37 bytes)
Event: 3.553 Thread 0x0000021871583000 nmethod 964 0x0000021861de7e10 code [0x0000021861de7fc0, 0x0000021861de8258]
Event: 3.553 Thread 0x0000021871583000  957       4       java.lang.CharacterDataLatin1::getProperties (11 bytes)
Event: 3.553 Thread 0x0000021871583000 nmethod 957 0x0000021861de8490 code [0x0000021861de8620, 0x0000021861de86b8]
Event: 3.553 Thread 0x0000021871583000  955       4       org.springframework.boot.loader.jar.JarURLConnection::get (188 bytes)
Event: 3.555 Thread 0x0000021870bb7000  969   !   3       java.util.zip.Inflater::end (37 bytes)
Event: 3.556 Thread 0x0000021870bb7000 nmethod 969 0x000002185aa18d10 code [0x000002185aa18ee0, 0x000002185aa19348]

GC Heap History (2 events):
Event: 2.026 GC heap before
{Heap before GC invocations=0 (full 0):
 garbage-first heap   total 131072K, used 14336K [0x0000000081e00000, 0x0000000100000000)
  region size 1024K, 14 young (14336K), 0 survivors (0K)
 Metaspace       used 7702K, capacity 7809K, committed 7936K, reserved 1056768K
  class space    used 662K, capacity 709K, committed 768K, reserved 1048576K
}
Event: 2.029 GC heap after
{Heap after GC invocations=1 (full 0):
 garbage-first heap   total 131072K, used 1988K [0x0000000081e00000, 0x0000000100000000)
  region size 1024K, 2 young (2048K), 2 survivors (2048K)
 Metaspace       used 7702K, capacity 7809K, committed 7936K, reserved 1056768K
  class space    used 662K, capacity 709K, committed 768K, reserved 1048576K
}

Deoptimization events (20 events):
Event: 2.181 Thread 0x000002184f74c000 Uncommon trap: trap_request=0xffffff4d fr.pc=0x0000021861dbfa70 relative=0x0000000000000130
Event: 2.181 Thread 0x000002184f74c000 Uncommon trap: reason=unstable_if action=reinterpret pc=0x0000021861dbfa70 method=sun.net.www.ParseUtil.firstEncodeIndex(Ljava/lang/String;)I @ 33 c2
Event: 2.181 Thread 0x000002184f74c000 DEOPT PACKING pc=0x0000021861dbfa70 sp=0x000000ffbbcf9950
Event: 2.181 Thread 0x000002184f74c000 DEOPT UNPACKING pc=0x000002185a2f74af sp=0x000000ffbbcf98d8 mode 2
Event: 2.631 Thread 0x000002184f74c000 Uncommon trap: trap_request=0xffffff4d fr.pc=0x0000021861dc9960 relative=0x00000000000002a0
Event: 2.632 Thread 0x000002184f74c000 Uncommon trap: reason=unstable_if action=reinterpret pc=0x0000021861dc9960 method=java.io.BufferedReader.read()I @ 19 c2
Event: 2.632 Thread 0x000002184f74c000 DEOPT PACKING pc=0x0000021861dc9960 sp=0x000000ffbbcf8630
Event: 2.632 Thread 0x000002184f74c000 DEOPT UNPACKING pc=0x000002185a2f74af sp=0x000000ffbbcf8570 mode 2
Event: 2.795 Thread 0x000002184f74c000 Uncommon trap: trap_request=0xffffff4d fr.pc=0x0000021861db0c7c relative=0x00000000000003bc
Event: 2.795 Thread 0x000002184f74c000 Uncommon trap: reason=unstable_if action=reinterpret pc=0x0000021861db0c7c method=java.lang.StringLatin1.canEncode(I)Z @ 4 c2
Event: 2.795 Thread 0x000002184f74c000 DEOPT PACKING pc=0x0000021861db0c7c sp=0x000000ffbbcfc920
Event: 2.795 Thread 0x000002184f74c000 DEOPT UNPACKING pc=0x000002185a2f74af sp=0x000000ffbbcfc848 mode 2
Event: 2.795 Thread 0x000002184f74c000 Uncommon trap: trap_request=0xffffff4d fr.pc=0x0000021861dc2ad8 relative=0x0000000000000398
Event: 2.795 Thread 0x000002184f74c000 Uncommon trap: reason=unstable_if action=reinterpret pc=0x0000021861dc2ad8 method=java.lang.AbstractStringBuilder.isLatin1()Z @ 10 c2
Event: 2.795 Thread 0x000002184f74c000 DEOPT PACKING pc=0x0000021861dc2ad8 sp=0x000000ffbbcfc930
Event: 2.795 Thread 0x000002184f74c000 DEOPT UNPACKING pc=0x000002185a2f74af sp=0x000000ffbbcfc8b0 mode 2
Event: 2.795 Thread 0x000002184f74c000 Uncommon trap: trap_request=0xffffff4d fr.pc=0x0000021861daf878 relative=0x0000000000000058
Event: 2.795 Thread 0x000002184f74c000 Uncommon trap: reason=unstable_if action=reinterpret pc=0x0000021861daf878 method=java.lang.AbstractStringBuilder.isLatin1()Z @ 10 c2
Event: 2.795 Thread 0x000002184f74c000 DEOPT PACKING pc=0x0000021861daf878 sp=0x000000ffbbcfc910
Event: 2.795 Thread 0x000002184f74c000 DEOPT UNPACKING pc=0x000002185a2f74af sp=0x000000ffbbcfc8a0 mode 2

Classes redefined (0 events):
No events

Internal exceptions (7 events):
Event: 1.010 Thread 0x000002184f74c000 Exception <a 'java/lang/NoSuchMethodError'{0x0000000089c67888}: 'int java.lang.invoke.DirectMethodHandle$Holder.invokeStaticInit(java.lang.Object, java.lang.Object)'> (0x0000000089c67888) thrown at [./src/hotspot/share/interpreter/linkResolver.cpp, line 773]
Event: 1.045 Thread 0x000002184f74c000 Exception <a 'java/lang/NoSuchMethodError'{0x0000000089cd9888}: 'void java.lang.invoke.DirectMethodHandle$Holder.invokeStaticInit(java.lang.Object)'> (0x0000000089cd9888) thrown at [./src/hotspot/share/interpreter/linkResolver.cpp, line 773]
Event: 1.155 Thread 0x000002184f74c000 Exception <a 'java/lang/NoSuchMethodError'{0x0000000089b3de18}: 'int java.lang.invoke.DirectMethodHandle$Holder.invokeVirtual(java.lang.Object, java.lang.Object, java.lang.Object)'> (0x0000000089b3de18) thrown at [./src/hotspot/share/interpreter/linkResolver.cpp, line 773]
Event: 1.157 Thread 0x000002184f74c000 Exception <a 'java/lang/NoSuchMethodError'{0x0000000089b4cce8}: 'void java.lang.invoke.DirectMethodHandle$Holder.invokeSpecial(java.lang.Object, java.lang.Object)'> (0x0000000089b4cce8) thrown at [./src/hotspot/share/interpreter/linkResolver.cpp, line 773]
Event: 2.626 Thread 0x000002184f74c000 Exception <a 'java/lang/ClassNotFoundException'{0x000000008739af68}: javax/smartcardio/CardPermission> (0x000000008739af68) thrown at [./src/hotspot/share/classfile/systemDictionary.cpp, line 231]
Event: 2.656 Thread 0x000002184f74c000 Exception <a 'java/io/FileNotFoundException'{0x00000000873a9648}> (0x00000000873a9648) thrown at [./src/hotspot/share/prims/jni.cpp, line 615]
Event: 3.368 Thread 0x000002184f74c000 Exception <a 'java/lang/NoSuchMethodError'{0x0000000086b16700}: 'java.lang.Object java.lang.invoke.DirectMethodHandle$Holder.invokeSpecialIFC(java.lang.Object, java.lang.Object, java.lang.Object, java.lang.Object)'> (0x0000000086b16700) thrown at [./src/hotspot/share/interpreter/linkResolver.cpp, line 773]

Events (20 events):
Event: 3.540 loading class org/springframework/core/annotation/MissingMergedAnnotation done
Event: 3.540 loading class org/springframework/core/annotation/AbstractMergedAnnotation
Event: 3.540 loading class org/springframework/core/annotation/AbstractMergedAnnotation done
Event: 3.542 loading class org/springframework/core/DecoratingProxy
Event: 3.542 loading class org/springframework/core/DecoratingProxy done
Event: 3.542 loading class org/springframework/boot/ClearCachesApplicationListener
Event: 3.542 loading class org/springframework/boot/ClearCachesApplicationListener done
Event: 3.543 loading class org/springframework/boot/builder/ParentContextCloserApplicationListener
Event: 3.543 loading class org/springframework/boot/builder/ParentContextCloserApplicationListener done
Event: 3.544 loading class org/springframework/context/ApplicationContextAware
Event: 3.544 loading class org/springframework/context/ApplicationContextAware done
Event: 3.544 loading class org/springframework/beans/factory/Aware
Event: 3.544 loading class org/springframework/beans/factory/Aware done
Event: 3.544 Thread 0x0000021871583000 Thread added: 0x0000021871583000
Event: 3.555 loading class org/springframework/boot/context/FileEncodingApplicationListener
Event: 3.555 loading class org/springframework/boot/context/FileEncodingApplicationListener done
Event: 3.556 loading class org/springframework/boot/context/config/AnsiOutputApplicationListener
Event: 3.556 loading class org/springframework/boot/context/config/AnsiOutputApplicationListener done
Event: 3.557 loading class org/springframework/boot/context/config/DelegatingApplicationListener
Event: 3.557 loading class org/springframework/boot/context/config/DelegatingApplicationListener done


Dynamic libraries:
0x00007ff63d5b0000 - 0x00007ff63d5bd000 	C:\Program Files\AdoptOpenJDK\jdk-11.0.9.101-hotspot\bin\java.exe
0x00007ff8f65b0000 - 0x00007ff8f67a6000 	C:\WINDOWS\SYSTEM32\ntdll.dll
0x00007ff8f57a0000 - 0x00007ff8f585d000 	C:\WINDOWS\System32\KERNEL32.DLL
0x00007ff8f3e90000 - 0x00007ff8f4159000 	C:\WINDOWS\System32\KERNELBASE.dll
0x00007ff8f3d90000 - 0x00007ff8f3e90000 	C:\WINDOWS\System32\ucrtbase.dll
0x00007ff8cf480000 - 0x00007ff8cf495000 	C:\Program Files\AdoptOpenJDK\jdk-11.0.9.101-hotspot\bin\VCRUNTIME140.dll
0x00007ff8c9ad0000 - 0x00007ff8c9ae7000 	C:\Program Files\AdoptOpenJDK\jdk-11.0.9.101-hotspot\bin\jli.dll
0x00007ff8f4df0000 - 0x00007ff8f4f90000 	C:\WINDOWS\System32\USER32.dll
0x00007ff8f43d0000 - 0x00007ff8f43f2000 	C:\WINDOWS\System32\win32u.dll
0x00007ff8dd4c0000 - 0x00007ff8dd75b000 	C:\WINDOWS\WinSxS\amd64_microsoft.windows.common-controls_6595b64144ccf1df_6.0.19041.488_none_ca04af081b815d21\COMCTL32.dll
0x00007ff8f6400000 - 0x00007ff8f642a000 	C:\WINDOWS\System32\GDI32.dll
0x00007ff8f5e30000 - 0x00007ff8f5ece000 	C:\WINDOWS\System32\msvcrt.dll
0x00007ff8f4210000 - 0x00007ff8f4319000 	C:\WINDOWS\System32\gdi32full.dll
0x00007ff8f3cf0000 - 0x00007ff8f3d8d000 	C:\WINDOWS\System32\msvcp_win.dll
0x00007ff8f5140000 - 0x00007ff8f5170000 	C:\WINDOWS\System32\IMM32.DLL
0x00007ff8abe30000 - 0x00007ff8abed4000 	C:\Program Files\McAfee\Endpoint Security\Threat Prevention\Ips\EpMPApi.dll
0x00007ff8f5170000 - 0x00007ff8f529b000 	C:\WINDOWS\System32\RPCRT4.dll
0x00007ff8f5860000 - 0x00007ff8f590c000 	C:\WINDOWS\System32\ADVAPI32.dll
0x00007ff8f50a0000 - 0x00007ff8f513c000 	C:\WINDOWS\System32\sechost.dll
0x00007ff8f4320000 - 0x00007ff8f4380000 	C:\WINDOWS\System32\WINTRUST.dll
0x00007ff8f4480000 - 0x00007ff8f45dd000 	C:\WINDOWS\System32\CRYPT32.dll
0x00007ff8f3890000 - 0x00007ff8f38a2000 	C:\WINDOWS\SYSTEM32\MSASN1.dll
0x000000005fb30000 - 0x000000005fb3c000 	C:\Program Files\McAfee\Endpoint Security\Threat Prevention\Ips\EpMPThe.dll
0x00007ff8a9990000 - 0x00007ff8a99e9000 	C:\Program Files\McAfee\Endpoint Security\Threat Prevention\Ips\HIPHandlers64.dll
0x00007ff8d6080000 - 0x00007ff8d6264000 	C:\WINDOWS\SYSTEM32\dbghelp.dll
0x0000021850f90000 - 0x0000021850fe5000 	C:\WINDOWS\System32\SHLWAPI.dll
0x00007ff8b1500000 - 0x00007ff8b159b000 	C:\Program Files\AdoptOpenJDK\jdk-11.0.9.101-hotspot\bin\msvcp140.dll
0x00007ff89af30000 - 0x00007ff89ba73000 	C:\Program Files\AdoptOpenJDK\jdk-11.0.9.101-hotspot\bin\server\jvm.dll
0x00007ff8f5b90000 - 0x00007ff8f5b98000 	C:\WINDOWS\System32\PSAPI.DLL
0x00007ff8e6410000 - 0x00007ff8e641a000 	C:\WINDOWS\SYSTEM32\VERSION.dll
0x00007ff8dd880000 - 0x00007ff8dd8a7000 	C:\WINDOWS\SYSTEM32\WINMM.dll
0x00007ff8d1260000 - 0x00007ff8d1269000 	C:\WINDOWS\SYSTEM32\WSOCK32.dll
0x00007ff8f5910000 - 0x00007ff8f597b000 	C:\WINDOWS\System32\WS2_32.dll
0x00007ff8f1c20000 - 0x00007ff8f1c32000 	C:\WINDOWS\SYSTEM32\kernel.appcore.dll
0x00007ff8ceed0000 - 0x00007ff8ceee0000 	C:\Program Files\AdoptOpenJDK\jdk-11.0.9.101-hotspot\bin\verify.dll
0x00007ff8d4a70000 - 0x00007ff8d4a9c000 	C:\WINDOWS\SYSTEM32\dbgcore.DLL
0x00007ff8f4400000 - 0x00007ff8f4480000 	C:\WINDOWS\System32\bcryptPrimitives.dll
0x00007ff8c2120000 - 0x00007ff8c2148000 	C:\Program Files\AdoptOpenJDK\jdk-11.0.9.101-hotspot\bin\java.dll
0x00007ff8ceda0000 - 0x00007ff8cedaa000 	C:\Program Files\AdoptOpenJDK\jdk-11.0.9.101-hotspot\bin\jimage.dll
0x00007ff8c9360000 - 0x00007ff8c9377000 	C:\Program Files\AdoptOpenJDK\jdk-11.0.9.101-hotspot\bin\zip.dll
0x00007ff8f46a0000 - 0x00007ff8f4de2000 	C:\WINDOWS\System32\SHELL32.dll
0x00007ff8f1e20000 - 0x00007ff8f25b5000 	C:\WINDOWS\SYSTEM32\windows.storage.dll
0x00007ff8f53c0000 - 0x00007ff8f5716000 	C:\WINDOWS\System32\combase.dll
0x00007ff8f3620000 - 0x00007ff8f364c000 	C:\WINDOWS\SYSTEM32\Wldp.dll
0x00007ff8f4f90000 - 0x00007ff8f503e000 	C:\WINDOWS\System32\SHCORE.dll
0x00007ff8f3c20000 - 0x00007ff8f3c46000 	C:\WINDOWS\SYSTEM32\profapi.dll
0x00007ff8c3100000 - 0x00007ff8c3119000 	C:\Program Files\AdoptOpenJDK\jdk-11.0.9.101-hotspot\bin\net.dll
0x00007ff8ebc90000 - 0x00007ff8ebd90000 	C:\WINDOWS\SYSTEM32\WINHTTP.dll
0x00007ff8f33b0000 - 0x00007ff8f341a000 	C:\WINDOWS\system32\mswsock.dll
0x00007ff8c2660000 - 0x00007ff8c2672000 	C:\Program Files\AdoptOpenJDK\jdk-11.0.9.101-hotspot\bin\nio.dll

dbghelp: loaded successfully - version: 4.0.5 - missing functions: none
symbol engine: initialized successfully - sym options: 0x614 - pdb path: .;C:\Program Files\AdoptOpenJDK\jdk-11.0.9.101-hotspot\bin;C:\WINDOWS\SYSTEM32;C:\WINDOWS\WinSxS\amd64_microsoft.windows.common-controls_6595b64144ccf1df_6.0.19041.488_none_ca04af081b815d21;C:\Program Files\McAfee\Endpoint Security\Threat Prevention\Ips;C:\Program Files\AdoptOpenJDK\jdk-11.0.9.101-hotspot\bin\server

VM Arguments:
java_command: target\sistema_isolamento.jar
java_class_path (initial): target\sistema_isolamento.jar
Launcher Type: SUN_STANDARD

[Global flags]
     intx CICompilerCount                          = 3                                         {product} {ergonomic}
     uint ConcGCThreads                            = 1                                         {product} {ergonomic}
     uint G1ConcRefinementThreads                  = 4                                         {product} {ergonomic}
   size_t G1HeapRegionSize                         = 1048576                                   {product} {ergonomic}
    uintx GCDrainStackTargetSize                   = 64                                        {product} {ergonomic}
   size_t InitialHeapSize                          = 134217728                                 {product} {ergonomic}
   size_t MarkStackSize                            = 4194304                                   {product} {ergonomic}
   size_t MaxHeapSize                              = 2116026368                                {product} {ergonomic}
   size_t MaxNewSize                               = 1268776960                                {product} {ergonomic}
   size_t MinHeapDeltaBytes                        = 1048576                                   {product} {ergonomic}
    uintx NonNMethodCodeHeapSize                   = 5830732                                {pd product} {ergonomic}
    uintx NonProfiledCodeHeapSize                  = 122913754                              {pd product} {ergonomic}
    uintx ProfiledCodeHeapSize                     = 122913754                              {pd product} {ergonomic}
    uintx ReservedCodeCacheSize                    = 251658240                              {pd product} {ergonomic}
     bool SegmentedCodeCache                       = true                                      {product} {ergonomic}
     bool UseCompressedClassPointers               = true                                 {lp64_product} {ergonomic}
     bool UseCompressedOops                        = true                                 {lp64_product} {ergonomic}
     bool UseG1GC                                  = true                                      {product} {ergonomic}
     bool UseLargePagesIndividualAllocation        = false                                  {pd product} {ergonomic}

Logging:
Log output configuration:
 #0: stdout all=warning uptime,level,tags
 #1: stderr all=off uptime,level,tags

Environment Variables:
JAVA_HOME=C:\Program Files\AdoptOpenJDK\jdk-11.0.9.101-hotspot\
PATH=C:\Program Files\AdoptOpenJDK\jdk-11.0.9.101-hotspot\bin;C:\Program Files (x86)\Common Files\Oracle\Java\javapath;C:\Program Files\Microsoft MPI\Bin\;C:\ProgramData\Oracle\Java\javapath;C:\Windows\system32;C:\Windows;C:\Windows\System32\Wbem;C:\Windows\System32\WindowsPowerShell\v1.0\;C:\Program Files\SourceGear\Common\DiffMerge\;C:\Program Files\dotnet\;C:\Program Files\Microsoft SQL Server\130\Tools\Binn\;C:\Program Files\PostgreSQL\10\bin;C:\Program Files\PostgreSQL\10\lib;C:\Program Files\Microsoft VS Code\bin;C:\Program Files\MongoDB\Server\4.0\bin;C:\Program Files\RStudio\bin;C:\Program Files\R\R-3.5.3\bin;C:\ProgramData\chocolatey\bin;C:\Program Files (x86)\vim\vim80;C:\apache-maven-3.6.3\bin;C:\Program Files\Java\jdk1.8.0_241\bin;C:\Program Files (x86)\Microsoft SQL Server\100\Tools\Binn\;C:\Program Files\Microsoft SQL Server\100\Tools\Binn\;C:\Program Files\Microsoft SQL Server\100\DTS\Binn\;C:\Program Files (x86)\Microsoft SQL Server\100\Tools\Binn\VSShell\Common7\IDE\;C:\Program Files (x86)\Microsoft SQL Server\100\DTS\Binn\;C:\Program Files (x86)\Microsoft Visual Studio 9.0\Common7\IDE\PrivateAssemblies\;C:\WINDOWS\system32;C:\WINDOWS;C:\WINDOWS\System32\Wbem;C:\WINDOWS\System32\WindowsPowerShell\v1.0\;C:\WINDOWS\System32\OpenSSH\;c:\Program Files (x86)\Microsoft SQL Server\110\Tools\Binn\;c:\Program Files\Microsoft SQL Server\110\Tools\Binn\;c:\Program Files\Microsoft SQL Server\110\DTS\Binn\;C:\Users\h013026\Anaconda3\Scripts;C:\Program Files\Microsoft SQL Server\Client SDK\ODBC\170\Tools\Binn\;C:\Users\h013026\.sdkman\bin;C:\flyway-8.0.0-beta3;C:\Program Files\Git\cmd;C:\Program Files\nodejs\;C:\Program Files\PuTTY\;%C:\Program Files (x86)\Common Files\Oracle\Java\javapath;C:\Program Files\Microsoft MPI\Bin\;C:\ProgramData\Oracle\Java\javapath;C:\Windows\system32;C:\Windows;C:\Windows\System32\Wbem;C:\Windows\System32\WindowsPowerShell\v1.0\;c:\Program Files (x86)\Microsoft SQL Server\90\Tools\binn\;C:\Program Files\SourceGear\Common\DiffMerge\;C:\P
USERNAME=h013026
OS=Windows_NT
PROCESSOR_IDENTIFIER=Intel64 Family 6 Model 94 Stepping 3, GenuineIntel



---------------  S Y S T E M  ---------------

OS: Windows 10 , 64 bit Build 19041 (10.0.19041.662)
OS uptime: 0 days 4:15 hours
HyperV virtualization detected

CPU:total 4 (initial active 4) (4 cores per cpu, 1 threads per core) family 6 model 94 stepping 3, cmov, cx8, fxsr, mmx, sse, sse2, sse3, ssse3, sse4.1, sse4.2, popcnt, avx, avx2, aes, clmul, erms, rtm, 3dnowpref, lzcnt, tsc, tscinvbit, bmi1, bmi2, adx, fma

Memory: 4k page, system-wide physical 8071M (1396M free)
TotalPageFile size 9975M (AvailPageFile size 3M)
current process WorkingSet (physical memory assigned to process): 120M, peak: 120M
current process commit charge ("private bytes"): 217M, peak: 217M

vm_info: OpenJDK 64-Bit Server VM (11.0.9.1+1) for windows-amd64 JRE (11.0.9.1+1), built on Nov 10 2020 15:18:49 by "" with MS VC++ 15.9 (VS2017)

END.
